[1.110s] Invoking command in '/home/neslisah/Documents/2023-2024Spring/ME462/MiniROS/dew_ws/build/aruco_tracker': PYTHONPATH=/home/neslisah/Documents/2023-2024Spring/ME462/MiniROS/dew_ws/build/aruco_tracker/prefix_override:/home/neslisah/Documents/2023-2024Spring/ME462/MiniROS/dew_ws/install/aruco_tracker/lib/python3.10/site-packages:${PYTHONPATH} /usr/bin/python3 -W ignore:setup.py install is deprecated setup.py develop --editable --build-directory /home/neslisah/Documents/2023-2024Spring/ME462/MiniROS/dew_ws/build/aruco_tracker/build --no-deps symlink_data
[1.377s] running develop
[1.569s] running egg_info
[1.569s] creating aruco_tracker.egg-info
[1.569s] writing aruco_tracker.egg-info/PKG-INFO
[1.569s] writing dependency_links to aruco_tracker.egg-info/dependency_links.txt
[1.570s] writing entry points to aruco_tracker.egg-info/entry_points.txt
[1.570s] writing requirements to aruco_tracker.egg-info/requires.txt
[1.570s] writing top-level names to aruco_tracker.egg-info/top_level.txt
[1.570s] writing manifest file 'aruco_tracker.egg-info/SOURCES.txt'
[1.571s] reading manifest file 'aruco_tracker.egg-info/SOURCES.txt'
[1.572s] writing manifest file 'aruco_tracker.egg-info/SOURCES.txt'
[1.573s] running build_ext
[1.573s] Creating /home/neslisah/Documents/2023-2024Spring/ME462/MiniROS/dew_ws/install/aruco_tracker/lib/python3.10/site-packages/aruco-tracker.egg-link (link to .)
[1.574s] Installing detect_aruco script to /home/neslisah/Documents/2023-2024Spring/ME462/MiniROS/dew_ws/install/aruco_tracker/lib/aruco_tracker
[1.574s] Installing follow_aruco script to /home/neslisah/Documents/2023-2024Spring/ME462/MiniROS/dew_ws/install/aruco_tracker/lib/aruco_tracker
[1.574s] Installing get_image script to /home/neslisah/Documents/2023-2024Spring/ME462/MiniROS/dew_ws/install/aruco_tracker/lib/aruco_tracker
[1.574s] Installing image_listener script to /home/neslisah/Documents/2023-2024Spring/ME462/MiniROS/dew_ws/install/aruco_tracker/lib/aruco_tracker
[1.574s] 
[1.574s] Installed /home/neslisah/Documents/2023-2024Spring/ME462/MiniROS/dew_ws/build/aruco_tracker
[1.574s] running symlink_data
[1.574s] creating /home/neslisah/Documents/2023-2024Spring/ME462/MiniROS/dew_ws/install/aruco_tracker/share/ament_index
[1.574s] creating /home/neslisah/Documents/2023-2024Spring/ME462/MiniROS/dew_ws/install/aruco_tracker/share/ament_index/resource_index
[1.574s] creating /home/neslisah/Documents/2023-2024Spring/ME462/MiniROS/dew_ws/install/aruco_tracker/share/ament_index/resource_index/packages
[1.575s] symbolically linking /home/neslisah/Documents/2023-2024Spring/ME462/MiniROS/dew_ws/build/aruco_tracker/resource/aruco_tracker -> /home/neslisah/Documents/2023-2024Spring/ME462/MiniROS/dew_ws/install/aruco_tracker/share/ament_index/resource_index/packages
[1.575s] symbolically linking /home/neslisah/Documents/2023-2024Spring/ME462/MiniROS/dew_ws/build/aruco_tracker/package.xml -> /home/neslisah/Documents/2023-2024Spring/ME462/MiniROS/dew_ws/install/aruco_tracker/share/aruco_tracker
[1.575s] creating /home/neslisah/Documents/2023-2024Spring/ME462/MiniROS/dew_ws/install/aruco_tracker/share/aruco_tracker/launch
[1.575s] symbolically linking /home/neslisah/Documents/2023-2024Spring/ME462/MiniROS/dew_ws/build/aruco_tracker/launch/aruco_tracker.launch.py -> /home/neslisah/Documents/2023-2024Spring/ME462/MiniROS/dew_ws/install/aruco_tracker/share/aruco_tracker/launch
[1.575s] creating /home/neslisah/Documents/2023-2024Spring/ME462/MiniROS/dew_ws/install/aruco_tracker/share/aruco_tracker/config
[1.625s] Invoked command in '/home/neslisah/Documents/2023-2024Spring/ME462/MiniROS/dew_ws/build/aruco_tracker' returned '0': PYTHONPATH=/home/neslisah/Documents/2023-2024Spring/ME462/MiniROS/dew_ws/build/aruco_tracker/prefix_override:/home/neslisah/Documents/2023-2024Spring/ME462/MiniROS/dew_ws/install/aruco_tracker/lib/python3.10/site-packages:${PYTHONPATH} /usr/bin/python3 -W ignore:setup.py install is deprecated setup.py develop --editable --build-directory /home/neslisah/Documents/2023-2024Spring/ME462/MiniROS/dew_ws/build/aruco_tracker/build --no-deps symlink_data
