[3.465s] Invoking command in '/home/mini/MiniROS/dew_ws/build/mini_robot': CMAKE_PREFIX_PATH=${CMAKE_PREFIX_PATH}:/home/mini/MiniROS/dew_ws/install/mini_control:/home/mini/MiniROS/dew_ws/install/ball_tracker:/opt/ros/humble /usr/bin/cmake --build /home/mini/MiniROS/dew_ws/build/mini_robot -- -j4 -l4
[4.073s] Invoked command in '/home/mini/MiniROS/dew_ws/build/mini_robot' returned '0': CMAKE_PREFIX_PATH=${CMAKE_PREFIX_PATH}:/home/mini/MiniROS/dew_ws/install/mini_control:/home/mini/MiniROS/dew_ws/install/ball_tracker:/opt/ros/humble /usr/bin/cmake --build /home/mini/MiniROS/dew_ws/build/mini_robot -- -j4 -l4
[4.296s] Invoking command in '/home/mini/MiniROS/dew_ws/build/mini_robot': CMAKE_PREFIX_PATH=${CMAKE_PREFIX_PATH}:/home/mini/MiniROS/dew_ws/install/mini_control:/home/mini/MiniROS/dew_ws/install/ball_tracker:/opt/ros/humble /usr/bin/cmake --install /home/mini/MiniROS/dew_ws/build/mini_robot
[4.335s] -- Install configuration: ""
[4.341s] -- Execute custom install script
[4.350s] -- Up-to-date symlink: /home/mini/MiniROS/dew_ws/install/mini_robot/share/mini_robot/config/ball_tracker_params_robot.yaml
[4.356s] -- Up-to-date symlink: /home/mini/MiniROS/dew_ws/install/mini_robot/share/mini_robot/config/ball_tracker_params_sim.yaml
[4.362s] -- Up-to-date symlink: /home/mini/MiniROS/dew_ws/install/mini_robot/share/mini_robot/config/drive_bot.rviz
[4.367s] -- Up-to-date symlink: /home/mini/MiniROS/dew_ws/install/mini_robot/share/mini_robot/config/empty.yaml
[4.379s] -- Up-to-date symlink: /home/mini/MiniROS/dew_ws/install/mini_robot/share/mini_robot/config/gaz_ros2_ctl_use_sim.yaml
[4.383s] -- Up-to-date symlink: /home/mini/MiniROS/dew_ws/install/mini_robot/share/mini_robot/config/gazebo_params.yaml
[4.389s] -- Up-to-date symlink: /home/mini/MiniROS/dew_ws/install/mini_robot/share/mini_robot/config/joystick.yaml
[4.394s] -- Up-to-date symlink: /home/mini/MiniROS/dew_ws/install/mini_robot/share/mini_robot/config/main.rviz
[4.400s] -- Up-to-date symlink: /home/mini/MiniROS/dew_ws/install/mini_robot/share/mini_robot/config/map.rviz
[4.404s] -- Up-to-date symlink: /home/mini/MiniROS/dew_ws/install/mini_robot/share/mini_robot/config/mapper_params_online_async.yaml
[4.410s] -- Up-to-date symlink: /home/mini/MiniROS/dew_ws/install/mini_robot/share/mini_robot/config/my_controllers.yaml
[4.414s] -- Up-to-date symlink: /home/mini/MiniROS/dew_ws/install/mini_robot/share/mini_robot/config/nav2_params.yaml
[4.418s] -- Up-to-date symlink: /home/mini/MiniROS/dew_ws/install/mini_robot/share/mini_robot/config/twist_mux.yaml
[4.421s] -- Up-to-date symlink: /home/mini/MiniROS/dew_ws/install/mini_robot/share/mini_robot/config/view_bot.rviz
[4.428s] -- Up-to-date symlink: /home/mini/MiniROS/dew_ws/install/mini_robot/share/mini_robot/description/camera.xacro
[4.432s] -- Up-to-date symlink: /home/mini/MiniROS/dew_ws/install/mini_robot/share/mini_robot/description/gazebo_control.xacro
[4.436s] -- Up-to-date symlink: /home/mini/MiniROS/dew_ws/install/mini_robot/share/mini_robot/description/inertial_macros.xacro
[4.440s] -- Up-to-date symlink: /home/mini/MiniROS/dew_ws/install/mini_robot/share/mini_robot/description/lidar.xacro
[4.445s] -- Up-to-date symlink: /home/mini/MiniROS/dew_ws/install/mini_robot/share/mini_robot/description/robot.urdf.xacro
[4.448s] -- Up-to-date symlink: /home/mini/MiniROS/dew_ws/install/mini_robot/share/mini_robot/description/robot_core.xacro
[4.450s] -- Up-to-date symlink: /home/mini/MiniROS/dew_ws/install/mini_robot/share/mini_robot/description/ros2_control.xacro
[4.453s] -- Up-to-date symlink: /home/mini/MiniROS/dew_ws/install/mini_robot/share/mini_robot/launch/ball_tracker.launch.py
[4.457s] -- Up-to-date symlink: /home/mini/MiniROS/dew_ws/install/mini_robot/share/mini_robot/launch/camera.launch.py
[4.460s] -- Up-to-date symlink: /home/mini/MiniROS/dew_ws/install/mini_robot/share/mini_robot/launch/joystick.launch.py
[4.464s] -- Up-to-date symlink: /home/mini/MiniROS/dew_ws/install/mini_robot/share/mini_robot/launch/launch_robot.launch.py
[4.467s] -- Up-to-date symlink: /home/mini/MiniROS/dew_ws/install/mini_robot/share/mini_robot/launch/launch_sim.launch.py
[4.470s] -- Up-to-date symlink: /home/mini/MiniROS/dew_ws/install/mini_robot/share/mini_robot/launch/localization_launch.py
[4.473s] -- Up-to-date symlink: /home/mini/MiniROS/dew_ws/install/mini_robot/share/mini_robot/launch/navigation_launch.py
[4.478s] -- Up-to-date symlink: /home/mini/MiniROS/dew_ws/install/mini_robot/share/mini_robot/launch/online_async_launch.py
[4.497s] -- Up-to-date symlink: /home/mini/MiniROS/dew_ws/install/mini_robot/share/mini_robot/launch/rplidar.launch.py
[4.497s] -- Up-to-date symlink: /home/mini/MiniROS/dew_ws/install/mini_robot/share/mini_robot/launch/rsp.launch.py
[4.498s] -- Up-to-date symlink: /home/mini/MiniROS/dew_ws/install/mini_robot/share/mini_robot/worlds/empty.world
[4.499s] -- Up-to-date symlink: /home/mini/MiniROS/dew_ws/install/mini_robot/share/mini_robot/worlds/obstacles.world
[4.499s] -- Up-to-date symlink: /home/mini/MiniROS/dew_ws/install/mini_robot/share/ament_index/resource_index/package_run_dependencies/mini_robot
[4.500s] -- Up-to-date symlink: /home/mini/MiniROS/dew_ws/install/mini_robot/share/ament_index/resource_index/parent_prefix_path/mini_robot
[4.501s] -- Up-to-date symlink: /home/mini/MiniROS/dew_ws/install/mini_robot/share/mini_robot/environment/ament_prefix_path.sh
[4.501s] -- Up-to-date symlink: /home/mini/MiniROS/dew_ws/install/mini_robot/share/mini_robot/environment/ament_prefix_path.dsv
[4.502s] -- Up-to-date symlink: /home/mini/MiniROS/dew_ws/install/mini_robot/share/mini_robot/environment/path.sh
[4.503s] -- Up-to-date symlink: /home/mini/MiniROS/dew_ws/install/mini_robot/share/mini_robot/environment/path.dsv
[4.503s] -- Up-to-date symlink: /home/mini/MiniROS/dew_ws/install/mini_robot/share/mini_robot/local_setup.bash
[4.504s] -- Up-to-date symlink: /home/mini/MiniROS/dew_ws/install/mini_robot/share/mini_robot/local_setup.sh
[4.504s] -- Up-to-date symlink: /home/mini/MiniROS/dew_ws/install/mini_robot/share/mini_robot/local_setup.zsh
[4.505s] -- Up-to-date symlink: /home/mini/MiniROS/dew_ws/install/mini_robot/share/mini_robot/local_setup.dsv
[4.505s] -- Symlinking: /home/mini/MiniROS/dew_ws/install/mini_robot/share/mini_robot/package.dsv
[4.529s] -- Up-to-date symlink: /home/mini/MiniROS/dew_ws/install/mini_robot/share/ament_index/resource_index/packages/mini_robot
[4.532s] -- Up-to-date symlink: /home/mini/MiniROS/dew_ws/install/mini_robot/share/mini_robot/cmake/mini_robotConfig.cmake
[4.534s] -- Up-to-date symlink: /home/mini/MiniROS/dew_ws/install/mini_robot/share/mini_robot/cmake/mini_robotConfig-version.cmake
[4.535s] -- Up-to-date symlink: /home/mini/MiniROS/dew_ws/install/mini_robot/share/mini_robot/package.xml
[4.545s] Invoked command in '/home/mini/MiniROS/dew_ws/build/mini_robot' returned '0': CMAKE_PREFIX_PATH=${CMAKE_PREFIX_PATH}:/home/mini/MiniROS/dew_ws/install/mini_control:/home/mini/MiniROS/dew_ws/install/ball_tracker:/opt/ros/humble /usr/bin/cmake --install /home/mini/MiniROS/dew_ws/build/mini_robot
