/usr/lib/python3/dist-packages/setuptools/dist.py:723: UserWarning: Usage of dash-separated 'script-dir' will not be supported in future versions. Please use the underscore name 'script_dir' instead
  warnings.warn(
running develop
/usr/lib/python3/dist-packages/setuptools/command/easy_install.py:158: EasyInstallDeprecationWarning: easy_install command is deprecated. Use build and pip and other standards-based tools.
  warnings.warn(
running egg_info
creating ball_tracker.egg-info
writing ball_tracker.egg-info/PKG-INFO
writing dependency_links to ball_tracker.egg-info/dependency_links.txt
writing entry points to ball_tracker.egg-info/entry_points.txt
writing requirements to ball_tracker.egg-info/requires.txt
writing top-level names to ball_tracker.egg-info/top_level.txt
writing manifest file 'ball_tracker.egg-info/SOURCES.txt'
reading manifest file 'ball_tracker.egg-info/SOURCES.txt'
writing manifest file 'ball_tracker.egg-info/SOURCES.txt'
running build_ext
Creating /home/mini/MiniROS/dew_ws/install/ball_tracker/lib/python3.10/site-packages/ball-tracker.egg-link (link to .)
Installing detect_ball script to /home/mini/MiniROS/dew_ws/install/ball_tracker/lib/ball_tracker
Installing detect_ball_3d script to /home/mini/MiniROS/dew_ws/install/ball_tracker/lib/ball_tracker
Installing follow_ball script to /home/mini/MiniROS/dew_ws/install/ball_tracker/lib/ball_tracker

Installed /home/mini/MiniROS/dew_ws/build/ball_tracker
running symlink_data
creating /home/mini/MiniROS/dew_ws/install/ball_tracker/share/ament_index
creating /home/mini/MiniROS/dew_ws/install/ball_tracker/share/ament_index/resource_index
creating /home/mini/MiniROS/dew_ws/install/ball_tracker/share/ament_index/resource_index/packages
symbolically linking /home/mini/MiniROS/dew_ws/build/ball_tracker/resource/ball_tracker -> /home/mini/MiniROS/dew_ws/install/ball_tracker/share/ament_index/resource_index/packages
symbolically linking /home/mini/MiniROS/dew_ws/build/ball_tracker/package.xml -> /home/mini/MiniROS/dew_ws/install/ball_tracker/share/ball_tracker
creating /home/mini/MiniROS/dew_ws/install/ball_tracker/share/ball_tracker/launch
symbolically linking /home/mini/MiniROS/dew_ws/build/ball_tracker/launch/ball_tracker.launch.py -> /home/mini/MiniROS/dew_ws/install/ball_tracker/share/ball_tracker/launch
symbolically linking /home/mini/MiniROS/dew_ws/build/ball_tracker/launch/example_launch_include.launch.py -> /home/mini/MiniROS/dew_ws/install/ball_tracker/share/ball_tracker/launch
creating /home/mini/MiniROS/dew_ws/install/ball_tracker/share/ball_tracker/config
symbolically linking /home/mini/MiniROS/dew_ws/build/ball_tracker/config/ball_tracker_params_example.yaml -> /home/mini/MiniROS/dew_ws/install/ball_tracker/share/ball_tracker/config
