[8.315s] Invoking command in '/home/mini/MiniROS/dew_ws/build/ball_tracker': PYTHONPATH=/home/mini/MiniROS/dew_ws/build/ball_tracker/prefix_override:/usr/lib/python3/dist-packages/colcon_core/task/python/colcon_distutils_commands:/home/mini/MiniROS/dew_ws/install/ball_tracker/lib/python3.10/site-packages:${PYTHONPATH} /usr/bin/python3 -W ignore:setup.py install is deprecated setup.py develop --editable --build-directory /home/mini/MiniROS/dew_ws/build/ball_tracker/build --no-deps symlink_data
[10.453s] /usr/lib/python3/dist-packages/setuptools/dist.py:723: UserWarning: Usage of dash-separated 'script-dir' will not be supported in future versions. Please use the underscore name 'script_dir' instead
[10.453s]   warnings.warn(
[10.660s] running develop
[10.668s] /usr/lib/python3/dist-packages/setuptools/command/easy_install.py:158: EasyInstallDeprecationWarning: easy_install command is deprecated. Use build and pip and other standards-based tools.
[10.669s]   warnings.warn(
[12.182s] running egg_info
[12.182s] creating ball_tracker.egg-info
[12.184s] writing ball_tracker.egg-info/PKG-INFO
[12.186s] writing dependency_links to ball_tracker.egg-info/dependency_links.txt
[12.187s] writing entry points to ball_tracker.egg-info/entry_points.txt
[12.189s] writing requirements to ball_tracker.egg-info/requires.txt
[12.189s] writing top-level names to ball_tracker.egg-info/top_level.txt
[12.192s] writing manifest file 'ball_tracker.egg-info/SOURCES.txt'
[12.202s] reading manifest file 'ball_tracker.egg-info/SOURCES.txt'
[12.207s] writing manifest file 'ball_tracker.egg-info/SOURCES.txt'
[12.218s] running build_ext
[12.221s] Creating /home/mini/MiniROS/dew_ws/install/ball_tracker/lib/python3.10/site-packages/ball-tracker.egg-link (link to .)
[12.226s] Installing detect_ball script to /home/mini/MiniROS/dew_ws/install/ball_tracker/lib/ball_tracker
[12.228s] Installing detect_ball_3d script to /home/mini/MiniROS/dew_ws/install/ball_tracker/lib/ball_tracker
[12.229s] Installing follow_ball script to /home/mini/MiniROS/dew_ws/install/ball_tracker/lib/ball_tracker
[12.231s] 
[12.231s] Installed /home/mini/MiniROS/dew_ws/build/ball_tracker
[12.232s] running symlink_data
[12.233s] creating /home/mini/MiniROS/dew_ws/install/ball_tracker/share/ament_index
[12.234s] creating /home/mini/MiniROS/dew_ws/install/ball_tracker/share/ament_index/resource_index
[12.234s] creating /home/mini/MiniROS/dew_ws/install/ball_tracker/share/ament_index/resource_index/packages
[12.235s] symbolically linking /home/mini/MiniROS/dew_ws/build/ball_tracker/resource/ball_tracker -> /home/mini/MiniROS/dew_ws/install/ball_tracker/share/ament_index/resource_index/packages
[12.239s] symbolically linking /home/mini/MiniROS/dew_ws/build/ball_tracker/package.xml -> /home/mini/MiniROS/dew_ws/install/ball_tracker/share/ball_tracker
[12.240s] creating /home/mini/MiniROS/dew_ws/install/ball_tracker/share/ball_tracker/launch
[12.240s] symbolically linking /home/mini/MiniROS/dew_ws/build/ball_tracker/launch/ball_tracker.launch.py -> /home/mini/MiniROS/dew_ws/install/ball_tracker/share/ball_tracker/launch
[12.247s] symbolically linking /home/mini/MiniROS/dew_ws/build/ball_tracker/launch/example_launch_include.launch.py -> /home/mini/MiniROS/dew_ws/install/ball_tracker/share/ball_tracker/launch
[12.248s] creating /home/mini/MiniROS/dew_ws/install/ball_tracker/share/ball_tracker/config
[12.250s] symbolically linking /home/mini/MiniROS/dew_ws/build/ball_tracker/config/ball_tracker_params_example.yaml -> /home/mini/MiniROS/dew_ws/install/ball_tracker/share/ball_tracker/config
[12.634s] Invoked command in '/home/mini/MiniROS/dew_ws/build/ball_tracker' returned '0': PYTHONPATH=/home/mini/MiniROS/dew_ws/build/ball_tracker/prefix_override:/usr/lib/python3/dist-packages/colcon_core/task/python/colcon_distutils_commands:/home/mini/MiniROS/dew_ws/install/ball_tracker/lib/python3.10/site-packages:${PYTHONPATH} /usr/bin/python3 -W ignore:setup.py install is deprecated setup.py develop --editable --build-directory /home/mini/MiniROS/dew_ws/build/ball_tracker/build --no-deps symlink_data
