[8.807s] Invoking command in '/home/mini/MiniROS/dew_ws/build/aruco_tracker': PYTHONPATH=/home/mini/MiniROS/dew_ws/build/aruco_tracker/prefix_override:/usr/lib/python3/dist-packages/colcon_core/task/python/colcon_distutils_commands:/home/mini/MiniROS/dew_ws/install/aruco_tracker/lib/python3.10/site-packages:${PYTHONPATH} /usr/bin/python3 -W ignore:setup.py install is deprecated setup.py develop --editable --build-directory /home/mini/MiniROS/dew_ws/build/aruco_tracker/build --no-deps symlink_data
[10.873s] running develop
[10.877s] /usr/lib/python3/dist-packages/setuptools/command/easy_install.py:158: EasyInstallDeprecationWarning: easy_install command is deprecated. Use build and pip and other standards-based tools.
[10.881s]   warnings.warn(
[12.646s] running egg_info
[12.646s] writing aruco_tracker.egg-info/PKG-INFO
[12.653s] writing dependency_links to aruco_tracker.egg-info/dependency_links.txt
[12.654s] writing entry points to aruco_tracker.egg-info/entry_points.txt
[12.655s] writing requirements to aruco_tracker.egg-info/requires.txt
[12.658s] writing top-level names to aruco_tracker.egg-info/top_level.txt
[12.664s] reading manifest file 'aruco_tracker.egg-info/SOURCES.txt'
[12.671s] writing manifest file 'aruco_tracker.egg-info/SOURCES.txt'
[12.679s] running build_ext
[12.682s] Creating /home/mini/MiniROS/dew_ws/install/aruco_tracker/lib/python3.10/site-packages/aruco-tracker.egg-link (link to .)
[12.688s] Installing detect_aruco script to /home/mini/MiniROS/dew_ws/install/aruco_tracker/lib/aruco_tracker
[12.693s] Installing follow_aruco script to /home/mini/MiniROS/dew_ws/install/aruco_tracker/lib/aruco_tracker
[12.694s] Installing get_image script to /home/mini/MiniROS/dew_ws/install/aruco_tracker/lib/aruco_tracker
[12.699s] Installing image_listener script to /home/mini/MiniROS/dew_ws/install/aruco_tracker/lib/aruco_tracker
[12.701s] 
[12.703s] Installed /home/mini/MiniROS/dew_ws/build/aruco_tracker
[12.705s] running symlink_data
[12.884s] Invoked command in '/home/mini/MiniROS/dew_ws/build/aruco_tracker' returned '0': PYTHONPATH=/home/mini/MiniROS/dew_ws/build/aruco_tracker/prefix_override:/usr/lib/python3/dist-packages/colcon_core/task/python/colcon_distutils_commands:/home/mini/MiniROS/dew_ws/install/aruco_tracker/lib/python3.10/site-packages:${PYTHONPATH} /usr/bin/python3 -W ignore:setup.py install is deprecated setup.py develop --editable --build-directory /home/mini/MiniROS/dew_ws/build/aruco_tracker/build --no-deps symlink_data
