[8.876s] Invoking command in '/home/mini/MiniROS/dew_ws/build/aruco_tracker': PYTHONPATH=/home/mini/MiniROS/dew_ws/build/aruco_tracker/prefix_override:/usr/lib/python3/dist-packages/colcon_core/task/python/colcon_distutils_commands:/home/mini/MiniROS/dew_ws/install/aruco_tracker/lib/python3.10/site-packages:${PYTHONPATH} /usr/bin/python3 -W ignore:setup.py install is deprecated setup.py develop --editable --build-directory /home/mini/MiniROS/dew_ws/build/aruco_tracker/build --no-deps symlink_data
[10.958s] running develop
[10.959s] /usr/lib/python3/dist-packages/setuptools/command/easy_install.py:158: EasyInstallDeprecationWarning: easy_install command is deprecated. Use build and pip and other standards-based tools.
[10.960s]   warnings.warn(
[13.596s] running egg_info
[13.600s] writing aruco_tracker.egg-info/PKG-INFO
[13.601s] writing dependency_links to aruco_tracker.egg-info/dependency_links.txt
[13.602s] writing entry points to aruco_tracker.egg-info/entry_points.txt
[13.603s] writing requirements to aruco_tracker.egg-info/requires.txt
[13.604s] writing top-level names to aruco_tracker.egg-info/top_level.txt
[13.614s] reading manifest file 'aruco_tracker.egg-info/SOURCES.txt'
[13.621s] writing manifest file 'aruco_tracker.egg-info/SOURCES.txt'
[13.632s] running build_ext
[13.633s] Creating /home/mini/MiniROS/dew_ws/install/aruco_tracker/lib/python3.10/site-packages/aruco-tracker.egg-link (link to .)
[13.646s] Installing detect_aruco script to /home/mini/MiniROS/dew_ws/install/aruco_tracker/lib/aruco_tracker
[13.647s] Installing follow_aruco script to /home/mini/MiniROS/dew_ws/install/aruco_tracker/lib/aruco_tracker
[13.648s] Installing get_image script to /home/mini/MiniROS/dew_ws/install/aruco_tracker/lib/aruco_tracker
[13.649s] Installing image_listener script to /home/mini/MiniROS/dew_ws/install/aruco_tracker/lib/aruco_tracker
[13.703s] 
[13.704s] Installed /home/mini/MiniROS/dew_ws/build/aruco_tracker
[13.706s] running symlink_data
[13.943s] Invoked command in '/home/mini/MiniROS/dew_ws/build/aruco_tracker' returned '0': PYTHONPATH=/home/mini/MiniROS/dew_ws/build/aruco_tracker/prefix_override:/usr/lib/python3/dist-packages/colcon_core/task/python/colcon_distutils_commands:/home/mini/MiniROS/dew_ws/install/aruco_tracker/lib/python3.10/site-packages:${PYTHONPATH} /usr/bin/python3 -W ignore:setup.py install is deprecated setup.py develop --editable --build-directory /home/mini/MiniROS/dew_ws/build/aruco_tracker/build --no-deps symlink_data
