[3.745s] Invoking command in '/home/mini/MiniROS/dew_ws/build/mini_robot': CMAKE_PREFIX_PATH=/opt/ros/humble /usr/bin/cmake /home/mini/MiniROS/dew_ws/src/mini_robot -DAMENT_CMAKE_SYMLINK_INSTALL=1 -DCMAKE_INSTALL_PREFIX=/home/mini/MiniROS/dew_ws/install/mini_robot
[5.076s] -- The C compiler identification is GNU 11.4.0
[6.118s] -- The CXX compiler identification is GNU 11.4.0
[6.206s] -- Detecting C compiler ABI info
[6.804s] -- Detecting C compiler ABI info - done
[6.838s] -- Check for working C compiler: /usr/bin/cc - skipped
[6.841s] -- Detecting C compile features
[6.848s] -- Detecting C compile features - done
[6.873s] -- Detecting CXX compiler ABI info
[7.467s] -- Detecting CXX compiler ABI info - done
[7.504s] -- Check for working CXX compiler: /usr/bin/c++ - skipped
[7.505s] -- Detecting CXX compile features
[7.508s] -- Detecting CXX compile features - done
[7.658s] -- Found ament_cmake: 1.3.9 (/opt/ros/humble/share/ament_cmake/cmake)
[9.151s] -- Found Python3: /usr/bin/python3 (found version "3.10.12") found components: Interpreter 
[9.953s] -- Override CMake install command with custom implementation using symlinks instead of copying resources
[10.530s] -- Found ament_lint_auto: 0.12.11 (/opt/ros/humble/share/ament_lint_auto/cmake)
[11.437s] -- Added test 'copyright' to check source files copyright and LICENSE
[11.567s] -- Added test 'cppcheck' to perform static code analysis on C / C++ code
[11.569s] -- Configured cppcheck include dirs: 
[11.569s] -- Configured cppcheck exclude dirs and/or files: 
[11.700s] -- Added test 'cpplint' to check C / C++ code against the Google style
[11.701s] -- Configured cpplint exclude dirs and/or files: 
[11.717s] -- Added test 'flake8' to check Python code syntax and style conventions
[11.750s] -- Added test 'lint_cmake' to check CMake code style
[11.769s] -- Added test 'pep257' to check Python code against some of the docstring style conventions in PEP 257
[11.913s] -- Added test 'uncrustify' to check C / C++ code style
[11.916s] -- Configured uncrustify additional arguments: 
[11.935s] -- Added test 'xmllint' to check XML markup files
[11.964s] -- Configuring done
[12.005s] -- Generating done
[12.017s] -- Build files have been written to: /home/mini/MiniROS/dew_ws/build/mini_robot
[12.054s] Invoked command in '/home/mini/MiniROS/dew_ws/build/mini_robot' returned '0': CMAKE_PREFIX_PATH=/opt/ros/humble /usr/bin/cmake /home/mini/MiniROS/dew_ws/src/mini_robot -DAMENT_CMAKE_SYMLINK_INSTALL=1 -DCMAKE_INSTALL_PREFIX=/home/mini/MiniROS/dew_ws/install/mini_robot
[12.057s] Invoking command in '/home/mini/MiniROS/dew_ws/build/mini_robot': CMAKE_PREFIX_PATH=/opt/ros/humble /usr/bin/cmake --build /home/mini/MiniROS/dew_ws/build/mini_robot -- -j4 -l4
[12.348s] Invoked command in '/home/mini/MiniROS/dew_ws/build/mini_robot' returned '0': CMAKE_PREFIX_PATH=/opt/ros/humble /usr/bin/cmake --build /home/mini/MiniROS/dew_ws/build/mini_robot -- -j4 -l4
[12.776s] Invoking command in '/home/mini/MiniROS/dew_ws/build/mini_robot': CMAKE_PREFIX_PATH=/opt/ros/humble /usr/bin/cmake --install /home/mini/MiniROS/dew_ws/build/mini_robot
[12.861s] -- Install configuration: ""
[12.866s] -- Execute custom install script
[12.872s] -- Symlinking: /home/mini/MiniROS/dew_ws/install/mini_robot/share/mini_robot/config/ball_tracker_params_robot.yaml
[12.944s] -- Symlinking: /home/mini/MiniROS/dew_ws/install/mini_robot/share/mini_robot/config/ball_tracker_params_sim.yaml
[13.004s] -- Symlinking: /home/mini/MiniROS/dew_ws/install/mini_robot/share/mini_robot/config/drive_bot.rviz
[13.058s] -- Symlinking: /home/mini/MiniROS/dew_ws/install/mini_robot/share/mini_robot/config/empty.yaml
[13.103s] -- Symlinking: /home/mini/MiniROS/dew_ws/install/mini_robot/share/mini_robot/config/gaz_ros2_ctl_use_sim.yaml
[13.149s] -- Symlinking: /home/mini/MiniROS/dew_ws/install/mini_robot/share/mini_robot/config/gazebo_params.yaml
[13.191s] -- Symlinking: /home/mini/MiniROS/dew_ws/install/mini_robot/share/mini_robot/config/joystick.yaml
[13.238s] -- Symlinking: /home/mini/MiniROS/dew_ws/install/mini_robot/share/mini_robot/config/main.rviz
[13.282s] -- Symlinking: /home/mini/MiniROS/dew_ws/install/mini_robot/share/mini_robot/config/map.rviz
[13.327s] -- Symlinking: /home/mini/MiniROS/dew_ws/install/mini_robot/share/mini_robot/config/mapper_params_online_async.yaml
[13.370s] -- Symlinking: /home/mini/MiniROS/dew_ws/install/mini_robot/share/mini_robot/config/my_controllers.yaml
[13.413s] -- Symlinking: /home/mini/MiniROS/dew_ws/install/mini_robot/share/mini_robot/config/nav2_params.yaml
[13.454s] -- Symlinking: /home/mini/MiniROS/dew_ws/install/mini_robot/share/mini_robot/config/twist_mux.yaml
[13.497s] -- Symlinking: /home/mini/MiniROS/dew_ws/install/mini_robot/share/mini_robot/config/view_bot.rviz
[13.541s] -- Symlinking: /home/mini/MiniROS/dew_ws/install/mini_robot/share/mini_robot/description/camera.xacro
[13.584s] -- Symlinking: /home/mini/MiniROS/dew_ws/install/mini_robot/share/mini_robot/description/gazebo_control.xacro
[13.629s] -- Symlinking: /home/mini/MiniROS/dew_ws/install/mini_robot/share/mini_robot/description/inertial_macros.xacro
[13.671s] -- Symlinking: /home/mini/MiniROS/dew_ws/install/mini_robot/share/mini_robot/description/lidar.xacro
[13.713s] -- Symlinking: /home/mini/MiniROS/dew_ws/install/mini_robot/share/mini_robot/description/robot.urdf.xacro
[13.757s] -- Symlinking: /home/mini/MiniROS/dew_ws/install/mini_robot/share/mini_robot/description/robot_core.xacro
[13.800s] -- Symlinking: /home/mini/MiniROS/dew_ws/install/mini_robot/share/mini_robot/description/ros2_control.xacro
[13.846s] -- Symlinking: /home/mini/MiniROS/dew_ws/install/mini_robot/share/mini_robot/launch/ball_tracker.launch.py
[13.890s] -- Symlinking: /home/mini/MiniROS/dew_ws/install/mini_robot/share/mini_robot/launch/camera.launch.py
[13.934s] -- Symlinking: /home/mini/MiniROS/dew_ws/install/mini_robot/share/mini_robot/launch/joystick.launch.py
[13.978s] -- Symlinking: /home/mini/MiniROS/dew_ws/install/mini_robot/share/mini_robot/launch/launch_robot.launch.py
[14.020s] -- Symlinking: /home/mini/MiniROS/dew_ws/install/mini_robot/share/mini_robot/launch/launch_sim.launch.py
[14.064s] -- Symlinking: /home/mini/MiniROS/dew_ws/install/mini_robot/share/mini_robot/launch/localization_launch.py
[14.109s] -- Symlinking: /home/mini/MiniROS/dew_ws/install/mini_robot/share/mini_robot/launch/navigation_launch.py
[14.153s] -- Symlinking: /home/mini/MiniROS/dew_ws/install/mini_robot/share/mini_robot/launch/online_async_launch.py
[14.194s] -- Symlinking: /home/mini/MiniROS/dew_ws/install/mini_robot/share/mini_robot/launch/rplidar.launch.py
[14.236s] -- Symlinking: /home/mini/MiniROS/dew_ws/install/mini_robot/share/mini_robot/launch/rsp.launch.py
[14.281s] -- Symlinking: /home/mini/MiniROS/dew_ws/install/mini_robot/share/mini_robot/worlds/empty.world
[14.325s] -- Symlinking: /home/mini/MiniROS/dew_ws/install/mini_robot/share/mini_robot/worlds/obstacles.world
[14.369s] -- Symlinking: /home/mini/MiniROS/dew_ws/install/mini_robot/share/ament_index/resource_index/package_run_dependencies/mini_robot
[14.414s] -- Symlinking: /home/mini/MiniROS/dew_ws/install/mini_robot/share/ament_index/resource_index/parent_prefix_path/mini_robot
[14.459s] -- Symlinking: /home/mini/MiniROS/dew_ws/install/mini_robot/share/mini_robot/environment/ament_prefix_path.sh
[14.502s] -- Symlinking: /home/mini/MiniROS/dew_ws/install/mini_robot/share/mini_robot/environment/ament_prefix_path.dsv
[14.548s] -- Symlinking: /home/mini/MiniROS/dew_ws/install/mini_robot/share/mini_robot/environment/path.sh
[14.591s] -- Symlinking: /home/mini/MiniROS/dew_ws/install/mini_robot/share/mini_robot/environment/path.dsv
[14.635s] -- Symlinking: /home/mini/MiniROS/dew_ws/install/mini_robot/share/mini_robot/local_setup.bash
[14.680s] -- Symlinking: /home/mini/MiniROS/dew_ws/install/mini_robot/share/mini_robot/local_setup.sh
[14.721s] -- Symlinking: /home/mini/MiniROS/dew_ws/install/mini_robot/share/mini_robot/local_setup.zsh
[14.765s] -- Symlinking: /home/mini/MiniROS/dew_ws/install/mini_robot/share/mini_robot/local_setup.dsv
[14.808s] -- Symlinking: /home/mini/MiniROS/dew_ws/install/mini_robot/share/mini_robot/package.dsv
[14.852s] -- Symlinking: /home/mini/MiniROS/dew_ws/install/mini_robot/share/ament_index/resource_index/packages/mini_robot
[14.897s] -- Symlinking: /home/mini/MiniROS/dew_ws/install/mini_robot/share/mini_robot/cmake/mini_robotConfig.cmake
[14.939s] -- Symlinking: /home/mini/MiniROS/dew_ws/install/mini_robot/share/mini_robot/cmake/mini_robotConfig-version.cmake
[14.983s] -- Symlinking: /home/mini/MiniROS/dew_ws/install/mini_robot/share/mini_robot/package.xml
[15.036s] Invoked command in '/home/mini/MiniROS/dew_ws/build/mini_robot' returned '0': CMAKE_PREFIX_PATH=/opt/ros/humble /usr/bin/cmake --install /home/mini/MiniROS/dew_ws/build/mini_robot
