[6.644s] Invoking command in '/home/mini/MiniROS/dew_ws/build/ball_tracker': PYTHONPATH=/home/mini/MiniROS/dew_ws/build/ball_tracker/prefix_override:/usr/lib/python3/dist-packages/colcon_core/task/python/colcon_distutils_commands:/home/mini/MiniROS/dew_ws/install/ball_tracker/lib/python3.10/site-packages:${PYTHONPATH} /usr/bin/python3 -W ignore:setup.py install is deprecated setup.py develop --editable --build-directory /home/mini/MiniROS/dew_ws/build/ball_tracker/build --no-deps symlink_data
[8.205s] /usr/lib/python3/dist-packages/setuptools/dist.py:723: UserWarning: Usage of dash-separated 'script-dir' will not be supported in future versions. Please use the underscore name 'script_dir' instead
[8.205s]   warnings.warn(
[8.383s] running develop
[8.389s] /usr/lib/python3/dist-packages/setuptools/command/easy_install.py:158: EasyInstallDeprecationWarning: easy_install command is deprecated. Use build and pip and other standards-based tools.
[8.390s]   warnings.warn(
[9.633s] running egg_info
[9.635s] writing ball_tracker.egg-info/PKG-INFO
[9.650s] writing dependency_links to ball_tracker.egg-info/dependency_links.txt
[9.654s] writing entry points to ball_tracker.egg-info/entry_points.txt
[9.658s] writing requirements to ball_tracker.egg-info/requires.txt
[9.663s] writing top-level names to ball_tracker.egg-info/top_level.txt
[9.676s] reading manifest file 'ball_tracker.egg-info/SOURCES.txt'
[9.680s] writing manifest file 'ball_tracker.egg-info/SOURCES.txt'
[9.682s] running build_ext
[9.683s] Creating /home/mini/MiniROS/dew_ws/install/ball_tracker/lib/python3.10/site-packages/ball-tracker.egg-link (link to .)
[9.685s] Installing detect_aruco script to /home/mini/MiniROS/dew_ws/install/ball_tracker/lib/ball_tracker
[9.689s] Installing detect_ball script to /home/mini/MiniROS/dew_ws/install/ball_tracker/lib/ball_tracker
[9.736s] Installing detect_ball_3d script to /home/mini/MiniROS/dew_ws/install/ball_tracker/lib/ball_tracker
[9.739s] Installing follow_ball script to /home/mini/MiniROS/dew_ws/install/ball_tracker/lib/ball_tracker
[9.742s] Installing get_image script to /home/mini/MiniROS/dew_ws/install/ball_tracker/lib/ball_tracker
[9.746s] Installing image_listener script to /home/mini/MiniROS/dew_ws/install/ball_tracker/lib/ball_tracker
[9.753s] 
[9.761s] Installed /home/mini/MiniROS/dew_ws/build/ball_tracker
[9.769s] running symlink_data
[10.032s] Invoked command in '/home/mini/MiniROS/dew_ws/build/ball_tracker' returned '0': PYTHONPATH=/home/mini/MiniROS/dew_ws/build/ball_tracker/prefix_override:/usr/lib/python3/dist-packages/colcon_core/task/python/colcon_distutils_commands:/home/mini/MiniROS/dew_ws/install/ball_tracker/lib/python3.10/site-packages:${PYTHONPATH} /usr/bin/python3 -W ignore:setup.py install is deprecated setup.py develop --editable --build-directory /home/mini/MiniROS/dew_ws/build/ball_tracker/build --no-deps symlink_data
