[8.313s] Invoking command in '/home/mini/MiniROS/dew_ws/build/mini_control': PYTHONPATH=/home/mini/MiniROS/dew_ws/build/mini_control/prefix_override:/usr/lib/python3/dist-packages/colcon_core/task/python/colcon_distutils_commands:/home/mini/MiniROS/dew_ws/install/mini_control/lib/python3.10/site-packages:${PYTHONPATH} /usr/bin/python3 -W ignore:setup.py install is deprecated setup.py develop --editable --build-directory /home/mini/MiniROS/dew_ws/build/mini_control/build --no-deps symlink_data
[10.688s] running develop
[10.690s] /usr/lib/python3/dist-packages/setuptools/command/easy_install.py:158: EasyInstallDeprecationWarning: easy_install command is deprecated. Use build and pip and other standards-based tools.
[10.691s]   warnings.warn(
[12.385s] running egg_info
[12.387s] creating mini_control.egg-info
[12.389s] writing mini_control.egg-info/PKG-INFO
[12.402s] writing dependency_links to mini_control.egg-info/dependency_links.txt
[12.404s] writing entry points to mini_control.egg-info/entry_points.txt
[12.411s] writing requirements to mini_control.egg-info/requires.txt
[12.415s] writing top-level names to mini_control.egg-info/top_level.txt
[12.428s] writing manifest file 'mini_control.egg-info/SOURCES.txt'
[12.430s] reading manifest file 'mini_control.egg-info/SOURCES.txt'
[12.436s] writing manifest file 'mini_control.egg-info/SOURCES.txt'
[12.447s] running build_ext
[12.455s] Creating /home/mini/MiniROS/dew_ws/install/mini_control/lib/python3.10/site-packages/mini-control.egg-link (link to .)
[12.458s] Installing battery script to /home/mini/MiniROS/dew_ws/install/mini_control/lib/mini_control
[12.466s] Installing bumper script to /home/mini/MiniROS/dew_ws/install/mini_control/lib/mini_control
[12.478s] Installing camera_test script to /home/mini/MiniROS/dew_ws/install/mini_control/lib/mini_control
[12.481s] Installing emergency_button script to /home/mini/MiniROS/dew_ws/install/mini_control/lib/mini_control
[12.483s] Installing improved_teleop_key script to /home/mini/MiniROS/dew_ws/install/mini_control/lib/mini_control
[12.485s] Installing neopixel script to /home/mini/MiniROS/dew_ws/install/mini_control/lib/mini_control
[12.487s] Installing pipe_read script to /home/mini/MiniROS/dew_ws/install/mini_control/lib/mini_control
[12.494s] Installing pipe_write script to /home/mini/MiniROS/dew_ws/install/mini_control/lib/mini_control
[12.498s] Installing velocity_node script to /home/mini/MiniROS/dew_ws/install/mini_control/lib/mini_control
[12.501s] 
[12.503s] Installed /home/mini/MiniROS/dew_ws/build/mini_control
[12.506s] running symlink_data
[12.508s] creating /home/mini/MiniROS/dew_ws/install/mini_control/share/ament_index
[12.535s] creating /home/mini/MiniROS/dew_ws/install/mini_control/share/ament_index/resource_index
[12.538s] creating /home/mini/MiniROS/dew_ws/install/mini_control/share/ament_index/resource_index/packages
[12.541s] symbolically linking /home/mini/MiniROS/dew_ws/build/mini_control/resource/mini_control -> /home/mini/MiniROS/dew_ws/install/mini_control/share/ament_index/resource_index/packages
[12.545s] symbolically linking /home/mini/MiniROS/dew_ws/build/mini_control/package.xml -> /home/mini/MiniROS/dew_ws/install/mini_control/share/mini_control
[12.548s] creating /home/mini/MiniROS/dew_ws/install/mini_control/share/mini_control/launch
[12.551s] symbolically linking /home/mini/MiniROS/dew_ws/build/mini_control/launch/emergency_launch.py -> /home/mini/MiniROS/dew_ws/install/mini_control/share/mini_control/launch
[12.560s] symbolically linking /home/mini/MiniROS/dew_ws/build/mini_control/launch/battery.launch.py -> /home/mini/MiniROS/dew_ws/install/mini_control/share/mini_control/launch
[12.811s] Invoked command in '/home/mini/MiniROS/dew_ws/build/mini_control' returned '0': PYTHONPATH=/home/mini/MiniROS/dew_ws/build/mini_control/prefix_override:/usr/lib/python3/dist-packages/colcon_core/task/python/colcon_distutils_commands:/home/mini/MiniROS/dew_ws/install/mini_control/lib/python3.10/site-packages:${PYTHONPATH} /usr/bin/python3 -W ignore:setup.py install is deprecated setup.py develop --editable --build-directory /home/mini/MiniROS/dew_ws/build/mini_control/build --no-deps symlink_data
