[6.944s] Invoking command in '/home/mini/MiniROS/dew_ws/build/ball_tracker': PYTHONPATH=/home/mini/MiniROS/dew_ws/build/ball_tracker/prefix_override:/usr/lib/python3/dist-packages/colcon_core/task/python/colcon_distutils_commands:/home/mini/MiniROS/dew_ws/install/ball_tracker/lib/python3.10/site-packages:${PYTHONPATH} /usr/bin/python3 -W ignore:setup.py install is deprecated setup.py develop --editable --build-directory /home/mini/MiniROS/dew_ws/build/ball_tracker/build --no-deps symlink_data
[8.533s] /usr/lib/python3/dist-packages/setuptools/dist.py:723: UserWarning: Usage of dash-separated 'script-dir' will not be supported in future versions. Please use the underscore name 'script_dir' instead
[8.534s]   warnings.warn(
[8.700s] running develop
[8.707s] /usr/lib/python3/dist-packages/setuptools/command/easy_install.py:158: EasyInstallDeprecationWarning: easy_install command is deprecated. Use build and pip and other standards-based tools.
[8.708s]   warnings.warn(
[9.988s] running egg_info
[9.989s] writing ball_tracker.egg-info/PKG-INFO
[9.992s] writing dependency_links to ball_tracker.egg-info/dependency_links.txt
[9.993s] writing entry points to ball_tracker.egg-info/entry_points.txt
[9.993s] writing requirements to ball_tracker.egg-info/requires.txt
[9.994s] writing top-level names to ball_tracker.egg-info/top_level.txt
[10.003s] reading manifest file 'ball_tracker.egg-info/SOURCES.txt'
[10.010s] writing manifest file 'ball_tracker.egg-info/SOURCES.txt'
[10.021s] running build_ext
[10.027s] Creating /home/mini/MiniROS/dew_ws/install/ball_tracker/lib/python3.10/site-packages/ball-tracker.egg-link (link to .)
[10.032s] Installing detect_aruco script to /home/mini/MiniROS/dew_ws/install/ball_tracker/lib/ball_tracker
[10.033s] Installing detect_ball script to /home/mini/MiniROS/dew_ws/install/ball_tracker/lib/ball_tracker
[10.038s] Installing detect_ball_3d script to /home/mini/MiniROS/dew_ws/install/ball_tracker/lib/ball_tracker
[10.041s] Installing follow_aruco script to /home/mini/MiniROS/dew_ws/install/ball_tracker/lib/ball_tracker
[10.050s] Installing follow_ball script to /home/mini/MiniROS/dew_ws/install/ball_tracker/lib/ball_tracker
[10.052s] Installing get_image script to /home/mini/MiniROS/dew_ws/install/ball_tracker/lib/ball_tracker
[10.057s] Installing image_listener script to /home/mini/MiniROS/dew_ws/install/ball_tracker/lib/ball_tracker
[10.067s] 
[10.069s] Installed /home/mini/MiniROS/dew_ws/build/ball_tracker
[10.072s] running symlink_data
[10.339s] Invoked command in '/home/mini/MiniROS/dew_ws/build/ball_tracker' returned '0': PYTHONPATH=/home/mini/MiniROS/dew_ws/build/ball_tracker/prefix_override:/usr/lib/python3/dist-packages/colcon_core/task/python/colcon_distutils_commands:/home/mini/MiniROS/dew_ws/install/ball_tracker/lib/python3.10/site-packages:${PYTHONPATH} /usr/bin/python3 -W ignore:setup.py install is deprecated setup.py develop --editable --build-directory /home/mini/MiniROS/dew_ws/build/ball_tracker/build --no-deps symlink_data
