[7.113s] Invoking command in '/home/mini/MiniROS/dew_ws/build/ball_tracker': PYTHONPATH=/home/mini/MiniROS/dew_ws/build/ball_tracker/prefix_override:/usr/lib/python3/dist-packages/colcon_core/task/python/colcon_distutils_commands:/home/mini/MiniROS/dew_ws/install/ball_tracker/lib/python3.10/site-packages:${PYTHONPATH} /usr/bin/python3 -W ignore:setup.py install is deprecated setup.py develop --editable --build-directory /home/mini/MiniROS/dew_ws/build/ball_tracker/build --no-deps symlink_data
[8.693s] /usr/lib/python3/dist-packages/setuptools/dist.py:723: UserWarning: Usage of dash-separated 'script-dir' will not be supported in future versions. Please use the underscore name 'script_dir' instead
[8.694s]   warnings.warn(
[8.871s] running develop
[8.878s] /usr/lib/python3/dist-packages/setuptools/command/easy_install.py:158: EasyInstallDeprecationWarning: easy_install command is deprecated. Use build and pip and other standards-based tools.
[8.879s]   warnings.warn(
[10.134s] running egg_info
[10.136s] writing ball_tracker.egg-info/PKG-INFO
[10.147s] writing dependency_links to ball_tracker.egg-info/dependency_links.txt
[10.148s] writing entry points to ball_tracker.egg-info/entry_points.txt
[10.148s] writing requirements to ball_tracker.egg-info/requires.txt
[10.149s] writing top-level names to ball_tracker.egg-info/top_level.txt
[10.152s] reading manifest file 'ball_tracker.egg-info/SOURCES.txt'
[10.175s] writing manifest file 'ball_tracker.egg-info/SOURCES.txt'
[10.176s] running build_ext
[10.177s] Creating /home/mini/MiniROS/dew_ws/install/ball_tracker/lib/python3.10/site-packages/ball-tracker.egg-link (link to .)
[10.182s] Installing detect_ball script to /home/mini/MiniROS/dew_ws/install/ball_tracker/lib/ball_tracker
[10.185s] Installing detect_ball_3d script to /home/mini/MiniROS/dew_ws/install/ball_tracker/lib/ball_tracker
[10.187s] Installing follow_ball script to /home/mini/MiniROS/dew_ws/install/ball_tracker/lib/ball_tracker
[10.189s] Installing get_image script to /home/mini/MiniROS/dew_ws/install/ball_tracker/lib/ball_tracker
[10.191s] Installing image_listener script to /home/mini/MiniROS/dew_ws/install/ball_tracker/lib/ball_tracker
[10.195s] 
[10.196s] Installed /home/mini/MiniROS/dew_ws/build/ball_tracker
[10.202s] running symlink_data
[10.479s] Invoked command in '/home/mini/MiniROS/dew_ws/build/ball_tracker' returned '0': PYTHONPATH=/home/mini/MiniROS/dew_ws/build/ball_tracker/prefix_override:/usr/lib/python3/dist-packages/colcon_core/task/python/colcon_distutils_commands:/home/mini/MiniROS/dew_ws/install/ball_tracker/lib/python3.10/site-packages:${PYTHONPATH} /usr/bin/python3 -W ignore:setup.py install is deprecated setup.py develop --editable --build-directory /home/mini/MiniROS/dew_ws/build/ball_tracker/build --no-deps symlink_data
