running develop
/usr/lib/python3/dist-packages/setuptools/command/easy_install.py:158: EasyInstallDeprecationWarning: easy_install command is deprecated. Use build and pip and other standards-based tools.
  warnings.warn(
running egg_info
writing mini_control.egg-info/PKG-INFO
writing dependency_links to mini_control.egg-info/dependency_links.txt
writing entry points to mini_control.egg-info/entry_points.txt
writing requirements to mini_control.egg-info/requires.txt
writing top-level names to mini_control.egg-info/top_level.txt
reading manifest file 'mini_control.egg-info/SOURCES.txt'
writing manifest file 'mini_control.egg-info/SOURCES.txt'
running build_ext
Creating /home/mini/MiniROS/dew_ws/install/mini_control/lib/python3.10/site-packages/mini-control.egg-link (link to .)
Installing battery script to /home/mini/MiniROS/dew_ws/install/mini_control/lib/mini_control
Installing bumper script to /home/mini/MiniROS/dew_ws/install/mini_control/lib/mini_control
Installing camera_test script to /home/mini/MiniROS/dew_ws/install/mini_control/lib/mini_control
Installing emergency_button script to /home/mini/MiniROS/dew_ws/install/mini_control/lib/mini_control
Installing improved_teleop_key script to /home/mini/MiniROS/dew_ws/install/mini_control/lib/mini_control
Installing neopixel script to /home/mini/MiniROS/dew_ws/install/mini_control/lib/mini_control
Installing pipe_read script to /home/mini/MiniROS/dew_ws/install/mini_control/lib/mini_control
Installing pipe_write script to /home/mini/MiniROS/dew_ws/install/mini_control/lib/mini_control
Installing velocity_node script to /home/mini/MiniROS/dew_ws/install/mini_control/lib/mini_control

Installed /home/mini/MiniROS/dew_ws/build/mini_control
running symlink_data
