running develop
/usr/lib/python3/dist-packages/setuptools/command/easy_install.py:158: EasyInstallDeprecationWarning: easy_install command is deprecated. Use build and pip and other standards-based tools.
  warnings.warn(
running egg_info
creating aruco_tracker.egg-info
writing aruco_tracker.egg-info/PKG-INFO
writing dependency_links to aruco_tracker.egg-info/dependency_links.txt
writing entry points to aruco_tracker.egg-info/entry_points.txt
writing requirements to aruco_tracker.egg-info/requires.txt
writing top-level names to aruco_tracker.egg-info/top_level.txt
writing manifest file 'aruco_tracker.egg-info/SOURCES.txt'
reading manifest file 'aruco_tracker.egg-info/SOURCES.txt'
writing manifest file 'aruco_tracker.egg-info/SOURCES.txt'
running build_ext
Creating /home/mini/MiniROS/dew_ws/install/aruco_tracker/lib/python3.10/site-packages/aruco-tracker.egg-link (link to .)
Installing detect_aruco script to /home/mini/MiniROS/dew_ws/install/aruco_tracker/lib/aruco_tracker
Installing follow_aruco script to /home/mini/MiniROS/dew_ws/install/aruco_tracker/lib/aruco_tracker
Installing get_image script to /home/mini/MiniROS/dew_ws/install/aruco_tracker/lib/aruco_tracker
Installing image_listener script to /home/mini/MiniROS/dew_ws/install/aruco_tracker/lib/aruco_tracker

Installed /home/mini/MiniROS/dew_ws/build/aruco_tracker
running symlink_data
creating /home/mini/MiniROS/dew_ws/install/aruco_tracker/share/ament_index
creating /home/mini/MiniROS/dew_ws/install/aruco_tracker/share/ament_index/resource_index
creating /home/mini/MiniROS/dew_ws/install/aruco_tracker/share/ament_index/resource_index/packages
symbolically linking /home/mini/MiniROS/dew_ws/build/aruco_tracker/resource/aruco_tracker -> /home/mini/MiniROS/dew_ws/install/aruco_tracker/share/ament_index/resource_index/packages
symbolically linking /home/mini/MiniROS/dew_ws/build/aruco_tracker/package.xml -> /home/mini/MiniROS/dew_ws/install/aruco_tracker/share/aruco_tracker
creating /home/mini/MiniROS/dew_ws/install/aruco_tracker/share/aruco_tracker/launch
symbolically linking /home/mini/MiniROS/dew_ws/build/aruco_tracker/launch/aruco_tracker.launch.py -> /home/mini/MiniROS/dew_ws/install/aruco_tracker/share/aruco_tracker/launch
creating /home/mini/MiniROS/dew_ws/install/aruco_tracker/share/aruco_tracker/config
