[9.206s] Invoking command in '/home/mini/MiniROS/dew_ws/build/aruco_tracker': PYTHONPATH=/home/mini/MiniROS/dew_ws/build/aruco_tracker/prefix_override:/usr/lib/python3/dist-packages/colcon_core/task/python/colcon_distutils_commands:/home/mini/MiniROS/dew_ws/install/aruco_tracker/lib/python3.10/site-packages:${PYTHONPATH} /usr/bin/python3 -W ignore:setup.py install is deprecated setup.py develop --editable --build-directory /home/mini/MiniROS/dew_ws/build/aruco_tracker/build --no-deps symlink_data
[12.218s] running develop
[12.219s] /usr/lib/python3/dist-packages/setuptools/command/easy_install.py:158: EasyInstallDeprecationWarning: easy_install command is deprecated. Use build and pip and other standards-based tools.
[12.220s]   warnings.warn(
[14.025s] running egg_info
[14.025s] creating aruco_tracker.egg-info
[14.026s] writing aruco_tracker.egg-info/PKG-INFO
[14.027s] writing dependency_links to aruco_tracker.egg-info/dependency_links.txt
[14.029s] writing entry points to aruco_tracker.egg-info/entry_points.txt
[14.030s] writing requirements to aruco_tracker.egg-info/requires.txt
[14.031s] writing top-level names to aruco_tracker.egg-info/top_level.txt
[14.031s] writing manifest file 'aruco_tracker.egg-info/SOURCES.txt'
[14.041s] reading manifest file 'aruco_tracker.egg-info/SOURCES.txt'
[14.043s] writing manifest file 'aruco_tracker.egg-info/SOURCES.txt'
[14.057s] running build_ext
[14.058s] Creating /home/mini/MiniROS/dew_ws/install/aruco_tracker/lib/python3.10/site-packages/aruco-tracker.egg-link (link to .)
[14.059s] Installing detect_aruco script to /home/mini/MiniROS/dew_ws/install/aruco_tracker/lib/aruco_tracker
[14.060s] Installing follow_aruco script to /home/mini/MiniROS/dew_ws/install/aruco_tracker/lib/aruco_tracker
[14.062s] Installing get_image script to /home/mini/MiniROS/dew_ws/install/aruco_tracker/lib/aruco_tracker
[14.064s] Installing image_listener script to /home/mini/MiniROS/dew_ws/install/aruco_tracker/lib/aruco_tracker
[14.065s] 
[14.067s] Installed /home/mini/MiniROS/dew_ws/build/aruco_tracker
[14.068s] running symlink_data
[14.071s] creating /home/mini/MiniROS/dew_ws/install/aruco_tracker/share/ament_index
[14.076s] creating /home/mini/MiniROS/dew_ws/install/aruco_tracker/share/ament_index/resource_index
[14.084s] creating /home/mini/MiniROS/dew_ws/install/aruco_tracker/share/ament_index/resource_index/packages
[14.088s] symbolically linking /home/mini/MiniROS/dew_ws/build/aruco_tracker/resource/aruco_tracker -> /home/mini/MiniROS/dew_ws/install/aruco_tracker/share/ament_index/resource_index/packages
[14.089s] symbolically linking /home/mini/MiniROS/dew_ws/build/aruco_tracker/package.xml -> /home/mini/MiniROS/dew_ws/install/aruco_tracker/share/aruco_tracker
[14.091s] creating /home/mini/MiniROS/dew_ws/install/aruco_tracker/share/aruco_tracker/launch
[14.092s] symbolically linking /home/mini/MiniROS/dew_ws/build/aruco_tracker/launch/aruco_tracker.launch.py -> /home/mini/MiniROS/dew_ws/install/aruco_tracker/share/aruco_tracker/launch
[14.095s] creating /home/mini/MiniROS/dew_ws/install/aruco_tracker/share/aruco_tracker/config
[14.312s] Invoked command in '/home/mini/MiniROS/dew_ws/build/aruco_tracker' returned '0': PYTHONPATH=/home/mini/MiniROS/dew_ws/build/aruco_tracker/prefix_override:/usr/lib/python3/dist-packages/colcon_core/task/python/colcon_distutils_commands:/home/mini/MiniROS/dew_ws/install/aruco_tracker/lib/python3.10/site-packages:${PYTHONPATH} /usr/bin/python3 -W ignore:setup.py install is deprecated setup.py develop --editable --build-directory /home/mini/MiniROS/dew_ws/build/aruco_tracker/build --no-deps symlink_data
