[0.941s] DEBUG:colcon:Command line arguments: ['/usr/bin/colcon', 'build', '--symlink-install']
[0.941s] DEBUG:colcon:Parsed command line arguments: Namespace(log_base=None, log_level=None, verb_name='build', build_base='build', install_base='install', merge_install=False, symlink_install=True, test_result_base=None, continue_on_error=False, executor='parallel', parallel_workers=4, event_handlers=None, ignore_user_meta=False, metas=['./colcon.meta'], base_paths=['.'], packages_ignore=None, packages_ignore_regex=None, paths=None, packages_up_to=None, packages_up_to_regex=None, packages_above=None, packages_above_and_dependencies=None, packages_above_depth=None, packages_select_by_dep=None, packages_skip_by_dep=None, packages_skip_up_to=None, packages_select_build_failed=False, packages_skip_build_finished=False, packages_select_test_failures=False, packages_skip_test_passed=False, packages_select=None, packages_skip=None, packages_select_regex=None, packages_skip_regex=None, packages_start=None, packages_end=None, allow_overriding=[], cmake_args=None, cmake_target=None, cmake_target_skip_unavailable=False, cmake_clean_cache=False, cmake_clean_first=False, cmake_force_configure=False, ament_cmake_args=None, catkin_cmake_args=None, catkin_skip_building_tests=False, mixin_files=None, mixin=None, verb_parser=<colcon_mixin.mixin.mixin_argument.MixinArgumentDecorator object at 0xffffa9bf2710>, verb_extension=<colcon_core.verb.build.BuildVerb object at 0xffffa9d0ed40>, main=<bound method BuildVerb.main of <colcon_core.verb.build.BuildVerb object at 0xffffa9d0ed40>>, mixin_verb=('build',))
[2.257s] Level 1:colcon.colcon_core.package_discovery:discover_packages(colcon_meta) check parameters
[2.258s] Level 1:colcon.colcon_core.package_discovery:discover_packages(recursive) check parameters
[2.258s] Level 1:colcon.colcon_core.package_discovery:discover_packages(ignore) check parameters
[2.258s] Level 1:colcon.colcon_core.package_discovery:discover_packages(path) check parameters
[2.258s] Level 1:colcon.colcon_core.package_discovery:discover_packages(colcon_meta) discover
[2.259s] Level 1:colcon.colcon_core.package_discovery:discover_packages(recursive) discover
[2.259s] INFO:colcon.colcon_core.package_discovery:Crawling recursively for packages in '/home/mini/MiniROS/dew_ws'
[2.260s] Level 1:colcon.colcon_core.package_identification:_identify(.) by extensions ['ignore', 'ignore_ament_install']
[2.260s] Level 1:colcon.colcon_core.package_identification:_identify(.) by extension 'ignore'
[2.261s] Level 1:colcon.colcon_core.package_identification:_identify(.) by extension 'ignore_ament_install'
[2.261s] Level 1:colcon.colcon_core.package_identification:_identify(.) by extensions ['colcon_pkg']
[2.261s] Level 1:colcon.colcon_core.package_identification:_identify(.) by extension 'colcon_pkg'
[2.261s] Level 1:colcon.colcon_core.package_identification:_identify(.) by extensions ['colcon_meta']
[2.262s] Level 1:colcon.colcon_core.package_identification:_identify(.) by extension 'colcon_meta'
[2.262s] Level 1:colcon.colcon_core.package_identification:_identify(.) by extensions ['ros']
[2.262s] Level 1:colcon.colcon_core.package_identification:_identify(.) by extension 'ros'
[2.319s] Level 1:colcon.colcon_core.package_identification:_identify(.) by extensions ['cmake', 'python']
[2.319s] Level 1:colcon.colcon_core.package_identification:_identify(.) by extension 'cmake'
[2.319s] Level 1:colcon.colcon_core.package_identification:_identify(.) by extension 'python'
[2.320s] Level 1:colcon.colcon_core.package_identification:_identify(.) by extensions ['python_setup_py']
[2.320s] Level 1:colcon.colcon_core.package_identification:_identify(.) by extension 'python_setup_py'
[2.321s] Level 1:colcon.colcon_core.package_identification:_identify(build) by extensions ['ignore', 'ignore_ament_install']
[2.321s] Level 1:colcon.colcon_core.package_identification:_identify(build) by extension 'ignore'
[2.321s] Level 1:colcon.colcon_core.package_identification:_identify(build) ignored
[2.322s] Level 1:colcon.colcon_core.package_identification:_identify(install) by extensions ['ignore', 'ignore_ament_install']
[2.323s] Level 1:colcon.colcon_core.package_identification:_identify(install) by extension 'ignore'
[2.323s] Level 1:colcon.colcon_core.package_identification:_identify(install) ignored
[2.324s] Level 1:colcon.colcon_core.package_identification:_identify(log) by extensions ['ignore', 'ignore_ament_install']
[2.324s] Level 1:colcon.colcon_core.package_identification:_identify(log) by extension 'ignore'
[2.324s] Level 1:colcon.colcon_core.package_identification:_identify(log) ignored
[2.325s] Level 1:colcon.colcon_core.package_identification:_identify(src) by extensions ['ignore', 'ignore_ament_install']
[2.325s] Level 1:colcon.colcon_core.package_identification:_identify(src) by extension 'ignore'
[2.325s] Level 1:colcon.colcon_core.package_identification:_identify(src) by extension 'ignore_ament_install'
[2.326s] Level 1:colcon.colcon_core.package_identification:_identify(src) by extensions ['colcon_pkg']
[2.326s] Level 1:colcon.colcon_core.package_identification:_identify(src) by extension 'colcon_pkg'
[2.326s] Level 1:colcon.colcon_core.package_identification:_identify(src) by extensions ['colcon_meta']
[2.326s] Level 1:colcon.colcon_core.package_identification:_identify(src) by extension 'colcon_meta'
[2.327s] Level 1:colcon.colcon_core.package_identification:_identify(src) by extensions ['ros']
[2.327s] Level 1:colcon.colcon_core.package_identification:_identify(src) by extension 'ros'
[2.327s] Level 1:colcon.colcon_core.package_identification:_identify(src) by extensions ['cmake', 'python']
[2.327s] Level 1:colcon.colcon_core.package_identification:_identify(src) by extension 'cmake'
[2.328s] Level 1:colcon.colcon_core.package_identification:_identify(src) by extension 'python'
[2.328s] Level 1:colcon.colcon_core.package_identification:_identify(src) by extensions ['python_setup_py']
[2.328s] Level 1:colcon.colcon_core.package_identification:_identify(src) by extension 'python_setup_py'
[2.329s] Level 1:colcon.colcon_core.package_identification:_identify(src/ball_tracker) by extensions ['ignore', 'ignore_ament_install']
[2.329s] Level 1:colcon.colcon_core.package_identification:_identify(src/ball_tracker) by extension 'ignore'
[2.329s] Level 1:colcon.colcon_core.package_identification:_identify(src/ball_tracker) by extension 'ignore_ament_install'
[2.330s] Level 1:colcon.colcon_core.package_identification:_identify(src/ball_tracker) by extensions ['colcon_pkg']
[2.330s] Level 1:colcon.colcon_core.package_identification:_identify(src/ball_tracker) by extension 'colcon_pkg'
[2.330s] Level 1:colcon.colcon_core.package_identification:_identify(src/ball_tracker) by extensions ['colcon_meta']
[2.330s] Level 1:colcon.colcon_core.package_identification:_identify(src/ball_tracker) by extension 'colcon_meta'
[2.331s] Level 1:colcon.colcon_core.package_identification:_identify(src/ball_tracker) by extensions ['ros']
[2.331s] Level 1:colcon.colcon_core.package_identification:_identify(src/ball_tracker) by extension 'ros'
[2.353s] DEBUG:colcon.colcon_core.package_identification:Package 'src/ball_tracker' with type 'ros.ament_python' and name 'ball_tracker'
[2.354s] Level 1:colcon.colcon_core.package_identification:_identify(src/mini_control) by extensions ['ignore', 'ignore_ament_install']
[2.355s] Level 1:colcon.colcon_core.package_identification:_identify(src/mini_control) by extension 'ignore'
[2.355s] Level 1:colcon.colcon_core.package_identification:_identify(src/mini_control) by extension 'ignore_ament_install'
[2.356s] Level 1:colcon.colcon_core.package_identification:_identify(src/mini_control) by extensions ['colcon_pkg']
[2.356s] Level 1:colcon.colcon_core.package_identification:_identify(src/mini_control) by extension 'colcon_pkg'
[2.356s] Level 1:colcon.colcon_core.package_identification:_identify(src/mini_control) by extensions ['colcon_meta']
[2.356s] Level 1:colcon.colcon_core.package_identification:_identify(src/mini_control) by extension 'colcon_meta'
[2.357s] Level 1:colcon.colcon_core.package_identification:_identify(src/mini_control) by extensions ['ros']
[2.357s] Level 1:colcon.colcon_core.package_identification:_identify(src/mini_control) by extension 'ros'
[2.363s] DEBUG:colcon.colcon_core.package_identification:Package 'src/mini_control' with type 'ros.ament_python' and name 'mini_control'
[2.364s] Level 1:colcon.colcon_core.package_identification:_identify(src/mini_robot) by extensions ['ignore', 'ignore_ament_install']
[2.364s] Level 1:colcon.colcon_core.package_identification:_identify(src/mini_robot) by extension 'ignore'
[2.365s] Level 1:colcon.colcon_core.package_identification:_identify(src/mini_robot) by extension 'ignore_ament_install'
[2.365s] Level 1:colcon.colcon_core.package_identification:_identify(src/mini_robot) by extensions ['colcon_pkg']
[2.365s] Level 1:colcon.colcon_core.package_identification:_identify(src/mini_robot) by extension 'colcon_pkg'
[2.366s] Level 1:colcon.colcon_core.package_identification:_identify(src/mini_robot) by extensions ['colcon_meta']
[2.366s] Level 1:colcon.colcon_core.package_identification:_identify(src/mini_robot) by extension 'colcon_meta'
[2.366s] Level 1:colcon.colcon_core.package_identification:_identify(src/mini_robot) by extensions ['ros']
[2.366s] Level 1:colcon.colcon_core.package_identification:_identify(src/mini_robot) by extension 'ros'
[2.370s] DEBUG:colcon.colcon_core.package_identification:Package 'src/mini_robot' with type 'ros.ament_cmake' and name 'mini_robot'
[2.370s] Level 1:colcon.colcon_core.package_discovery:discover_packages(recursive) using defaults
[2.371s] Level 1:colcon.colcon_core.package_discovery:discover_packages(ignore) discover
[2.371s] Level 1:colcon.colcon_core.package_discovery:discover_packages(ignore) using defaults
[2.371s] Level 1:colcon.colcon_core.package_discovery:discover_packages(path) discover
[2.371s] Level 1:colcon.colcon_core.package_discovery:discover_packages(path) using defaults
[2.506s] Level 1:colcon.colcon_core.package_discovery:discover_packages(prefix_path) check parameters
[2.506s] Level 1:colcon.colcon_core.package_discovery:discover_packages(prefix_path) discover
[2.523s] DEBUG:colcon.colcon_installed_package_information.package_discovery:Found 3 installed packages in /home/mini/MiniROS/dew_ws/install
[2.535s] DEBUG:colcon.colcon_installed_package_information.package_discovery:Found 277 installed packages in /opt/ros/humble
[2.546s] Level 1:colcon.colcon_core.package_discovery:discover_packages(prefix_path) using defaults
[2.990s] Level 5:colcon.colcon_core.verb:set package 'ball_tracker' build argument 'cmake_args' from command line to 'None'
[2.990s] Level 5:colcon.colcon_core.verb:set package 'ball_tracker' build argument 'cmake_target' from command line to 'None'
[2.996s] Level 5:colcon.colcon_core.verb:set package 'ball_tracker' build argument 'cmake_target_skip_unavailable' from command line to 'False'
[2.996s] Level 5:colcon.colcon_core.verb:set package 'ball_tracker' build argument 'cmake_clean_cache' from command line to 'False'
[2.996s] Level 5:colcon.colcon_core.verb:set package 'ball_tracker' build argument 'cmake_clean_first' from command line to 'False'
[2.997s] Level 5:colcon.colcon_core.verb:set package 'ball_tracker' build argument 'cmake_force_configure' from command line to 'False'
[2.997s] Level 5:colcon.colcon_core.verb:set package 'ball_tracker' build argument 'ament_cmake_args' from command line to 'None'
[2.997s] Level 5:colcon.colcon_core.verb:set package 'ball_tracker' build argument 'catkin_cmake_args' from command line to 'None'
[2.997s] Level 5:colcon.colcon_core.verb:set package 'ball_tracker' build argument 'catkin_skip_building_tests' from command line to 'False'
[2.997s] DEBUG:colcon.colcon_core.verb:Building package 'ball_tracker' with the following arguments: {'ament_cmake_args': None, 'build_base': '/home/mini/MiniROS/dew_ws/build/ball_tracker', 'catkin_cmake_args': None, 'catkin_skip_building_tests': False, 'cmake_args': None, 'cmake_clean_cache': False, 'cmake_clean_first': False, 'cmake_force_configure': False, 'cmake_target': None, 'cmake_target_skip_unavailable': False, 'install_base': '/home/mini/MiniROS/dew_ws/install/ball_tracker', 'merge_install': False, 'path': '/home/mini/MiniROS/dew_ws/src/ball_tracker', 'symlink_install': True, 'test_result_base': None}
[3.000s] Level 5:colcon.colcon_core.verb:set package 'mini_control' build argument 'cmake_args' from command line to 'None'
[3.001s] Level 5:colcon.colcon_core.verb:set package 'mini_control' build argument 'cmake_target' from command line to 'None'
[3.001s] Level 5:colcon.colcon_core.verb:set package 'mini_control' build argument 'cmake_target_skip_unavailable' from command line to 'False'
[3.001s] Level 5:colcon.colcon_core.verb:set package 'mini_control' build argument 'cmake_clean_cache' from command line to 'False'
[3.002s] Level 5:colcon.colcon_core.verb:set package 'mini_control' build argument 'cmake_clean_first' from command line to 'False'
[3.002s] Level 5:colcon.colcon_core.verb:set package 'mini_control' build argument 'cmake_force_configure' from command line to 'False'
[3.002s] Level 5:colcon.colcon_core.verb:set package 'mini_control' build argument 'ament_cmake_args' from command line to 'None'
[3.002s] Level 5:colcon.colcon_core.verb:set package 'mini_control' build argument 'catkin_cmake_args' from command line to 'None'
[3.002s] Level 5:colcon.colcon_core.verb:set package 'mini_control' build argument 'catkin_skip_building_tests' from command line to 'False'
[3.003s] DEBUG:colcon.colcon_core.verb:Building package 'mini_control' with the following arguments: {'ament_cmake_args': None, 'build_base': '/home/mini/MiniROS/dew_ws/build/mini_control', 'catkin_cmake_args': None, 'catkin_skip_building_tests': False, 'cmake_args': None, 'cmake_clean_cache': False, 'cmake_clean_first': False, 'cmake_force_configure': False, 'cmake_target': None, 'cmake_target_skip_unavailable': False, 'install_base': '/home/mini/MiniROS/dew_ws/install/mini_control', 'merge_install': False, 'path': '/home/mini/MiniROS/dew_ws/src/mini_control', 'symlink_install': True, 'test_result_base': None}
[3.005s] Level 5:colcon.colcon_core.verb:set package 'mini_robot' build argument 'cmake_args' from command line to 'None'
[3.006s] Level 5:colcon.colcon_core.verb:set package 'mini_robot' build argument 'cmake_target' from command line to 'None'
[3.006s] Level 5:colcon.colcon_core.verb:set package 'mini_robot' build argument 'cmake_target_skip_unavailable' from command line to 'False'
[3.006s] Level 5:colcon.colcon_core.verb:set package 'mini_robot' build argument 'cmake_clean_cache' from command line to 'False'
[3.006s] Level 5:colcon.colcon_core.verb:set package 'mini_robot' build argument 'cmake_clean_first' from command line to 'False'
[3.007s] Level 5:colcon.colcon_core.verb:set package 'mini_robot' build argument 'cmake_force_configure' from command line to 'False'
[3.007s] Level 5:colcon.colcon_core.verb:set package 'mini_robot' build argument 'ament_cmake_args' from command line to 'None'
[3.007s] Level 5:colcon.colcon_core.verb:set package 'mini_robot' build argument 'catkin_cmake_args' from command line to 'None'
[3.007s] Level 5:colcon.colcon_core.verb:set package 'mini_robot' build argument 'catkin_skip_building_tests' from command line to 'False'
[3.007s] DEBUG:colcon.colcon_core.verb:Building package 'mini_robot' with the following arguments: {'ament_cmake_args': None, 'build_base': '/home/mini/MiniROS/dew_ws/build/mini_robot', 'catkin_cmake_args': None, 'catkin_skip_building_tests': False, 'cmake_args': None, 'cmake_clean_cache': False, 'cmake_clean_first': False, 'cmake_force_configure': False, 'cmake_target': None, 'cmake_target_skip_unavailable': False, 'install_base': '/home/mini/MiniROS/dew_ws/install/mini_robot', 'merge_install': False, 'path': '/home/mini/MiniROS/dew_ws/src/mini_robot', 'symlink_install': True, 'test_result_base': None}
[3.008s] INFO:colcon.colcon_core.executor:Executing jobs using 'parallel' executor
[3.013s] DEBUG:colcon.colcon_parallel_executor.executor.parallel:run_until_complete
[3.014s] INFO:colcon.colcon_ros.task.ament_python.build:Building ROS package in '/home/mini/MiniROS/dew_ws/src/ball_tracker' with build type 'ament_python'
[3.015s] Level 1:colcon.colcon_core.shell:create_environment_hook('ball_tracker', 'ament_prefix_path')
[3.041s] INFO:colcon.colcon_core.plugin_system:Skipping extension 'colcon_core.shell.bat': Not used on non-Windows systems
[3.043s] INFO:colcon.colcon_core.shell:Creating environment hook '/home/mini/MiniROS/dew_ws/install/ball_tracker/share/ball_tracker/hook/ament_prefix_path.ps1'
[3.048s] INFO:colcon.colcon_core.shell:Creating environment descriptor '/home/mini/MiniROS/dew_ws/install/ball_tracker/share/ball_tracker/hook/ament_prefix_path.dsv'
[3.054s] INFO:colcon.colcon_core.shell:Creating environment hook '/home/mini/MiniROS/dew_ws/install/ball_tracker/share/ball_tracker/hook/ament_prefix_path.sh'
[3.061s] INFO:colcon.colcon_core.shell:Skip shell extension 'powershell' for command environment: Not usable outside of PowerShell
[3.062s] DEBUG:colcon.colcon_core.shell:Skip shell extension 'dsv' for command environment
[3.096s] INFO:colcon.colcon_ros.task.ament_python.build:Building ROS package in '/home/mini/MiniROS/dew_ws/src/mini_control' with build type 'ament_python'
[3.097s] Level 1:colcon.colcon_core.shell:create_environment_hook('mini_control', 'ament_prefix_path')
[3.098s] INFO:colcon.colcon_core.shell:Creating environment hook '/home/mini/MiniROS/dew_ws/install/mini_control/share/mini_control/hook/ament_prefix_path.ps1'
[3.101s] INFO:colcon.colcon_core.shell:Creating environment descriptor '/home/mini/MiniROS/dew_ws/install/mini_control/share/mini_control/hook/ament_prefix_path.dsv'
[3.103s] INFO:colcon.colcon_core.shell:Creating environment hook '/home/mini/MiniROS/dew_ws/install/mini_control/share/mini_control/hook/ament_prefix_path.sh'
[3.107s] INFO:colcon.colcon_core.shell:Skip shell extension 'powershell' for command environment: Not usable outside of PowerShell
[3.107s] DEBUG:colcon.colcon_core.shell:Skip shell extension 'dsv' for command environment
[3.133s] INFO:colcon.colcon_ros.task.ament_cmake.build:Building ROS package in '/home/mini/MiniROS/dew_ws/src/mini_robot' with build type 'ament_cmake'
[3.134s] INFO:colcon.colcon_cmake.task.cmake.build:Building CMake package in '/home/mini/MiniROS/dew_ws/src/mini_robot'
[3.136s] INFO:colcon.colcon_core.shell:Skip shell extension 'powershell' for command environment: Not usable outside of PowerShell
[3.137s] DEBUG:colcon.colcon_core.shell:Skip shell extension 'dsv' for command environment
[4.876s] INFO:colcon.colcon_core.task.python.build:Building Python package in '/home/mini/MiniROS/dew_ws/src/ball_tracker'
[4.879s] INFO:colcon.colcon_core.shell:Skip shell extension 'powershell' for command environment: Not usable outside of PowerShell
[4.879s] DEBUG:colcon.colcon_core.shell:Skip shell extension 'dsv' for command environment
[6.549s] INFO:colcon.colcon_core.task.python.build:Building Python package in '/home/mini/MiniROS/dew_ws/src/mini_control'
[6.550s] INFO:colcon.colcon_core.shell:Skip shell extension 'powershell' for command environment: Not usable outside of PowerShell
[6.550s] DEBUG:colcon.colcon_core.shell:Skip shell extension 'dsv' for command environment
[6.600s] DEBUG:colcon.colcon_core.event_handler.log_command:Invoking command in '/home/mini/MiniROS/dew_ws/build/mini_robot': CMAKE_PREFIX_PATH=${CMAKE_PREFIX_PATH}:/home/mini/MiniROS/dew_ws/install/mini_control:/home/mini/MiniROS/dew_ws/install/ball_tracker:/opt/ros/humble /usr/bin/cmake --build /home/mini/MiniROS/dew_ws/build/mini_robot -- -j4 -l4
[7.208s] DEBUG:colcon.colcon_core.event_handler.log_command:Invoked command in '/home/mini/MiniROS/dew_ws/build/mini_robot' returned '0': CMAKE_PREFIX_PATH=${CMAKE_PREFIX_PATH}:/home/mini/MiniROS/dew_ws/install/mini_control:/home/mini/MiniROS/dew_ws/install/ball_tracker:/opt/ros/humble /usr/bin/cmake --build /home/mini/MiniROS/dew_ws/build/mini_robot -- -j4 -l4
[7.432s] DEBUG:colcon.colcon_core.event_handler.log_command:Invoking command in '/home/mini/MiniROS/dew_ws/build/mini_robot': CMAKE_PREFIX_PATH=${CMAKE_PREFIX_PATH}:/home/mini/MiniROS/dew_ws/install/mini_control:/home/mini/MiniROS/dew_ws/install/ball_tracker:/opt/ros/humble /usr/bin/cmake --install /home/mini/MiniROS/dew_ws/build/mini_robot
[7.677s] Level 1:colcon.colcon_core.environment:create_environment_scripts_only(mini_robot)
[7.680s] DEBUG:colcon.colcon_core.event_handler.log_command:Invoked command in '/home/mini/MiniROS/dew_ws/build/mini_robot' returned '0': CMAKE_PREFIX_PATH=${CMAKE_PREFIX_PATH}:/home/mini/MiniROS/dew_ws/install/mini_control:/home/mini/MiniROS/dew_ws/install/ball_tracker:/opt/ros/humble /usr/bin/cmake --install /home/mini/MiniROS/dew_ws/build/mini_robot
[7.724s] Level 1:colcon.colcon_core.environment:checking '/home/mini/MiniROS/dew_ws/install/mini_robot' for CMake module files
[7.728s] Level 1:colcon.colcon_core.environment:checking '/home/mini/MiniROS/dew_ws/install/mini_robot' for CMake config files
[7.731s] Level 1:colcon.colcon_core.shell:create_environment_hook('mini_robot', 'cmake_prefix_path')
[7.733s] INFO:colcon.colcon_core.shell:Creating environment hook '/home/mini/MiniROS/dew_ws/install/mini_robot/share/mini_robot/hook/cmake_prefix_path.ps1'
[7.736s] INFO:colcon.colcon_core.shell:Creating environment descriptor '/home/mini/MiniROS/dew_ws/install/mini_robot/share/mini_robot/hook/cmake_prefix_path.dsv'
[7.739s] INFO:colcon.colcon_core.shell:Creating environment hook '/home/mini/MiniROS/dew_ws/install/mini_robot/share/mini_robot/hook/cmake_prefix_path.sh'
[7.743s] Level 1:colcon.colcon_core.environment:checking '/home/mini/MiniROS/dew_ws/install/mini_robot/bin'
[7.744s] Level 1:colcon.colcon_core.environment:checking '/home/mini/MiniROS/dew_ws/install/mini_robot/lib/pkgconfig/mini_robot.pc'
[7.746s] Level 1:colcon.colcon_core.environment:checking '/home/mini/MiniROS/dew_ws/install/mini_robot/lib/python3.10/site-packages'
[7.747s] Level 1:colcon.colcon_core.environment:checking '/home/mini/MiniROS/dew_ws/install/mini_robot/bin'
[7.749s] INFO:colcon.colcon_core.shell:Creating package script '/home/mini/MiniROS/dew_ws/install/mini_robot/share/mini_robot/package.ps1'
[7.754s] INFO:colcon.colcon_core.shell:Creating package descriptor '/home/mini/MiniROS/dew_ws/install/mini_robot/share/mini_robot/package.dsv'
[7.759s] INFO:colcon.colcon_core.shell:Creating package script '/home/mini/MiniROS/dew_ws/install/mini_robot/share/mini_robot/package.sh'
[7.765s] INFO:colcon.colcon_core.shell:Creating package script '/home/mini/MiniROS/dew_ws/install/mini_robot/share/mini_robot/package.bash'
[7.772s] INFO:colcon.colcon_core.shell:Creating package script '/home/mini/MiniROS/dew_ws/install/mini_robot/share/mini_robot/package.zsh'
[7.778s] Level 1:colcon.colcon_core.environment:create_file_with_runtime_dependencies(/home/mini/MiniROS/dew_ws/install/mini_robot/share/colcon-core/packages/mini_robot)
[8.031s] Level 1:colcon.colcon_core.environment:create_environment_scripts_only(mini_robot)
[8.033s] Level 1:colcon.colcon_core.environment:checking '/home/mini/MiniROS/dew_ws/install/mini_robot' for CMake module files
[8.044s] Level 1:colcon.colcon_core.environment:checking '/home/mini/MiniROS/dew_ws/install/mini_robot' for CMake config files
[8.047s] Level 1:colcon.colcon_core.shell:create_environment_hook('mini_robot', 'cmake_prefix_path')
[8.048s] INFO:colcon.colcon_core.shell:Creating environment hook '/home/mini/MiniROS/dew_ws/install/mini_robot/share/mini_robot/hook/cmake_prefix_path.ps1'
[8.051s] INFO:colcon.colcon_core.shell:Creating environment descriptor '/home/mini/MiniROS/dew_ws/install/mini_robot/share/mini_robot/hook/cmake_prefix_path.dsv'
[8.053s] INFO:colcon.colcon_core.shell:Creating environment hook '/home/mini/MiniROS/dew_ws/install/mini_robot/share/mini_robot/hook/cmake_prefix_path.sh'
[8.056s] Level 1:colcon.colcon_core.environment:checking '/home/mini/MiniROS/dew_ws/install/mini_robot/bin'
[8.057s] Level 1:colcon.colcon_core.environment:checking '/home/mini/MiniROS/dew_ws/install/mini_robot/lib/pkgconfig/mini_robot.pc'
[8.059s] Level 1:colcon.colcon_core.environment:checking '/home/mini/MiniROS/dew_ws/install/mini_robot/lib/python3.10/site-packages'
[8.060s] Level 1:colcon.colcon_core.environment:checking '/home/mini/MiniROS/dew_ws/install/mini_robot/bin'
[8.061s] INFO:colcon.colcon_core.shell:Creating package script '/home/mini/MiniROS/dew_ws/install/mini_robot/share/mini_robot/package.ps1'
[8.065s] INFO:colcon.colcon_core.shell:Creating package descriptor '/home/mini/MiniROS/dew_ws/install/mini_robot/share/mini_robot/package.dsv'
[8.068s] INFO:colcon.colcon_core.shell:Creating package script '/home/mini/MiniROS/dew_ws/install/mini_robot/share/mini_robot/package.sh'
[8.072s] INFO:colcon.colcon_core.shell:Creating package script '/home/mini/MiniROS/dew_ws/install/mini_robot/share/mini_robot/package.bash'
[8.075s] INFO:colcon.colcon_core.shell:Creating package script '/home/mini/MiniROS/dew_ws/install/mini_robot/share/mini_robot/package.zsh'
[8.078s] Level 1:colcon.colcon_core.environment:create_file_with_runtime_dependencies(/home/mini/MiniROS/dew_ws/install/mini_robot/share/colcon-core/packages/mini_robot)
[10.113s] DEBUG:colcon.colcon_core.event_handler.log_command:Invoking command in '/home/mini/MiniROS/dew_ws/build/mini_control': PYTHONPATH=/home/mini/MiniROS/dew_ws/build/mini_control/prefix_override:/usr/lib/python3/dist-packages/colcon_core/task/python/colcon_distutils_commands:/home/mini/MiniROS/dew_ws/install/mini_control/lib/python3.10/site-packages:${PYTHONPATH} /usr/bin/python3 -W ignore:setup.py install is deprecated setup.py develop --editable --build-directory /home/mini/MiniROS/dew_ws/build/mini_control/build --no-deps symlink_data
[10.130s] DEBUG:colcon.colcon_core.event_handler.log_command:Invoking command in '/home/mini/MiniROS/dew_ws/build/ball_tracker': PYTHONPATH=/home/mini/MiniROS/dew_ws/build/ball_tracker/prefix_override:/usr/lib/python3/dist-packages/colcon_core/task/python/colcon_distutils_commands:/home/mini/MiniROS/dew_ws/install/ball_tracker/lib/python3.10/site-packages:${PYTHONPATH} /usr/bin/python3 -W ignore:setup.py install is deprecated setup.py develop --editable --build-directory /home/mini/MiniROS/dew_ws/build/ball_tracker/build --no-deps symlink_data
[13.489s] Level 1:colcon.colcon_core.shell:create_environment_hook('ball_tracker', 'pythonpath_develop')
[13.492s] INFO:colcon.colcon_core.shell:Creating environment hook '/home/mini/MiniROS/dew_ws/build/ball_tracker/share/ball_tracker/hook/pythonpath_develop.ps1'
[13.496s] DEBUG:colcon.colcon_core.event_handler.log_command:Invoked command in '/home/mini/MiniROS/dew_ws/build/ball_tracker' returned '0': PYTHONPATH=/home/mini/MiniROS/dew_ws/build/ball_tracker/prefix_override:/usr/lib/python3/dist-packages/colcon_core/task/python/colcon_distutils_commands:/home/mini/MiniROS/dew_ws/install/ball_tracker/lib/python3.10/site-packages:${PYTHONPATH} /usr/bin/python3 -W ignore:setup.py install is deprecated setup.py develop --editable --build-directory /home/mini/MiniROS/dew_ws/build/ball_tracker/build --no-deps symlink_data
[13.500s] INFO:colcon.colcon_core.shell:Creating environment descriptor '/home/mini/MiniROS/dew_ws/build/ball_tracker/share/ball_tracker/hook/pythonpath_develop.dsv'
[13.502s] INFO:colcon.colcon_core.shell:Creating environment hook '/home/mini/MiniROS/dew_ws/build/ball_tracker/share/ball_tracker/hook/pythonpath_develop.sh'
[13.506s] Level 1:colcon.colcon_core.environment:checking '/home/mini/MiniROS/dew_ws/install/ball_tracker' for CMake module files
[13.510s] Level 1:colcon.colcon_core.environment:checking '/home/mini/MiniROS/dew_ws/install/ball_tracker' for CMake config files
[13.515s] Level 1:colcon.colcon_core.environment:checking '/home/mini/MiniROS/dew_ws/install/ball_tracker/lib'
[13.516s] Level 1:colcon.colcon_core.environment:checking '/home/mini/MiniROS/dew_ws/install/ball_tracker/bin'
[13.517s] Level 1:colcon.colcon_core.environment:checking '/home/mini/MiniROS/dew_ws/install/ball_tracker/lib/pkgconfig/ball_tracker.pc'
[13.518s] Level 1:colcon.colcon_core.environment:checking '/home/mini/MiniROS/dew_ws/install/ball_tracker/lib/python3.10/site-packages'
[13.518s] Level 1:colcon.colcon_core.shell:create_environment_hook('ball_tracker', 'pythonpath')
[13.519s] INFO:colcon.colcon_core.shell:Creating environment hook '/home/mini/MiniROS/dew_ws/install/ball_tracker/share/ball_tracker/hook/pythonpath.ps1'
[13.522s] INFO:colcon.colcon_core.shell:Creating environment descriptor '/home/mini/MiniROS/dew_ws/install/ball_tracker/share/ball_tracker/hook/pythonpath.dsv'
[13.524s] INFO:colcon.colcon_core.shell:Creating environment hook '/home/mini/MiniROS/dew_ws/install/ball_tracker/share/ball_tracker/hook/pythonpath.sh'
[13.528s] Level 1:colcon.colcon_core.environment:checking '/home/mini/MiniROS/dew_ws/install/ball_tracker/bin'
[13.528s] Level 1:colcon.colcon_core.environment:create_environment_scripts_only(ball_tracker)
[13.530s] INFO:colcon.colcon_core.shell:Creating package script '/home/mini/MiniROS/dew_ws/install/ball_tracker/share/ball_tracker/package.ps1'
[13.533s] INFO:colcon.colcon_core.shell:Creating package descriptor '/home/mini/MiniROS/dew_ws/install/ball_tracker/share/ball_tracker/package.dsv'
[13.536s] INFO:colcon.colcon_core.shell:Creating package script '/home/mini/MiniROS/dew_ws/install/ball_tracker/share/ball_tracker/package.sh'
[13.539s] INFO:colcon.colcon_core.shell:Creating package script '/home/mini/MiniROS/dew_ws/install/ball_tracker/share/ball_tracker/package.bash'
[13.541s] INFO:colcon.colcon_core.shell:Creating package script '/home/mini/MiniROS/dew_ws/install/ball_tracker/share/ball_tracker/package.zsh'
[13.543s] Level 1:colcon.colcon_core.environment:create_file_with_runtime_dependencies(/home/mini/MiniROS/dew_ws/install/ball_tracker/share/colcon-core/packages/ball_tracker)
[13.548s] Level 1:colcon.colcon_core.shell:create_environment_hook('mini_control', 'pythonpath_develop')
[13.550s] INFO:colcon.colcon_core.shell:Creating environment hook '/home/mini/MiniROS/dew_ws/build/mini_control/share/mini_control/hook/pythonpath_develop.ps1'
[13.558s] INFO:colcon.colcon_core.shell:Creating environment descriptor '/home/mini/MiniROS/dew_ws/build/mini_control/share/mini_control/hook/pythonpath_develop.dsv'
[13.564s] INFO:colcon.colcon_core.shell:Creating environment hook '/home/mini/MiniROS/dew_ws/build/mini_control/share/mini_control/hook/pythonpath_develop.sh'
[13.566s] DEBUG:colcon.colcon_core.event_handler.log_command:Invoked command in '/home/mini/MiniROS/dew_ws/build/mini_control' returned '0': PYTHONPATH=/home/mini/MiniROS/dew_ws/build/mini_control/prefix_override:/usr/lib/python3/dist-packages/colcon_core/task/python/colcon_distutils_commands:/home/mini/MiniROS/dew_ws/install/mini_control/lib/python3.10/site-packages:${PYTHONPATH} /usr/bin/python3 -W ignore:setup.py install is deprecated setup.py develop --editable --build-directory /home/mini/MiniROS/dew_ws/build/mini_control/build --no-deps symlink_data
[13.570s] Level 1:colcon.colcon_core.environment:checking '/home/mini/MiniROS/dew_ws/install/mini_control' for CMake module files
[13.573s] Level 1:colcon.colcon_core.environment:checking '/home/mini/MiniROS/dew_ws/install/mini_control' for CMake config files
[13.577s] Level 1:colcon.colcon_core.environment:checking '/home/mini/MiniROS/dew_ws/install/mini_control/lib'
[13.578s] Level 1:colcon.colcon_core.environment:checking '/home/mini/MiniROS/dew_ws/install/mini_control/bin'
[13.579s] Level 1:colcon.colcon_core.environment:checking '/home/mini/MiniROS/dew_ws/install/mini_control/lib/pkgconfig/mini_control.pc'
[13.583s] Level 1:colcon.colcon_core.environment:checking '/home/mini/MiniROS/dew_ws/install/mini_control/lib/python3.10/site-packages'
[13.584s] Level 1:colcon.colcon_core.shell:create_environment_hook('mini_control', 'pythonpath')
[13.586s] INFO:colcon.colcon_core.shell:Creating environment hook '/home/mini/MiniROS/dew_ws/install/mini_control/share/mini_control/hook/pythonpath.ps1'
[13.590s] INFO:colcon.colcon_core.shell:Creating environment descriptor '/home/mini/MiniROS/dew_ws/install/mini_control/share/mini_control/hook/pythonpath.dsv'
[13.594s] INFO:colcon.colcon_core.shell:Creating environment hook '/home/mini/MiniROS/dew_ws/install/mini_control/share/mini_control/hook/pythonpath.sh'
[13.598s] Level 1:colcon.colcon_core.environment:checking '/home/mini/MiniROS/dew_ws/install/mini_control/bin'
[13.599s] Level 1:colcon.colcon_core.environment:create_environment_scripts_only(mini_control)
[13.600s] INFO:colcon.colcon_core.shell:Creating package script '/home/mini/MiniROS/dew_ws/install/mini_control/share/mini_control/package.ps1'
[13.604s] INFO:colcon.colcon_core.shell:Creating package descriptor '/home/mini/MiniROS/dew_ws/install/mini_control/share/mini_control/package.dsv'
[13.609s] INFO:colcon.colcon_core.shell:Creating package script '/home/mini/MiniROS/dew_ws/install/mini_control/share/mini_control/package.sh'
[13.613s] INFO:colcon.colcon_core.shell:Creating package script '/home/mini/MiniROS/dew_ws/install/mini_control/share/mini_control/package.bash'
[13.615s] INFO:colcon.colcon_core.shell:Creating package script '/home/mini/MiniROS/dew_ws/install/mini_control/share/mini_control/package.zsh'
[13.618s] Level 1:colcon.colcon_core.environment:create_file_with_runtime_dependencies(/home/mini/MiniROS/dew_ws/install/mini_control/share/colcon-core/packages/mini_control)
[13.620s] DEBUG:colcon.colcon_parallel_executor.executor.parallel:closing loop
[13.625s] DEBUG:colcon.colcon_parallel_executor.executor.parallel:loop closed
[13.626s] DEBUG:colcon.colcon_parallel_executor.executor.parallel:run_until_complete finished with '0'
[13.627s] DEBUG:colcon.colcon_core.event_reactor:joining thread
[13.671s] INFO:colcon.colcon_core.plugin_system:Skipping extension 'colcon_notification.desktop_notification.terminal_notifier': Not used on non-Darwin systems
[13.671s] INFO:colcon.colcon_core.plugin_system:Skipping extension 'colcon_notification.desktop_notification.win32': Not used on non-Windows systems
[13.672s] INFO:colcon.colcon_notification.desktop_notification:Sending desktop notification using 'notify2'
[13.764s] DEBUG:colcon.colcon_core.event_reactor:joined thread
[13.766s] INFO:colcon.colcon_core.shell:Creating prefix script '/home/mini/MiniROS/dew_ws/install/local_setup.ps1'
[13.774s] INFO:colcon.colcon_core.shell:Creating prefix util module '/home/mini/MiniROS/dew_ws/install/_local_setup_util_ps1.py'
[13.784s] INFO:colcon.colcon_core.shell:Creating prefix chain script '/home/mini/MiniROS/dew_ws/install/setup.ps1'
[13.792s] INFO:colcon.colcon_core.shell:Creating prefix script '/home/mini/MiniROS/dew_ws/install/local_setup.sh'
[13.797s] INFO:colcon.colcon_core.shell:Creating prefix util module '/home/mini/MiniROS/dew_ws/install/_local_setup_util_sh.py'
[13.801s] INFO:colcon.colcon_core.shell:Creating prefix chain script '/home/mini/MiniROS/dew_ws/install/setup.sh'
[13.814s] INFO:colcon.colcon_core.shell:Creating prefix script '/home/mini/MiniROS/dew_ws/install/local_setup.bash'
[13.822s] INFO:colcon.colcon_core.shell:Creating prefix chain script '/home/mini/MiniROS/dew_ws/install/setup.bash'
[13.834s] INFO:colcon.colcon_core.shell:Creating prefix script '/home/mini/MiniROS/dew_ws/install/local_setup.zsh'
[13.841s] INFO:colcon.colcon_core.shell:Creating prefix chain script '/home/mini/MiniROS/dew_ws/install/setup.zsh'
