[1.621s] DEBUG:colcon:Command line arguments: ['/usr/bin/colcon', 'build', '--symlink-install']
[1.622s] DEBUG:colcon:Parsed command line arguments: Namespace(log_base=None, log_level=None, verb_name='build', build_base='build', install_base='install', merge_install=False, symlink_install=True, test_result_base=None, continue_on_error=False, executor='parallel', parallel_workers=4, event_handlers=None, ignore_user_meta=False, metas=['./colcon.meta'], base_paths=['.'], packages_ignore=None, packages_ignore_regex=None, paths=None, packages_up_to=None, packages_up_to_regex=None, packages_above=None, packages_above_and_dependencies=None, packages_above_depth=None, packages_select_by_dep=None, packages_skip_by_dep=None, packages_skip_up_to=None, packages_select_build_failed=False, packages_skip_build_finished=False, packages_select_test_failures=False, packages_skip_test_passed=False, packages_select=None, packages_skip=None, packages_select_regex=None, packages_skip_regex=None, packages_start=None, packages_end=None, allow_overriding=[], cmake_args=None, cmake_target=None, cmake_target_skip_unavailable=False, cmake_clean_cache=False, cmake_clean_first=False, cmake_force_configure=False, ament_cmake_args=None, catkin_cmake_args=None, catkin_skip_building_tests=False, mixin_files=None, mixin=None, verb_parser=<colcon_mixin.mixin.mixin_argument.MixinArgumentDecorator object at 0xffffb4076440>, verb_extension=<colcon_core.verb.build.BuildVerb object at 0xffffb417aa70>, main=<bound method BuildVerb.main of <colcon_core.verb.build.BuildVerb object at 0xffffb417aa70>>, mixin_verb=('build',))
[3.352s] Level 1:colcon.colcon_core.package_discovery:discover_packages(colcon_meta) check parameters
[3.353s] Level 1:colcon.colcon_core.package_discovery:discover_packages(recursive) check parameters
[3.353s] Level 1:colcon.colcon_core.package_discovery:discover_packages(ignore) check parameters
[3.353s] Level 1:colcon.colcon_core.package_discovery:discover_packages(path) check parameters
[3.354s] Level 1:colcon.colcon_core.package_discovery:discover_packages(colcon_meta) discover
[3.354s] Level 1:colcon.colcon_core.package_discovery:discover_packages(recursive) discover
[3.354s] INFO:colcon.colcon_core.package_discovery:Crawling recursively for packages in '/home/mini/MiniROS/dew_ws'
[3.355s] Level 1:colcon.colcon_core.package_identification:_identify(.) by extensions ['ignore', 'ignore_ament_install']
[3.355s] Level 1:colcon.colcon_core.package_identification:_identify(.) by extension 'ignore'
[3.356s] Level 1:colcon.colcon_core.package_identification:_identify(.) by extension 'ignore_ament_install'
[3.356s] Level 1:colcon.colcon_core.package_identification:_identify(.) by extensions ['colcon_pkg']
[3.356s] Level 1:colcon.colcon_core.package_identification:_identify(.) by extension 'colcon_pkg'
[3.357s] Level 1:colcon.colcon_core.package_identification:_identify(.) by extensions ['colcon_meta']
[3.357s] Level 1:colcon.colcon_core.package_identification:_identify(.) by extension 'colcon_meta'
[3.358s] Level 1:colcon.colcon_core.package_identification:_identify(.) by extensions ['ros']
[3.358s] Level 1:colcon.colcon_core.package_identification:_identify(.) by extension 'ros'
[3.452s] Level 1:colcon.colcon_core.package_identification:_identify(.) by extensions ['cmake', 'python']
[3.453s] Level 1:colcon.colcon_core.package_identification:_identify(.) by extension 'cmake'
[3.453s] Level 1:colcon.colcon_core.package_identification:_identify(.) by extension 'python'
[3.453s] Level 1:colcon.colcon_core.package_identification:_identify(.) by extensions ['python_setup_py']
[3.454s] Level 1:colcon.colcon_core.package_identification:_identify(.) by extension 'python_setup_py'
[3.454s] Level 1:colcon.colcon_core.package_identification:_identify(build) by extensions ['ignore', 'ignore_ament_install']
[3.455s] Level 1:colcon.colcon_core.package_identification:_identify(build) by extension 'ignore'
[3.455s] Level 1:colcon.colcon_core.package_identification:_identify(build) ignored
[3.456s] Level 1:colcon.colcon_core.package_identification:_identify(install) by extensions ['ignore', 'ignore_ament_install']
[3.456s] Level 1:colcon.colcon_core.package_identification:_identify(install) by extension 'ignore'
[3.457s] Level 1:colcon.colcon_core.package_identification:_identify(install) ignored
[3.458s] Level 1:colcon.colcon_core.package_identification:_identify(log) by extensions ['ignore', 'ignore_ament_install']
[3.459s] Level 1:colcon.colcon_core.package_identification:_identify(log) by extension 'ignore'
[3.459s] Level 1:colcon.colcon_core.package_identification:_identify(log) ignored
[3.460s] Level 1:colcon.colcon_core.package_identification:_identify(src) by extensions ['ignore', 'ignore_ament_install']
[3.461s] Level 1:colcon.colcon_core.package_identification:_identify(src) by extension 'ignore'
[3.461s] Level 1:colcon.colcon_core.package_identification:_identify(src) by extension 'ignore_ament_install'
[3.462s] Level 1:colcon.colcon_core.package_identification:_identify(src) by extensions ['colcon_pkg']
[3.462s] Level 1:colcon.colcon_core.package_identification:_identify(src) by extension 'colcon_pkg'
[3.462s] Level 1:colcon.colcon_core.package_identification:_identify(src) by extensions ['colcon_meta']
[3.462s] Level 1:colcon.colcon_core.package_identification:_identify(src) by extension 'colcon_meta'
[3.463s] Level 1:colcon.colcon_core.package_identification:_identify(src) by extensions ['ros']
[3.463s] Level 1:colcon.colcon_core.package_identification:_identify(src) by extension 'ros'
[3.463s] Level 1:colcon.colcon_core.package_identification:_identify(src) by extensions ['cmake', 'python']
[3.463s] Level 1:colcon.colcon_core.package_identification:_identify(src) by extension 'cmake'
[3.464s] Level 1:colcon.colcon_core.package_identification:_identify(src) by extension 'python'
[3.464s] Level 1:colcon.colcon_core.package_identification:_identify(src) by extensions ['python_setup_py']
[3.464s] Level 1:colcon.colcon_core.package_identification:_identify(src) by extension 'python_setup_py'
[3.465s] Level 1:colcon.colcon_core.package_identification:_identify(src/ball_tracker) by extensions ['ignore', 'ignore_ament_install']
[3.465s] Level 1:colcon.colcon_core.package_identification:_identify(src/ball_tracker) by extension 'ignore'
[3.465s] Level 1:colcon.colcon_core.package_identification:_identify(src/ball_tracker) by extension 'ignore_ament_install'
[3.466s] Level 1:colcon.colcon_core.package_identification:_identify(src/ball_tracker) by extensions ['colcon_pkg']
[3.466s] Level 1:colcon.colcon_core.package_identification:_identify(src/ball_tracker) by extension 'colcon_pkg'
[3.466s] Level 1:colcon.colcon_core.package_identification:_identify(src/ball_tracker) by extensions ['colcon_meta']
[3.466s] Level 1:colcon.colcon_core.package_identification:_identify(src/ball_tracker) by extension 'colcon_meta'
[3.466s] Level 1:colcon.colcon_core.package_identification:_identify(src/ball_tracker) by extensions ['ros']
[3.467s] Level 1:colcon.colcon_core.package_identification:_identify(src/ball_tracker) by extension 'ros'
[3.490s] DEBUG:colcon.colcon_core.package_identification:Package 'src/ball_tracker' with type 'ros.ament_python' and name 'ball_tracker'
[3.491s] Level 1:colcon.colcon_core.package_identification:_identify(src/mini_control) by extensions ['ignore', 'ignore_ament_install']
[3.493s] Level 1:colcon.colcon_core.package_identification:_identify(src/mini_control) by extension 'ignore'
[3.494s] Level 1:colcon.colcon_core.package_identification:_identify(src/mini_control) by extension 'ignore_ament_install'
[3.494s] Level 1:colcon.colcon_core.package_identification:_identify(src/mini_control) by extensions ['colcon_pkg']
[3.495s] Level 1:colcon.colcon_core.package_identification:_identify(src/mini_control) by extension 'colcon_pkg'
[3.495s] Level 1:colcon.colcon_core.package_identification:_identify(src/mini_control) by extensions ['colcon_meta']
[3.495s] Level 1:colcon.colcon_core.package_identification:_identify(src/mini_control) by extension 'colcon_meta'
[3.496s] Level 1:colcon.colcon_core.package_identification:_identify(src/mini_control) by extensions ['ros']
[3.496s] Level 1:colcon.colcon_core.package_identification:_identify(src/mini_control) by extension 'ros'
[3.499s] DEBUG:colcon.colcon_core.package_identification:Package 'src/mini_control' with type 'ros.ament_python' and name 'mini_control'
[3.500s] Level 1:colcon.colcon_core.package_identification:_identify(src/mini_robot) by extensions ['ignore', 'ignore_ament_install']
[3.500s] Level 1:colcon.colcon_core.package_identification:_identify(src/mini_robot) by extension 'ignore'
[3.501s] Level 1:colcon.colcon_core.package_identification:_identify(src/mini_robot) by extension 'ignore_ament_install'
[3.501s] Level 1:colcon.colcon_core.package_identification:_identify(src/mini_robot) by extensions ['colcon_pkg']
[3.501s] Level 1:colcon.colcon_core.package_identification:_identify(src/mini_robot) by extension 'colcon_pkg'
[3.501s] Level 1:colcon.colcon_core.package_identification:_identify(src/mini_robot) by extensions ['colcon_meta']
[3.502s] Level 1:colcon.colcon_core.package_identification:_identify(src/mini_robot) by extension 'colcon_meta'
[3.502s] Level 1:colcon.colcon_core.package_identification:_identify(src/mini_robot) by extensions ['ros']
[3.502s] Level 1:colcon.colcon_core.package_identification:_identify(src/mini_robot) by extension 'ros'
[3.504s] DEBUG:colcon.colcon_core.package_identification:Package 'src/mini_robot' with type 'ros.ament_cmake' and name 'mini_robot'
[3.505s] Level 1:colcon.colcon_core.package_discovery:discover_packages(recursive) using defaults
[3.505s] Level 1:colcon.colcon_core.package_discovery:discover_packages(ignore) discover
[3.505s] Level 1:colcon.colcon_core.package_discovery:discover_packages(ignore) using defaults
[3.505s] Level 1:colcon.colcon_core.package_discovery:discover_packages(path) discover
[3.506s] Level 1:colcon.colcon_core.package_discovery:discover_packages(path) using defaults
[3.677s] Level 1:colcon.colcon_core.package_discovery:discover_packages(prefix_path) check parameters
[3.677s] Level 1:colcon.colcon_core.package_discovery:discover_packages(prefix_path) discover
[3.707s] DEBUG:colcon.colcon_installed_package_information.package_discovery:Found 273 installed packages in /opt/ros/humble
[3.720s] Level 1:colcon.colcon_core.package_discovery:discover_packages(prefix_path) using defaults
[4.204s] Level 5:colcon.colcon_core.verb:set package 'ball_tracker' build argument 'cmake_args' from command line to 'None'
[4.204s] Level 5:colcon.colcon_core.verb:set package 'ball_tracker' build argument 'cmake_target' from command line to 'None'
[4.205s] Level 5:colcon.colcon_core.verb:set package 'ball_tracker' build argument 'cmake_target_skip_unavailable' from command line to 'False'
[4.205s] Level 5:colcon.colcon_core.verb:set package 'ball_tracker' build argument 'cmake_clean_cache' from command line to 'False'
[4.205s] Level 5:colcon.colcon_core.verb:set package 'ball_tracker' build argument 'cmake_clean_first' from command line to 'False'
[4.205s] Level 5:colcon.colcon_core.verb:set package 'ball_tracker' build argument 'cmake_force_configure' from command line to 'False'
[4.205s] Level 5:colcon.colcon_core.verb:set package 'ball_tracker' build argument 'ament_cmake_args' from command line to 'None'
[4.205s] Level 5:colcon.colcon_core.verb:set package 'ball_tracker' build argument 'catkin_cmake_args' from command line to 'None'
[4.205s] Level 5:colcon.colcon_core.verb:set package 'ball_tracker' build argument 'catkin_skip_building_tests' from command line to 'False'
[4.206s] DEBUG:colcon.colcon_core.verb:Building package 'ball_tracker' with the following arguments: {'ament_cmake_args': None, 'build_base': '/home/mini/MiniROS/dew_ws/build/ball_tracker', 'catkin_cmake_args': None, 'catkin_skip_building_tests': False, 'cmake_args': None, 'cmake_clean_cache': False, 'cmake_clean_first': False, 'cmake_force_configure': False, 'cmake_target': None, 'cmake_target_skip_unavailable': False, 'install_base': '/home/mini/MiniROS/dew_ws/install/ball_tracker', 'merge_install': False, 'path': '/home/mini/MiniROS/dew_ws/src/ball_tracker', 'symlink_install': True, 'test_result_base': None}
[4.208s] Level 5:colcon.colcon_core.verb:set package 'mini_control' build argument 'cmake_args' from command line to 'None'
[4.209s] Level 5:colcon.colcon_core.verb:set package 'mini_control' build argument 'cmake_target' from command line to 'None'
[4.209s] Level 5:colcon.colcon_core.verb:set package 'mini_control' build argument 'cmake_target_skip_unavailable' from command line to 'False'
[4.209s] Level 5:colcon.colcon_core.verb:set package 'mini_control' build argument 'cmake_clean_cache' from command line to 'False'
[4.209s] Level 5:colcon.colcon_core.verb:set package 'mini_control' build argument 'cmake_clean_first' from command line to 'False'
[4.210s] Level 5:colcon.colcon_core.verb:set package 'mini_control' build argument 'cmake_force_configure' from command line to 'False'
[4.210s] Level 5:colcon.colcon_core.verb:set package 'mini_control' build argument 'ament_cmake_args' from command line to 'None'
[4.210s] Level 5:colcon.colcon_core.verb:set package 'mini_control' build argument 'catkin_cmake_args' from command line to 'None'
[4.210s] Level 5:colcon.colcon_core.verb:set package 'mini_control' build argument 'catkin_skip_building_tests' from command line to 'False'
[4.210s] DEBUG:colcon.colcon_core.verb:Building package 'mini_control' with the following arguments: {'ament_cmake_args': None, 'build_base': '/home/mini/MiniROS/dew_ws/build/mini_control', 'catkin_cmake_args': None, 'catkin_skip_building_tests': False, 'cmake_args': None, 'cmake_clean_cache': False, 'cmake_clean_first': False, 'cmake_force_configure': False, 'cmake_target': None, 'cmake_target_skip_unavailable': False, 'install_base': '/home/mini/MiniROS/dew_ws/install/mini_control', 'merge_install': False, 'path': '/home/mini/MiniROS/dew_ws/src/mini_control', 'symlink_install': True, 'test_result_base': None}
[4.213s] Level 5:colcon.colcon_core.verb:set package 'mini_robot' build argument 'cmake_args' from command line to 'None'
[4.213s] Level 5:colcon.colcon_core.verb:set package 'mini_robot' build argument 'cmake_target' from command line to 'None'
[4.213s] Level 5:colcon.colcon_core.verb:set package 'mini_robot' build argument 'cmake_target_skip_unavailable' from command line to 'False'
[4.213s] Level 5:colcon.colcon_core.verb:set package 'mini_robot' build argument 'cmake_clean_cache' from command line to 'False'
[4.213s] Level 5:colcon.colcon_core.verb:set package 'mini_robot' build argument 'cmake_clean_first' from command line to 'False'
[4.213s] Level 5:colcon.colcon_core.verb:set package 'mini_robot' build argument 'cmake_force_configure' from command line to 'False'
[4.214s] Level 5:colcon.colcon_core.verb:set package 'mini_robot' build argument 'ament_cmake_args' from command line to 'None'
[4.214s] Level 5:colcon.colcon_core.verb:set package 'mini_robot' build argument 'catkin_cmake_args' from command line to 'None'
[4.214s] Level 5:colcon.colcon_core.verb:set package 'mini_robot' build argument 'catkin_skip_building_tests' from command line to 'False'
[4.214s] DEBUG:colcon.colcon_core.verb:Building package 'mini_robot' with the following arguments: {'ament_cmake_args': None, 'build_base': '/home/mini/MiniROS/dew_ws/build/mini_robot', 'catkin_cmake_args': None, 'catkin_skip_building_tests': False, 'cmake_args': None, 'cmake_clean_cache': False, 'cmake_clean_first': False, 'cmake_force_configure': False, 'cmake_target': None, 'cmake_target_skip_unavailable': False, 'install_base': '/home/mini/MiniROS/dew_ws/install/mini_robot', 'merge_install': False, 'path': '/home/mini/MiniROS/dew_ws/src/mini_robot', 'symlink_install': True, 'test_result_base': None}
[4.215s] INFO:colcon.colcon_core.executor:Executing jobs using 'parallel' executor
[4.218s] DEBUG:colcon.colcon_parallel_executor.executor.parallel:run_until_complete
[4.220s] INFO:colcon.colcon_ros.task.ament_python.build:Building ROS package in '/home/mini/MiniROS/dew_ws/src/ball_tracker' with build type 'ament_python'
[4.221s] Level 1:colcon.colcon_core.shell:create_environment_hook('ball_tracker', 'ament_prefix_path')
[4.251s] INFO:colcon.colcon_core.plugin_system:Skipping extension 'colcon_core.shell.bat': Not used on non-Windows systems
[4.252s] INFO:colcon.colcon_core.shell:Creating environment hook '/home/mini/MiniROS/dew_ws/install/ball_tracker/share/ball_tracker/hook/ament_prefix_path.ps1'
[4.260s] INFO:colcon.colcon_core.shell:Creating environment descriptor '/home/mini/MiniROS/dew_ws/install/ball_tracker/share/ball_tracker/hook/ament_prefix_path.dsv'
[4.264s] INFO:colcon.colcon_core.shell:Creating environment hook '/home/mini/MiniROS/dew_ws/install/ball_tracker/share/ball_tracker/hook/ament_prefix_path.sh'
[4.269s] INFO:colcon.colcon_core.shell:Skip shell extension 'powershell' for command environment: Not usable outside of PowerShell
[4.269s] DEBUG:colcon.colcon_core.shell:Skip shell extension 'dsv' for command environment
[4.292s] INFO:colcon.colcon_ros.task.ament_python.build:Building ROS package in '/home/mini/MiniROS/dew_ws/src/mini_control' with build type 'ament_python'
[4.294s] Level 1:colcon.colcon_core.shell:create_environment_hook('mini_control', 'ament_prefix_path')
[4.297s] INFO:colcon.colcon_core.shell:Creating environment hook '/home/mini/MiniROS/dew_ws/install/mini_control/share/mini_control/hook/ament_prefix_path.ps1'
[4.301s] INFO:colcon.colcon_core.shell:Creating environment descriptor '/home/mini/MiniROS/dew_ws/install/mini_control/share/mini_control/hook/ament_prefix_path.dsv'
[4.304s] INFO:colcon.colcon_core.shell:Creating environment hook '/home/mini/MiniROS/dew_ws/install/mini_control/share/mini_control/hook/ament_prefix_path.sh'
[4.307s] INFO:colcon.colcon_core.shell:Skip shell extension 'powershell' for command environment: Not usable outside of PowerShell
[4.307s] DEBUG:colcon.colcon_core.shell:Skip shell extension 'dsv' for command environment
[4.332s] INFO:colcon.colcon_ros.task.ament_cmake.build:Building ROS package in '/home/mini/MiniROS/dew_ws/src/mini_robot' with build type 'ament_cmake'
[4.334s] INFO:colcon.colcon_cmake.task.cmake.build:Building CMake package in '/home/mini/MiniROS/dew_ws/src/mini_robot'
[4.335s] INFO:colcon.colcon_core.shell:Skip shell extension 'powershell' for command environment: Not usable outside of PowerShell
[4.336s] DEBUG:colcon.colcon_core.shell:Skip shell extension 'dsv' for command environment
[6.224s] INFO:colcon.colcon_core.task.python.build:Building Python package in '/home/mini/MiniROS/dew_ws/src/ball_tracker'
[6.226s] INFO:colcon.colcon_core.shell:Skip shell extension 'powershell' for command environment: Not usable outside of PowerShell
[6.227s] DEBUG:colcon.colcon_core.shell:Skip shell extension 'dsv' for command environment
[8.044s] INFO:colcon.colcon_core.task.python.build:Building Python package in '/home/mini/MiniROS/dew_ws/src/mini_control'
[8.046s] INFO:colcon.colcon_core.shell:Skip shell extension 'powershell' for command environment: Not usable outside of PowerShell
[8.046s] DEBUG:colcon.colcon_core.shell:Skip shell extension 'dsv' for command environment
[8.080s] DEBUG:colcon.colcon_core.event_handler.log_command:Invoking command in '/home/mini/MiniROS/dew_ws/build/mini_robot': CMAKE_PREFIX_PATH=/opt/ros/humble /usr/bin/cmake /home/mini/MiniROS/dew_ws/src/mini_robot -DAMENT_CMAKE_SYMLINK_INSTALL=1 -DCMAKE_INSTALL_PREFIX=/home/mini/MiniROS/dew_ws/install/mini_robot
[12.216s] DEBUG:colcon.colcon_core.event_handler.log_command:Invoking command in '/home/mini/MiniROS/dew_ws/build/ball_tracker': PYTHONPATH=/home/mini/MiniROS/dew_ws/build/ball_tracker/prefix_override:/usr/lib/python3/dist-packages/colcon_core/task/python/colcon_distutils_commands:/home/mini/MiniROS/dew_ws/install/ball_tracker/lib/python3.10/site-packages:${PYTHONPATH} /usr/bin/python3 -W ignore:setup.py install is deprecated setup.py develop --editable --build-directory /home/mini/MiniROS/dew_ws/build/ball_tracker/build --no-deps symlink_data
[12.247s] DEBUG:colcon.colcon_core.event_handler.log_command:Invoking command in '/home/mini/MiniROS/dew_ws/build/mini_control': PYTHONPATH=/home/mini/MiniROS/dew_ws/build/mini_control/prefix_override:/usr/lib/python3/dist-packages/colcon_core/task/python/colcon_distutils_commands:/home/mini/MiniROS/dew_ws/install/mini_control/lib/python3.10/site-packages:${PYTHONPATH} /usr/bin/python3 -W ignore:setup.py install is deprecated setup.py develop --editable --build-directory /home/mini/MiniROS/dew_ws/build/mini_control/build --no-deps symlink_data
[16.388s] DEBUG:colcon.colcon_core.event_handler.log_command:Invoked command in '/home/mini/MiniROS/dew_ws/build/mini_robot' returned '0': CMAKE_PREFIX_PATH=/opt/ros/humble /usr/bin/cmake /home/mini/MiniROS/dew_ws/src/mini_robot -DAMENT_CMAKE_SYMLINK_INSTALL=1 -DCMAKE_INSTALL_PREFIX=/home/mini/MiniROS/dew_ws/install/mini_robot
[16.392s] DEBUG:colcon.colcon_core.event_handler.log_command:Invoking command in '/home/mini/MiniROS/dew_ws/build/mini_robot': CMAKE_PREFIX_PATH=/opt/ros/humble /usr/bin/cmake --build /home/mini/MiniROS/dew_ws/build/mini_robot -- -j4 -l4
[16.682s] DEBUG:colcon.colcon_core.event_handler.log_command:Invoked command in '/home/mini/MiniROS/dew_ws/build/mini_robot' returned '0': CMAKE_PREFIX_PATH=/opt/ros/humble /usr/bin/cmake --build /home/mini/MiniROS/dew_ws/build/mini_robot -- -j4 -l4
[17.111s] DEBUG:colcon.colcon_core.event_handler.log_command:Invoking command in '/home/mini/MiniROS/dew_ws/build/mini_robot': CMAKE_PREFIX_PATH=/opt/ros/humble /usr/bin/cmake --install /home/mini/MiniROS/dew_ws/build/mini_robot
[17.131s] Level 1:colcon.colcon_core.shell:create_environment_hook('mini_control', 'pythonpath_develop')
[17.137s] DEBUG:colcon.colcon_core.event_handler.log_command:Invoked command in '/home/mini/MiniROS/dew_ws/build/mini_control' returned '0': PYTHONPATH=/home/mini/MiniROS/dew_ws/build/mini_control/prefix_override:/usr/lib/python3/dist-packages/colcon_core/task/python/colcon_distutils_commands:/home/mini/MiniROS/dew_ws/install/mini_control/lib/python3.10/site-packages:${PYTHONPATH} /usr/bin/python3 -W ignore:setup.py install is deprecated setup.py develop --editable --build-directory /home/mini/MiniROS/dew_ws/build/mini_control/build --no-deps symlink_data
[17.140s] INFO:colcon.colcon_core.shell:Creating environment hook '/home/mini/MiniROS/dew_ws/build/mini_control/share/mini_control/hook/pythonpath_develop.ps1'
[17.157s] INFO:colcon.colcon_core.shell:Creating environment descriptor '/home/mini/MiniROS/dew_ws/build/mini_control/share/mini_control/hook/pythonpath_develop.dsv'
[17.162s] INFO:colcon.colcon_core.shell:Creating environment hook '/home/mini/MiniROS/dew_ws/build/mini_control/share/mini_control/hook/pythonpath_develop.sh'
[17.240s] Level 1:colcon.colcon_core.environment:checking '/home/mini/MiniROS/dew_ws/install/mini_control' for CMake module files
[17.246s] Level 1:colcon.colcon_core.environment:checking '/home/mini/MiniROS/dew_ws/install/mini_control' for CMake config files
[17.261s] Level 1:colcon.colcon_core.environment:checking '/home/mini/MiniROS/dew_ws/install/mini_control/lib'
[17.264s] Level 1:colcon.colcon_core.environment:checking '/home/mini/MiniROS/dew_ws/install/mini_control/bin'
[17.266s] Level 1:colcon.colcon_core.environment:checking '/home/mini/MiniROS/dew_ws/install/mini_control/lib/pkgconfig/mini_control.pc'
[17.268s] Level 1:colcon.colcon_core.environment:checking '/home/mini/MiniROS/dew_ws/install/mini_control/lib/python3.10/site-packages'
[17.269s] Level 1:colcon.colcon_core.shell:create_environment_hook('mini_control', 'pythonpath')
[17.271s] INFO:colcon.colcon_core.shell:Creating environment hook '/home/mini/MiniROS/dew_ws/install/mini_control/share/mini_control/hook/pythonpath.ps1'
[17.279s] INFO:colcon.colcon_core.shell:Creating environment descriptor '/home/mini/MiniROS/dew_ws/install/mini_control/share/mini_control/hook/pythonpath.dsv'
[17.285s] INFO:colcon.colcon_core.shell:Creating environment hook '/home/mini/MiniROS/dew_ws/install/mini_control/share/mini_control/hook/pythonpath.sh'
[17.291s] Level 1:colcon.colcon_core.environment:checking '/home/mini/MiniROS/dew_ws/install/mini_control/bin'
[17.293s] Level 1:colcon.colcon_core.environment:create_environment_scripts_only(mini_control)
[17.297s] INFO:colcon.colcon_core.shell:Creating package script '/home/mini/MiniROS/dew_ws/install/mini_control/share/mini_control/package.ps1'
[17.309s] INFO:colcon.colcon_core.shell:Creating package descriptor '/home/mini/MiniROS/dew_ws/install/mini_control/share/mini_control/package.dsv'
[17.319s] INFO:colcon.colcon_core.shell:Creating package script '/home/mini/MiniROS/dew_ws/install/mini_control/share/mini_control/package.sh'
[17.329s] INFO:colcon.colcon_core.shell:Creating package script '/home/mini/MiniROS/dew_ws/install/mini_control/share/mini_control/package.bash'
[17.336s] INFO:colcon.colcon_core.shell:Creating package script '/home/mini/MiniROS/dew_ws/install/mini_control/share/mini_control/package.zsh'
[17.343s] Level 1:colcon.colcon_core.environment:create_file_with_runtime_dependencies(/home/mini/MiniROS/dew_ws/install/mini_control/share/colcon-core/packages/mini_control)
[17.352s] Level 1:colcon.colcon_core.shell:create_environment_hook('ball_tracker', 'pythonpath_develop')
[17.354s] INFO:colcon.colcon_core.shell:Creating environment hook '/home/mini/MiniROS/dew_ws/build/ball_tracker/share/ball_tracker/hook/pythonpath_develop.ps1'
[17.356s] DEBUG:colcon.colcon_core.event_handler.log_command:Invoked command in '/home/mini/MiniROS/dew_ws/build/ball_tracker' returned '0': PYTHONPATH=/home/mini/MiniROS/dew_ws/build/ball_tracker/prefix_override:/usr/lib/python3/dist-packages/colcon_core/task/python/colcon_distutils_commands:/home/mini/MiniROS/dew_ws/install/ball_tracker/lib/python3.10/site-packages:${PYTHONPATH} /usr/bin/python3 -W ignore:setup.py install is deprecated setup.py develop --editable --build-directory /home/mini/MiniROS/dew_ws/build/ball_tracker/build --no-deps symlink_data
[17.361s] INFO:colcon.colcon_core.shell:Creating environment descriptor '/home/mini/MiniROS/dew_ws/build/ball_tracker/share/ball_tracker/hook/pythonpath_develop.dsv'
[17.365s] INFO:colcon.colcon_core.shell:Creating environment hook '/home/mini/MiniROS/dew_ws/build/ball_tracker/share/ball_tracker/hook/pythonpath_develop.sh'
[17.369s] Level 1:colcon.colcon_core.environment:checking '/home/mini/MiniROS/dew_ws/install/ball_tracker' for CMake module files
[17.372s] Level 1:colcon.colcon_core.environment:checking '/home/mini/MiniROS/dew_ws/install/ball_tracker' for CMake config files
[17.380s] Level 1:colcon.colcon_core.environment:checking '/home/mini/MiniROS/dew_ws/install/ball_tracker/lib'
[17.382s] Level 1:colcon.colcon_core.environment:checking '/home/mini/MiniROS/dew_ws/install/ball_tracker/bin'
[17.383s] Level 1:colcon.colcon_core.environment:checking '/home/mini/MiniROS/dew_ws/install/ball_tracker/lib/pkgconfig/ball_tracker.pc'
[17.386s] Level 1:colcon.colcon_core.environment:checking '/home/mini/MiniROS/dew_ws/install/ball_tracker/lib/python3.10/site-packages'
[17.387s] Level 1:colcon.colcon_core.shell:create_environment_hook('ball_tracker', 'pythonpath')
[17.388s] INFO:colcon.colcon_core.shell:Creating environment hook '/home/mini/MiniROS/dew_ws/install/ball_tracker/share/ball_tracker/hook/pythonpath.ps1'
[17.393s] INFO:colcon.colcon_core.shell:Creating environment descriptor '/home/mini/MiniROS/dew_ws/install/ball_tracker/share/ball_tracker/hook/pythonpath.dsv'
[17.397s] INFO:colcon.colcon_core.shell:Creating environment hook '/home/mini/MiniROS/dew_ws/install/ball_tracker/share/ball_tracker/hook/pythonpath.sh'
[17.401s] Level 1:colcon.colcon_core.environment:checking '/home/mini/MiniROS/dew_ws/install/ball_tracker/bin'
[17.401s] Level 1:colcon.colcon_core.environment:create_environment_scripts_only(ball_tracker)
[17.403s] INFO:colcon.colcon_core.shell:Creating package script '/home/mini/MiniROS/dew_ws/install/ball_tracker/share/ball_tracker/package.ps1'
[17.406s] INFO:colcon.colcon_core.shell:Creating package descriptor '/home/mini/MiniROS/dew_ws/install/ball_tracker/share/ball_tracker/package.dsv'
[17.412s] INFO:colcon.colcon_core.shell:Creating package script '/home/mini/MiniROS/dew_ws/install/ball_tracker/share/ball_tracker/package.sh'
[17.418s] INFO:colcon.colcon_core.shell:Creating package script '/home/mini/MiniROS/dew_ws/install/ball_tracker/share/ball_tracker/package.bash'
[17.421s] INFO:colcon.colcon_core.shell:Creating package script '/home/mini/MiniROS/dew_ws/install/ball_tracker/share/ball_tracker/package.zsh'
[17.423s] Level 1:colcon.colcon_core.environment:create_file_with_runtime_dependencies(/home/mini/MiniROS/dew_ws/install/ball_tracker/share/colcon-core/packages/ball_tracker)
[19.366s] Level 1:colcon.colcon_core.environment:create_environment_scripts_only(mini_robot)
[19.368s] Level 1:colcon.colcon_core.environment:checking '/home/mini/MiniROS/dew_ws/install/mini_robot' for CMake module files
[19.371s] DEBUG:colcon.colcon_core.event_handler.log_command:Invoked command in '/home/mini/MiniROS/dew_ws/build/mini_robot' returned '0': CMAKE_PREFIX_PATH=/opt/ros/humble /usr/bin/cmake --install /home/mini/MiniROS/dew_ws/build/mini_robot
[19.374s] Level 1:colcon.colcon_core.environment:checking '/home/mini/MiniROS/dew_ws/install/mini_robot' for CMake config files
[19.378s] Level 1:colcon.colcon_core.shell:create_environment_hook('mini_robot', 'cmake_prefix_path')
[19.380s] INFO:colcon.colcon_core.shell:Creating environment hook '/home/mini/MiniROS/dew_ws/install/mini_robot/share/mini_robot/hook/cmake_prefix_path.ps1'
[19.383s] INFO:colcon.colcon_core.shell:Creating environment descriptor '/home/mini/MiniROS/dew_ws/install/mini_robot/share/mini_robot/hook/cmake_prefix_path.dsv'
[19.384s] INFO:colcon.colcon_core.shell:Creating environment hook '/home/mini/MiniROS/dew_ws/install/mini_robot/share/mini_robot/hook/cmake_prefix_path.sh'
[19.387s] Level 1:colcon.colcon_core.environment:checking '/home/mini/MiniROS/dew_ws/install/mini_robot/bin'
[19.388s] Level 1:colcon.colcon_core.environment:checking '/home/mini/MiniROS/dew_ws/install/mini_robot/lib/pkgconfig/mini_robot.pc'
[19.389s] Level 1:colcon.colcon_core.environment:checking '/home/mini/MiniROS/dew_ws/install/mini_robot/lib/python3.10/site-packages'
[19.391s] Level 1:colcon.colcon_core.environment:checking '/home/mini/MiniROS/dew_ws/install/mini_robot/bin'
[19.393s] INFO:colcon.colcon_core.shell:Creating package script '/home/mini/MiniROS/dew_ws/install/mini_robot/share/mini_robot/package.ps1'
[19.397s] INFO:colcon.colcon_core.shell:Creating package descriptor '/home/mini/MiniROS/dew_ws/install/mini_robot/share/mini_robot/package.dsv'
[19.400s] INFO:colcon.colcon_core.shell:Creating package script '/home/mini/MiniROS/dew_ws/install/mini_robot/share/mini_robot/package.sh'
[19.402s] INFO:colcon.colcon_core.shell:Creating package script '/home/mini/MiniROS/dew_ws/install/mini_robot/share/mini_robot/package.bash'
[19.404s] INFO:colcon.colcon_core.shell:Creating package script '/home/mini/MiniROS/dew_ws/install/mini_robot/share/mini_robot/package.zsh'
[19.405s] Level 1:colcon.colcon_core.environment:create_file_with_runtime_dependencies(/home/mini/MiniROS/dew_ws/install/mini_robot/share/colcon-core/packages/mini_robot)
[19.550s] Level 1:colcon.colcon_core.environment:create_environment_scripts_only(mini_robot)
[19.551s] Level 1:colcon.colcon_core.environment:checking '/home/mini/MiniROS/dew_ws/install/mini_robot' for CMake module files
[19.556s] Level 1:colcon.colcon_core.environment:checking '/home/mini/MiniROS/dew_ws/install/mini_robot' for CMake config files
[19.559s] Level 1:colcon.colcon_core.shell:create_environment_hook('mini_robot', 'cmake_prefix_path')
[19.561s] INFO:colcon.colcon_core.shell:Creating environment hook '/home/mini/MiniROS/dew_ws/install/mini_robot/share/mini_robot/hook/cmake_prefix_path.ps1'
[19.565s] INFO:colcon.colcon_core.shell:Creating environment descriptor '/home/mini/MiniROS/dew_ws/install/mini_robot/share/mini_robot/hook/cmake_prefix_path.dsv'
[19.567s] INFO:colcon.colcon_core.shell:Creating environment hook '/home/mini/MiniROS/dew_ws/install/mini_robot/share/mini_robot/hook/cmake_prefix_path.sh'
[19.571s] Level 1:colcon.colcon_core.environment:checking '/home/mini/MiniROS/dew_ws/install/mini_robot/bin'
[19.571s] Level 1:colcon.colcon_core.environment:checking '/home/mini/MiniROS/dew_ws/install/mini_robot/lib/pkgconfig/mini_robot.pc'
[19.572s] Level 1:colcon.colcon_core.environment:checking '/home/mini/MiniROS/dew_ws/install/mini_robot/lib/python3.10/site-packages'
[19.574s] Level 1:colcon.colcon_core.environment:checking '/home/mini/MiniROS/dew_ws/install/mini_robot/bin'
[19.576s] INFO:colcon.colcon_core.shell:Creating package script '/home/mini/MiniROS/dew_ws/install/mini_robot/share/mini_robot/package.ps1'
[19.580s] INFO:colcon.colcon_core.shell:Creating package descriptor '/home/mini/MiniROS/dew_ws/install/mini_robot/share/mini_robot/package.dsv'
[19.584s] INFO:colcon.colcon_core.shell:Creating package script '/home/mini/MiniROS/dew_ws/install/mini_robot/share/mini_robot/package.sh'
[19.587s] INFO:colcon.colcon_core.shell:Creating package script '/home/mini/MiniROS/dew_ws/install/mini_robot/share/mini_robot/package.bash'
[19.589s] INFO:colcon.colcon_core.shell:Creating package script '/home/mini/MiniROS/dew_ws/install/mini_robot/share/mini_robot/package.zsh'
[19.593s] Level 1:colcon.colcon_core.environment:create_file_with_runtime_dependencies(/home/mini/MiniROS/dew_ws/install/mini_robot/share/colcon-core/packages/mini_robot)
[19.595s] DEBUG:colcon.colcon_parallel_executor.executor.parallel:closing loop
[19.597s] DEBUG:colcon.colcon_parallel_executor.executor.parallel:loop closed
[19.598s] DEBUG:colcon.colcon_parallel_executor.executor.parallel:run_until_complete finished with '0'
[19.599s] DEBUG:colcon.colcon_core.event_reactor:joining thread
[19.658s] INFO:colcon.colcon_core.plugin_system:Skipping extension 'colcon_notification.desktop_notification.terminal_notifier': Not used on non-Darwin systems
[19.659s] INFO:colcon.colcon_core.plugin_system:Skipping extension 'colcon_notification.desktop_notification.win32': Not used on non-Windows systems
[19.659s] INFO:colcon.colcon_notification.desktop_notification:Sending desktop notification using 'notify2'
[19.770s] DEBUG:colcon.colcon_core.event_reactor:joined thread
[19.772s] INFO:colcon.colcon_core.shell:Creating prefix script '/home/mini/MiniROS/dew_ws/install/local_setup.ps1'
[19.782s] INFO:colcon.colcon_core.shell:Creating prefix util module '/home/mini/MiniROS/dew_ws/install/_local_setup_util_ps1.py'
[19.793s] INFO:colcon.colcon_core.shell:Creating prefix chain script '/home/mini/MiniROS/dew_ws/install/setup.ps1'
[19.803s] INFO:colcon.colcon_core.shell:Creating prefix script '/home/mini/MiniROS/dew_ws/install/local_setup.sh'
[19.808s] INFO:colcon.colcon_core.shell:Creating prefix util module '/home/mini/MiniROS/dew_ws/install/_local_setup_util_sh.py'
[19.811s] INFO:colcon.colcon_core.shell:Creating prefix chain script '/home/mini/MiniROS/dew_ws/install/setup.sh'
[19.818s] INFO:colcon.colcon_core.shell:Creating prefix script '/home/mini/MiniROS/dew_ws/install/local_setup.bash'
[19.822s] INFO:colcon.colcon_core.shell:Creating prefix chain script '/home/mini/MiniROS/dew_ws/install/setup.bash'
[19.829s] INFO:colcon.colcon_core.shell:Creating prefix script '/home/mini/MiniROS/dew_ws/install/local_setup.zsh'
[19.834s] INFO:colcon.colcon_core.shell:Creating prefix chain script '/home/mini/MiniROS/dew_ws/install/setup.zsh'
