[1.094s] Invoking command in '/home/neslisah/Documents/2023-2024Spring/ME462/MiniROS/dew_ws/build/mini_control': PYTHONPATH=/home/neslisah/Documents/2023-2024Spring/ME462/MiniROS/dew_ws/build/mini_control/prefix_override:/home/neslisah/Documents/2023-2024Spring/ME462/MiniROS/dew_ws/install/mini_control/lib/python3.10/site-packages:${PYTHONPATH} /usr/bin/python3 -W ignore:setup.py install is deprecated setup.py develop --editable --build-directory /home/neslisah/Documents/2023-2024Spring/ME462/MiniROS/dew_ws/build/mini_control/build --no-deps symlink_data
[1.363s] running develop
[1.559s] running egg_info
[1.560s] creating mini_control.egg-info
[1.560s] writing mini_control.egg-info/PKG-INFO
[1.560s] writing dependency_links to mini_control.egg-info/dependency_links.txt
[1.560s] writing entry points to mini_control.egg-info/entry_points.txt
[1.560s] writing requirements to mini_control.egg-info/requires.txt
[1.560s] writing top-level names to mini_control.egg-info/top_level.txt
[1.560s] writing manifest file 'mini_control.egg-info/SOURCES.txt'
[1.562s] reading manifest file 'mini_control.egg-info/SOURCES.txt'
[1.563s] writing manifest file 'mini_control.egg-info/SOURCES.txt'
[1.563s] running build_ext
[1.564s] Creating /home/neslisah/Documents/2023-2024Spring/ME462/MiniROS/dew_ws/install/mini_control/lib/python3.10/site-packages/mini-control.egg-link (link to .)
[1.564s] Installing battery script to /home/neslisah/Documents/2023-2024Spring/ME462/MiniROS/dew_ws/install/mini_control/lib/mini_control
[1.564s] Installing bumper script to /home/neslisah/Documents/2023-2024Spring/ME462/MiniROS/dew_ws/install/mini_control/lib/mini_control
[1.564s] Installing camera_test script to /home/neslisah/Documents/2023-2024Spring/ME462/MiniROS/dew_ws/install/mini_control/lib/mini_control
[1.565s] Installing emergency_button script to /home/neslisah/Documents/2023-2024Spring/ME462/MiniROS/dew_ws/install/mini_control/lib/mini_control
[1.565s] Installing improved_teleop_key script to /home/neslisah/Documents/2023-2024Spring/ME462/MiniROS/dew_ws/install/mini_control/lib/mini_control
[1.565s] Installing neopixel script to /home/neslisah/Documents/2023-2024Spring/ME462/MiniROS/dew_ws/install/mini_control/lib/mini_control
[1.565s] Installing pipe_read script to /home/neslisah/Documents/2023-2024Spring/ME462/MiniROS/dew_ws/install/mini_control/lib/mini_control
[1.565s] Installing pipe_write script to /home/neslisah/Documents/2023-2024Spring/ME462/MiniROS/dew_ws/install/mini_control/lib/mini_control
[1.565s] Installing velocity_node script to /home/neslisah/Documents/2023-2024Spring/ME462/MiniROS/dew_ws/install/mini_control/lib/mini_control
[1.566s] 
[1.566s] Installed /home/neslisah/Documents/2023-2024Spring/ME462/MiniROS/dew_ws/build/mini_control
[1.566s] running symlink_data
[1.566s] creating /home/neslisah/Documents/2023-2024Spring/ME462/MiniROS/dew_ws/install/mini_control/share/ament_index
[1.566s] creating /home/neslisah/Documents/2023-2024Spring/ME462/MiniROS/dew_ws/install/mini_control/share/ament_index/resource_index
[1.566s] creating /home/neslisah/Documents/2023-2024Spring/ME462/MiniROS/dew_ws/install/mini_control/share/ament_index/resource_index/packages
[1.566s] symbolically linking /home/neslisah/Documents/2023-2024Spring/ME462/MiniROS/dew_ws/build/mini_control/resource/mini_control -> /home/neslisah/Documents/2023-2024Spring/ME462/MiniROS/dew_ws/install/mini_control/share/ament_index/resource_index/packages
[1.566s] symbolically linking /home/neslisah/Documents/2023-2024Spring/ME462/MiniROS/dew_ws/build/mini_control/package.xml -> /home/neslisah/Documents/2023-2024Spring/ME462/MiniROS/dew_ws/install/mini_control/share/mini_control
[1.566s] creating /home/neslisah/Documents/2023-2024Spring/ME462/MiniROS/dew_ws/install/mini_control/share/mini_control/launch
[1.566s] symbolically linking /home/neslisah/Documents/2023-2024Spring/ME462/MiniROS/dew_ws/build/mini_control/launch/emergency_launch.py -> /home/neslisah/Documents/2023-2024Spring/ME462/MiniROS/dew_ws/install/mini_control/share/mini_control/launch
[1.567s] symbolically linking /home/neslisah/Documents/2023-2024Spring/ME462/MiniROS/dew_ws/build/mini_control/launch/battery.launch.py -> /home/neslisah/Documents/2023-2024Spring/ME462/MiniROS/dew_ws/install/mini_control/share/mini_control/launch
[1.626s] Invoked command in '/home/neslisah/Documents/2023-2024Spring/ME462/MiniROS/dew_ws/build/mini_control' returned '0': PYTHONPATH=/home/neslisah/Documents/2023-2024Spring/ME462/MiniROS/dew_ws/build/mini_control/prefix_override:/home/neslisah/Documents/2023-2024Spring/ME462/MiniROS/dew_ws/install/mini_control/lib/python3.10/site-packages:${PYTHONPATH} /usr/bin/python3 -W ignore:setup.py install is deprecated setup.py develop --editable --build-directory /home/neslisah/Documents/2023-2024Spring/ME462/MiniROS/dew_ws/build/mini_control/build --no-deps symlink_data
