[8.667s] Invoking command in '/home/mini/MiniROS/dew_ws/build/mini_control': PYTHONPATH=/home/mini/MiniROS/dew_ws/build/mini_control/prefix_override:/usr/lib/python3/dist-packages/colcon_core/task/python/colcon_distutils_commands:/home/mini/MiniROS/dew_ws/install/mini_control/lib/python3.10/site-packages:${PYTHONPATH} /usr/bin/python3 -W ignore:setup.py install is deprecated setup.py develop --editable --build-directory /home/mini/MiniROS/dew_ws/build/mini_control/build --no-deps symlink_data
[10.680s] running develop
[10.683s] /usr/lib/python3/dist-packages/setuptools/command/easy_install.py:158: EasyInstallDeprecationWarning: easy_install command is deprecated. Use build and pip and other standards-based tools.
[10.684s]   warnings.warn(
[12.156s] running egg_info
[12.159s] writing mini_control.egg-info/PKG-INFO
[12.168s] writing dependency_links to mini_control.egg-info/dependency_links.txt
[12.169s] writing entry points to mini_control.egg-info/entry_points.txt
[12.169s] writing requirements to mini_control.egg-info/requires.txt
[12.170s] writing top-level names to mini_control.egg-info/top_level.txt
[12.171s] reading manifest file 'mini_control.egg-info/SOURCES.txt'
[12.173s] writing manifest file 'mini_control.egg-info/SOURCES.txt'
[12.176s] running build_ext
[12.176s] Creating /home/mini/MiniROS/dew_ws/install/mini_control/lib/python3.10/site-packages/mini-control.egg-link (link to .)
[12.193s] Installing battery script to /home/mini/MiniROS/dew_ws/install/mini_control/lib/mini_control
[12.200s] Installing bumper script to /home/mini/MiniROS/dew_ws/install/mini_control/lib/mini_control
[12.203s] Installing camera_test script to /home/mini/MiniROS/dew_ws/install/mini_control/lib/mini_control
[12.204s] Installing emergency_button script to /home/mini/MiniROS/dew_ws/install/mini_control/lib/mini_control
[12.205s] Installing improved_teleop_key script to /home/mini/MiniROS/dew_ws/install/mini_control/lib/mini_control
[12.220s] Installing neopixel script to /home/mini/MiniROS/dew_ws/install/mini_control/lib/mini_control
[12.222s] Installing pipe_read script to /home/mini/MiniROS/dew_ws/install/mini_control/lib/mini_control
[12.223s] Installing pipe_write script to /home/mini/MiniROS/dew_ws/install/mini_control/lib/mini_control
[12.225s] Installing velocity_node script to /home/mini/MiniROS/dew_ws/install/mini_control/lib/mini_control
[12.227s] 
[12.230s] Installed /home/mini/MiniROS/dew_ws/build/mini_control
[12.232s] running symlink_data
[12.519s] Invoked command in '/home/mini/MiniROS/dew_ws/build/mini_control' returned '0': PYTHONPATH=/home/mini/MiniROS/dew_ws/build/mini_control/prefix_override:/usr/lib/python3/dist-packages/colcon_core/task/python/colcon_distutils_commands:/home/mini/MiniROS/dew_ws/install/mini_control/lib/python3.10/site-packages:${PYTHONPATH} /usr/bin/python3 -W ignore:setup.py install is deprecated setup.py develop --editable --build-directory /home/mini/MiniROS/dew_ws/build/mini_control/build --no-deps symlink_data
