[6.036s] Invoking command in '/home/mini/MiniROS/dew_ws/build/mini_control': PYTHONPATH=/home/mini/MiniROS/dew_ws/build/mini_control/prefix_override:/usr/lib/python3/dist-packages/colcon_core/task/python/colcon_distutils_commands:/home/mini/MiniROS/dew_ws/install/mini_control/lib/python3.10/site-packages:${PYTHONPATH} /usr/bin/python3 -W ignore:setup.py install is deprecated setup.py develop --editable --build-directory /home/mini/MiniROS/dew_ws/build/mini_control/build --no-deps symlink_data
[7.663s] running develop
[7.666s] /usr/lib/python3/dist-packages/setuptools/command/easy_install.py:158: EasyInstallDeprecationWarning: easy_install command is deprecated. Use build and pip and other standards-based tools.
[7.667s]   warnings.warn(
[8.875s] running egg_info
[8.876s] writing mini_control.egg-info/PKG-INFO
[8.879s] writing dependency_links to mini_control.egg-info/dependency_links.txt
[8.880s] writing entry points to mini_control.egg-info/entry_points.txt
[8.882s] writing requirements to mini_control.egg-info/requires.txt
[8.883s] writing top-level names to mini_control.egg-info/top_level.txt
[8.890s] reading manifest file 'mini_control.egg-info/SOURCES.txt'
[8.895s] writing manifest file 'mini_control.egg-info/SOURCES.txt'
[8.903s] running build_ext
[8.905s] Creating /home/mini/MiniROS/dew_ws/install/mini_control/lib/python3.10/site-packages/mini-control.egg-link (link to .)
[8.910s] Installing bumper script to /home/mini/MiniROS/dew_ws/install/mini_control/lib/mini_control
[8.911s] Installing camera_test script to /home/mini/MiniROS/dew_ws/install/mini_control/lib/mini_control
[8.913s] Installing emergency_button script to /home/mini/MiniROS/dew_ws/install/mini_control/lib/mini_control
[8.915s] Installing improved_teleop_key script to /home/mini/MiniROS/dew_ws/install/mini_control/lib/mini_control
[8.918s] Installing neopixel script to /home/mini/MiniROS/dew_ws/install/mini_control/lib/mini_control
[8.920s] Installing pipe_read script to /home/mini/MiniROS/dew_ws/install/mini_control/lib/mini_control
[8.921s] Installing pipe_write script to /home/mini/MiniROS/dew_ws/install/mini_control/lib/mini_control
[8.921s] Installing velocity_node script to /home/mini/MiniROS/dew_ws/install/mini_control/lib/mini_control
[8.922s] 
[8.922s] Installed /home/mini/MiniROS/dew_ws/build/mini_control
[8.922s] running symlink_data
[9.165s] Invoked command in '/home/mini/MiniROS/dew_ws/build/mini_control' returned '0': PYTHONPATH=/home/mini/MiniROS/dew_ws/build/mini_control/prefix_override:/usr/lib/python3/dist-packages/colcon_core/task/python/colcon_distutils_commands:/home/mini/MiniROS/dew_ws/install/mini_control/lib/python3.10/site-packages:${PYTHONPATH} /usr/bin/python3 -W ignore:setup.py install is deprecated setup.py develop --editable --build-directory /home/mini/MiniROS/dew_ws/build/mini_control/build --no-deps symlink_data
