[2.993s] Invoking command in '/home/mini/MiniROS/dew_ws/build/mini_robot': CMAKE_PREFIX_PATH=${CMAKE_PREFIX_PATH}:/home/mini/MiniROS/dew_ws/install/mini_control:/home/mini/MiniROS/dew_ws/install/ball_tracker:/opt/ros/humble /usr/bin/cmake --build /home/mini/MiniROS/dew_ws/build/mini_robot -- -j4 -l4
[3.496s] Invoked command in '/home/mini/MiniROS/dew_ws/build/mini_robot' returned '0': CMAKE_PREFIX_PATH=${CMAKE_PREFIX_PATH}:/home/mini/MiniROS/dew_ws/install/mini_control:/home/mini/MiniROS/dew_ws/install/ball_tracker:/opt/ros/humble /usr/bin/cmake --build /home/mini/MiniROS/dew_ws/build/mini_robot -- -j4 -l4
[3.687s] Invoking command in '/home/mini/MiniROS/dew_ws/build/mini_robot': CMAKE_PREFIX_PATH=${CMAKE_PREFIX_PATH}:/home/mini/MiniROS/dew_ws/install/mini_control:/home/mini/MiniROS/dew_ws/install/ball_tracker:/opt/ros/humble /usr/bin/cmake --install /home/mini/MiniROS/dew_ws/build/mini_robot
[3.724s] -- Install configuration: ""
[3.729s] -- Execute custom install script
[3.740s] -- Up-to-date symlink: /home/mini/MiniROS/dew_ws/install/mini_robot/share/mini_robot/config/ball_tracker_params_robot.yaml
[3.742s] -- Up-to-date symlink: /home/mini/MiniROS/dew_ws/install/mini_robot/share/mini_robot/config/ball_tracker_params_sim.yaml
[3.754s] -- Up-to-date symlink: /home/mini/MiniROS/dew_ws/install/mini_robot/share/mini_robot/config/drive_bot.rviz
[3.755s] -- Up-to-date symlink: /home/mini/MiniROS/dew_ws/install/mini_robot/share/mini_robot/config/empty.yaml
[3.756s] -- Up-to-date symlink: /home/mini/MiniROS/dew_ws/install/mini_robot/share/mini_robot/config/gaz_ros2_ctl_use_sim.yaml
[3.757s] -- Up-to-date symlink: /home/mini/MiniROS/dew_ws/install/mini_robot/share/mini_robot/config/gazebo_params.yaml
[3.757s] -- Up-to-date symlink: /home/mini/MiniROS/dew_ws/install/mini_robot/share/mini_robot/config/joystick.yaml
[3.758s] -- Up-to-date symlink: /home/mini/MiniROS/dew_ws/install/mini_robot/share/mini_robot/config/main.rviz
[3.759s] -- Up-to-date symlink: /home/mini/MiniROS/dew_ws/install/mini_robot/share/mini_robot/config/map.rviz
[3.759s] -- Up-to-date symlink: /home/mini/MiniROS/dew_ws/install/mini_robot/share/mini_robot/config/mapper_params_online_async.yaml
[3.761s] -- Up-to-date symlink: /home/mini/MiniROS/dew_ws/install/mini_robot/share/mini_robot/config/my_controllers.yaml
[3.762s] -- Up-to-date symlink: /home/mini/MiniROS/dew_ws/install/mini_robot/share/mini_robot/config/nav2_params.yaml
[3.763s] -- Up-to-date symlink: /home/mini/MiniROS/dew_ws/install/mini_robot/share/mini_robot/config/twist_mux.yaml
[3.763s] -- Up-to-date symlink: /home/mini/MiniROS/dew_ws/install/mini_robot/share/mini_robot/config/view_bot.rviz
[3.767s] -- Up-to-date symlink: /home/mini/MiniROS/dew_ws/install/mini_robot/share/mini_robot/description/camera.xacro
[3.768s] -- Up-to-date symlink: /home/mini/MiniROS/dew_ws/install/mini_robot/share/mini_robot/description/gazebo_control.xacro
[3.771s] -- Up-to-date symlink: /home/mini/MiniROS/dew_ws/install/mini_robot/share/mini_robot/description/inertial_macros.xacro
[3.774s] -- Up-to-date symlink: /home/mini/MiniROS/dew_ws/install/mini_robot/share/mini_robot/description/lidar.xacro
[3.777s] -- Up-to-date symlink: /home/mini/MiniROS/dew_ws/install/mini_robot/share/mini_robot/description/robot.urdf.xacro
[3.780s] -- Up-to-date symlink: /home/mini/MiniROS/dew_ws/install/mini_robot/share/mini_robot/description/robot_core.xacro
[3.782s] -- Up-to-date symlink: /home/mini/MiniROS/dew_ws/install/mini_robot/share/mini_robot/description/ros2_control.xacro
[3.787s] -- Up-to-date symlink: /home/mini/MiniROS/dew_ws/install/mini_robot/share/mini_robot/launch/ball_tracker.launch.py
[3.789s] -- Up-to-date symlink: /home/mini/MiniROS/dew_ws/install/mini_robot/share/mini_robot/launch/camera.launch.py
[3.790s] -- Up-to-date symlink: /home/mini/MiniROS/dew_ws/install/mini_robot/share/mini_robot/launch/joystick.launch.py
[3.792s] -- Up-to-date symlink: /home/mini/MiniROS/dew_ws/install/mini_robot/share/mini_robot/launch/launch_robot.launch.py
[3.794s] -- Up-to-date symlink: /home/mini/MiniROS/dew_ws/install/mini_robot/share/mini_robot/launch/launch_sim.launch.py
[3.796s] -- Up-to-date symlink: /home/mini/MiniROS/dew_ws/install/mini_robot/share/mini_robot/launch/localization_launch.py
[3.802s] -- Up-to-date symlink: /home/mini/MiniROS/dew_ws/install/mini_robot/share/mini_robot/launch/navigation_launch.py
[3.803s] -- Up-to-date symlink: /home/mini/MiniROS/dew_ws/install/mini_robot/share/mini_robot/launch/online_async_launch.py
[3.804s] -- Up-to-date symlink: /home/mini/MiniROS/dew_ws/install/mini_robot/share/mini_robot/launch/rplidar.launch.py
[3.804s] -- Up-to-date symlink: /home/mini/MiniROS/dew_ws/install/mini_robot/share/mini_robot/launch/rsp.launch.py
[3.807s] -- Up-to-date symlink: /home/mini/MiniROS/dew_ws/install/mini_robot/share/mini_robot/worlds/empty.world
[3.809s] -- Up-to-date symlink: /home/mini/MiniROS/dew_ws/install/mini_robot/share/mini_robot/worlds/obstacles.world
[3.811s] -- Up-to-date symlink: /home/mini/MiniROS/dew_ws/install/mini_robot/share/ament_index/resource_index/package_run_dependencies/mini_robot
[3.813s] -- Up-to-date symlink: /home/mini/MiniROS/dew_ws/install/mini_robot/share/ament_index/resource_index/parent_prefix_path/mini_robot
[3.816s] -- Up-to-date symlink: /home/mini/MiniROS/dew_ws/install/mini_robot/share/mini_robot/environment/ament_prefix_path.sh
[3.818s] -- Up-to-date symlink: /home/mini/MiniROS/dew_ws/install/mini_robot/share/mini_robot/environment/ament_prefix_path.dsv
[3.819s] -- Up-to-date symlink: /home/mini/MiniROS/dew_ws/install/mini_robot/share/mini_robot/environment/path.sh
[3.820s] -- Up-to-date symlink: /home/mini/MiniROS/dew_ws/install/mini_robot/share/mini_robot/environment/path.dsv
[3.822s] -- Up-to-date symlink: /home/mini/MiniROS/dew_ws/install/mini_robot/share/mini_robot/local_setup.bash
[3.824s] -- Up-to-date symlink: /home/mini/MiniROS/dew_ws/install/mini_robot/share/mini_robot/local_setup.sh
[3.826s] -- Up-to-date symlink: /home/mini/MiniROS/dew_ws/install/mini_robot/share/mini_robot/local_setup.zsh
[3.827s] -- Up-to-date symlink: /home/mini/MiniROS/dew_ws/install/mini_robot/share/mini_robot/local_setup.dsv
[3.829s] -- Symlinking: /home/mini/MiniROS/dew_ws/install/mini_robot/share/mini_robot/package.dsv
[3.874s] -- Up-to-date symlink: /home/mini/MiniROS/dew_ws/install/mini_robot/share/ament_index/resource_index/packages/mini_robot
[3.877s] -- Up-to-date symlink: /home/mini/MiniROS/dew_ws/install/mini_robot/share/mini_robot/cmake/mini_robotConfig.cmake
[3.878s] -- Up-to-date symlink: /home/mini/MiniROS/dew_ws/install/mini_robot/share/mini_robot/cmake/mini_robotConfig-version.cmake
[3.880s] -- Up-to-date symlink: /home/mini/MiniROS/dew_ws/install/mini_robot/share/mini_robot/package.xml
[3.890s] Invoked command in '/home/mini/MiniROS/dew_ws/build/mini_robot' returned '0': CMAKE_PREFIX_PATH=${CMAKE_PREFIX_PATH}:/home/mini/MiniROS/dew_ws/install/mini_control:/home/mini/MiniROS/dew_ws/install/ball_tracker:/opt/ros/humble /usr/bin/cmake --install /home/mini/MiniROS/dew_ws/build/mini_robot
