[0.982s] DEBUG:colcon:Command line arguments: ['/usr/bin/colcon', 'build', '--symlink-install']
[0.982s] DEBUG:colcon:Parsed command line arguments: Namespace(log_base=None, log_level=None, verb_name='build', build_base='build', install_base='install', merge_install=False, symlink_install=True, test_result_base=None, continue_on_error=False, executor='parallel', parallel_workers=4, event_handlers=None, ignore_user_meta=False, metas=['./colcon.meta'], base_paths=['.'], packages_ignore=None, packages_ignore_regex=None, paths=None, packages_up_to=None, packages_up_to_regex=None, packages_above=None, packages_above_and_dependencies=None, packages_above_depth=None, packages_select_by_dep=None, packages_skip_by_dep=None, packages_skip_up_to=None, packages_select_build_failed=False, packages_skip_build_finished=False, packages_select_test_failures=False, packages_skip_test_passed=False, packages_select=None, packages_skip=None, packages_select_regex=None, packages_skip_regex=None, packages_start=None, packages_end=None, allow_overriding=[], cmake_args=None, cmake_target=None, cmake_target_skip_unavailable=False, cmake_clean_cache=False, cmake_clean_first=False, cmake_force_configure=False, ament_cmake_args=None, catkin_cmake_args=None, catkin_skip_building_tests=False, mixin_files=None, mixin=None, verb_parser=<colcon_mixin.mixin.mixin_argument.MixinArgumentDecorator object at 0xffffaf572710>, verb_extension=<colcon_core.verb.build.BuildVerb object at 0xffffaf68ed40>, main=<bound method BuildVerb.main of <colcon_core.verb.build.BuildVerb object at 0xffffaf68ed40>>, mixin_verb=('build',))
[2.425s] Level 1:colcon.colcon_core.package_discovery:discover_packages(colcon_meta) check parameters
[2.425s] Level 1:colcon.colcon_core.package_discovery:discover_packages(recursive) check parameters
[2.426s] Level 1:colcon.colcon_core.package_discovery:discover_packages(ignore) check parameters
[2.426s] Level 1:colcon.colcon_core.package_discovery:discover_packages(path) check parameters
[2.426s] Level 1:colcon.colcon_core.package_discovery:discover_packages(colcon_meta) discover
[2.427s] Level 1:colcon.colcon_core.package_discovery:discover_packages(recursive) discover
[2.427s] INFO:colcon.colcon_core.package_discovery:Crawling recursively for packages in '/home/mini/MiniROS/dew_ws'
[2.427s] Level 1:colcon.colcon_core.package_identification:_identify(.) by extensions ['ignore', 'ignore_ament_install']
[2.428s] Level 1:colcon.colcon_core.package_identification:_identify(.) by extension 'ignore'
[2.428s] Level 1:colcon.colcon_core.package_identification:_identify(.) by extension 'ignore_ament_install'
[2.429s] Level 1:colcon.colcon_core.package_identification:_identify(.) by extensions ['colcon_pkg']
[2.429s] Level 1:colcon.colcon_core.package_identification:_identify(.) by extension 'colcon_pkg'
[2.429s] Level 1:colcon.colcon_core.package_identification:_identify(.) by extensions ['colcon_meta']
[2.430s] Level 1:colcon.colcon_core.package_identification:_identify(.) by extension 'colcon_meta'
[2.430s] Level 1:colcon.colcon_core.package_identification:_identify(.) by extensions ['ros']
[2.430s] Level 1:colcon.colcon_core.package_identification:_identify(.) by extension 'ros'
[2.520s] Level 1:colcon.colcon_core.package_identification:_identify(.) by extensions ['cmake', 'python']
[2.520s] Level 1:colcon.colcon_core.package_identification:_identify(.) by extension 'cmake'
[2.521s] Level 1:colcon.colcon_core.package_identification:_identify(.) by extension 'python'
[2.521s] Level 1:colcon.colcon_core.package_identification:_identify(.) by extensions ['python_setup_py']
[2.521s] Level 1:colcon.colcon_core.package_identification:_identify(.) by extension 'python_setup_py'
[2.522s] Level 1:colcon.colcon_core.package_identification:_identify(build) by extensions ['ignore', 'ignore_ament_install']
[2.522s] Level 1:colcon.colcon_core.package_identification:_identify(build) by extension 'ignore'
[2.523s] Level 1:colcon.colcon_core.package_identification:_identify(build) ignored
[2.523s] Level 1:colcon.colcon_core.package_identification:_identify(install) by extensions ['ignore', 'ignore_ament_install']
[2.524s] Level 1:colcon.colcon_core.package_identification:_identify(install) by extension 'ignore'
[2.524s] Level 1:colcon.colcon_core.package_identification:_identify(install) ignored
[2.525s] Level 1:colcon.colcon_core.package_identification:_identify(log) by extensions ['ignore', 'ignore_ament_install']
[2.525s] Level 1:colcon.colcon_core.package_identification:_identify(log) by extension 'ignore'
[2.526s] Level 1:colcon.colcon_core.package_identification:_identify(log) ignored
[2.526s] Level 1:colcon.colcon_core.package_identification:_identify(src) by extensions ['ignore', 'ignore_ament_install']
[2.527s] Level 1:colcon.colcon_core.package_identification:_identify(src) by extension 'ignore'
[2.527s] Level 1:colcon.colcon_core.package_identification:_identify(src) by extension 'ignore_ament_install'
[2.527s] Level 1:colcon.colcon_core.package_identification:_identify(src) by extensions ['colcon_pkg']
[2.527s] Level 1:colcon.colcon_core.package_identification:_identify(src) by extension 'colcon_pkg'
[2.528s] Level 1:colcon.colcon_core.package_identification:_identify(src) by extensions ['colcon_meta']
[2.528s] Level 1:colcon.colcon_core.package_identification:_identify(src) by extension 'colcon_meta'
[2.528s] Level 1:colcon.colcon_core.package_identification:_identify(src) by extensions ['ros']
[2.528s] Level 1:colcon.colcon_core.package_identification:_identify(src) by extension 'ros'
[2.529s] Level 1:colcon.colcon_core.package_identification:_identify(src) by extensions ['cmake', 'python']
[2.529s] Level 1:colcon.colcon_core.package_identification:_identify(src) by extension 'cmake'
[2.529s] Level 1:colcon.colcon_core.package_identification:_identify(src) by extension 'python'
[2.529s] Level 1:colcon.colcon_core.package_identification:_identify(src) by extensions ['python_setup_py']
[2.530s] Level 1:colcon.colcon_core.package_identification:_identify(src) by extension 'python_setup_py'
[2.530s] Level 1:colcon.colcon_core.package_identification:_identify(src/ball_tracker) by extensions ['ignore', 'ignore_ament_install']
[2.531s] Level 1:colcon.colcon_core.package_identification:_identify(src/ball_tracker) by extension 'ignore'
[2.531s] Level 1:colcon.colcon_core.package_identification:_identify(src/ball_tracker) by extension 'ignore_ament_install'
[2.531s] Level 1:colcon.colcon_core.package_identification:_identify(src/ball_tracker) by extensions ['colcon_pkg']
[2.532s] Level 1:colcon.colcon_core.package_identification:_identify(src/ball_tracker) by extension 'colcon_pkg'
[2.532s] Level 1:colcon.colcon_core.package_identification:_identify(src/ball_tracker) by extensions ['colcon_meta']
[2.532s] Level 1:colcon.colcon_core.package_identification:_identify(src/ball_tracker) by extension 'colcon_meta'
[2.532s] Level 1:colcon.colcon_core.package_identification:_identify(src/ball_tracker) by extensions ['ros']
[2.532s] Level 1:colcon.colcon_core.package_identification:_identify(src/ball_tracker) by extension 'ros'
[2.560s] DEBUG:colcon.colcon_core.package_identification:Package 'src/ball_tracker' with type 'ros.ament_python' and name 'ball_tracker'
[2.561s] Level 1:colcon.colcon_core.package_identification:_identify(src/mini_control) by extensions ['ignore', 'ignore_ament_install']
[2.562s] Level 1:colcon.colcon_core.package_identification:_identify(src/mini_control) by extension 'ignore'
[2.563s] Level 1:colcon.colcon_core.package_identification:_identify(src/mini_control) by extension 'ignore_ament_install'
[2.563s] Level 1:colcon.colcon_core.package_identification:_identify(src/mini_control) by extensions ['colcon_pkg']
[2.563s] Level 1:colcon.colcon_core.package_identification:_identify(src/mini_control) by extension 'colcon_pkg'
[2.564s] Level 1:colcon.colcon_core.package_identification:_identify(src/mini_control) by extensions ['colcon_meta']
[2.564s] Level 1:colcon.colcon_core.package_identification:_identify(src/mini_control) by extension 'colcon_meta'
[2.564s] Level 1:colcon.colcon_core.package_identification:_identify(src/mini_control) by extensions ['ros']
[2.564s] Level 1:colcon.colcon_core.package_identification:_identify(src/mini_control) by extension 'ros'
[2.571s] DEBUG:colcon.colcon_core.package_identification:Package 'src/mini_control' with type 'ros.ament_python' and name 'mini_control'
[2.571s] Level 1:colcon.colcon_core.package_identification:_identify(src/mini_robot) by extensions ['ignore', 'ignore_ament_install']
[2.572s] Level 1:colcon.colcon_core.package_identification:_identify(src/mini_robot) by extension 'ignore'
[2.572s] Level 1:colcon.colcon_core.package_identification:_identify(src/mini_robot) by extension 'ignore_ament_install'
[2.573s] Level 1:colcon.colcon_core.package_identification:_identify(src/mini_robot) by extensions ['colcon_pkg']
[2.573s] Level 1:colcon.colcon_core.package_identification:_identify(src/mini_robot) by extension 'colcon_pkg'
[2.573s] Level 1:colcon.colcon_core.package_identification:_identify(src/mini_robot) by extensions ['colcon_meta']
[2.574s] Level 1:colcon.colcon_core.package_identification:_identify(src/mini_robot) by extension 'colcon_meta'
[2.574s] Level 1:colcon.colcon_core.package_identification:_identify(src/mini_robot) by extensions ['ros']
[2.574s] Level 1:colcon.colcon_core.package_identification:_identify(src/mini_robot) by extension 'ros'
[2.577s] DEBUG:colcon.colcon_core.package_identification:Package 'src/mini_robot' with type 'ros.ament_cmake' and name 'mini_robot'
[2.578s] Level 1:colcon.colcon_core.package_discovery:discover_packages(recursive) using defaults
[2.578s] Level 1:colcon.colcon_core.package_discovery:discover_packages(ignore) discover
[2.578s] Level 1:colcon.colcon_core.package_discovery:discover_packages(ignore) using defaults
[2.579s] Level 1:colcon.colcon_core.package_discovery:discover_packages(path) discover
[2.579s] Level 1:colcon.colcon_core.package_discovery:discover_packages(path) using defaults
[2.741s] Level 1:colcon.colcon_core.package_discovery:discover_packages(prefix_path) check parameters
[2.741s] Level 1:colcon.colcon_core.package_discovery:discover_packages(prefix_path) discover
[2.760s] DEBUG:colcon.colcon_installed_package_information.package_discovery:Found 3 installed packages in /home/mini/MiniROS/dew_ws/install
[2.773s] DEBUG:colcon.colcon_installed_package_information.package_discovery:Found 277 installed packages in /opt/ros/humble
[2.786s] Level 1:colcon.colcon_core.package_discovery:discover_packages(prefix_path) using defaults
[3.254s] Level 5:colcon.colcon_core.verb:set package 'ball_tracker' build argument 'cmake_args' from command line to 'None'
[3.254s] Level 5:colcon.colcon_core.verb:set package 'ball_tracker' build argument 'cmake_target' from command line to 'None'
[3.254s] Level 5:colcon.colcon_core.verb:set package 'ball_tracker' build argument 'cmake_target_skip_unavailable' from command line to 'False'
[3.254s] Level 5:colcon.colcon_core.verb:set package 'ball_tracker' build argument 'cmake_clean_cache' from command line to 'False'
[3.255s] Level 5:colcon.colcon_core.verb:set package 'ball_tracker' build argument 'cmake_clean_first' from command line to 'False'
[3.255s] Level 5:colcon.colcon_core.verb:set package 'ball_tracker' build argument 'cmake_force_configure' from command line to 'False'
[3.255s] Level 5:colcon.colcon_core.verb:set package 'ball_tracker' build argument 'ament_cmake_args' from command line to 'None'
[3.255s] Level 5:colcon.colcon_core.verb:set package 'ball_tracker' build argument 'catkin_cmake_args' from command line to 'None'
[3.255s] Level 5:colcon.colcon_core.verb:set package 'ball_tracker' build argument 'catkin_skip_building_tests' from command line to 'False'
[3.255s] DEBUG:colcon.colcon_core.verb:Building package 'ball_tracker' with the following arguments: {'ament_cmake_args': None, 'build_base': '/home/mini/MiniROS/dew_ws/build/ball_tracker', 'catkin_cmake_args': None, 'catkin_skip_building_tests': False, 'cmake_args': None, 'cmake_clean_cache': False, 'cmake_clean_first': False, 'cmake_force_configure': False, 'cmake_target': None, 'cmake_target_skip_unavailable': False, 'install_base': '/home/mini/MiniROS/dew_ws/install/ball_tracker', 'merge_install': False, 'path': '/home/mini/MiniROS/dew_ws/src/ball_tracker', 'symlink_install': True, 'test_result_base': None}
[3.257s] Level 5:colcon.colcon_core.verb:set package 'mini_control' build argument 'cmake_args' from command line to 'None'
[3.257s] Level 5:colcon.colcon_core.verb:set package 'mini_control' build argument 'cmake_target' from command line to 'None'
[3.258s] Level 5:colcon.colcon_core.verb:set package 'mini_control' build argument 'cmake_target_skip_unavailable' from command line to 'False'
[3.258s] Level 5:colcon.colcon_core.verb:set package 'mini_control' build argument 'cmake_clean_cache' from command line to 'False'
[3.258s] Level 5:colcon.colcon_core.verb:set package 'mini_control' build argument 'cmake_clean_first' from command line to 'False'
[3.258s] Level 5:colcon.colcon_core.verb:set package 'mini_control' build argument 'cmake_force_configure' from command line to 'False'
[3.258s] Level 5:colcon.colcon_core.verb:set package 'mini_control' build argument 'ament_cmake_args' from command line to 'None'
[3.258s] Level 5:colcon.colcon_core.verb:set package 'mini_control' build argument 'catkin_cmake_args' from command line to 'None'
[3.258s] Level 5:colcon.colcon_core.verb:set package 'mini_control' build argument 'catkin_skip_building_tests' from command line to 'False'
[3.259s] DEBUG:colcon.colcon_core.verb:Building package 'mini_control' with the following arguments: {'ament_cmake_args': None, 'build_base': '/home/mini/MiniROS/dew_ws/build/mini_control', 'catkin_cmake_args': None, 'catkin_skip_building_tests': False, 'cmake_args': None, 'cmake_clean_cache': False, 'cmake_clean_first': False, 'cmake_force_configure': False, 'cmake_target': None, 'cmake_target_skip_unavailable': False, 'install_base': '/home/mini/MiniROS/dew_ws/install/mini_control', 'merge_install': False, 'path': '/home/mini/MiniROS/dew_ws/src/mini_control', 'symlink_install': True, 'test_result_base': None}
[3.260s] Level 5:colcon.colcon_core.verb:set package 'mini_robot' build argument 'cmake_args' from command line to 'None'
[3.261s] Level 5:colcon.colcon_core.verb:set package 'mini_robot' build argument 'cmake_target' from command line to 'None'
[3.261s] Level 5:colcon.colcon_core.verb:set package 'mini_robot' build argument 'cmake_target_skip_unavailable' from command line to 'False'
[3.261s] Level 5:colcon.colcon_core.verb:set package 'mini_robot' build argument 'cmake_clean_cache' from command line to 'False'
[3.261s] Level 5:colcon.colcon_core.verb:set package 'mini_robot' build argument 'cmake_clean_first' from command line to 'False'
[3.261s] Level 5:colcon.colcon_core.verb:set package 'mini_robot' build argument 'cmake_force_configure' from command line to 'False'
[3.261s] Level 5:colcon.colcon_core.verb:set package 'mini_robot' build argument 'ament_cmake_args' from command line to 'None'
[3.262s] Level 5:colcon.colcon_core.verb:set package 'mini_robot' build argument 'catkin_cmake_args' from command line to 'None'
[3.262s] Level 5:colcon.colcon_core.verb:set package 'mini_robot' build argument 'catkin_skip_building_tests' from command line to 'False'
[3.262s] DEBUG:colcon.colcon_core.verb:Building package 'mini_robot' with the following arguments: {'ament_cmake_args': None, 'build_base': '/home/mini/MiniROS/dew_ws/build/mini_robot', 'catkin_cmake_args': None, 'catkin_skip_building_tests': False, 'cmake_args': None, 'cmake_clean_cache': False, 'cmake_clean_first': False, 'cmake_force_configure': False, 'cmake_target': None, 'cmake_target_skip_unavailable': False, 'install_base': '/home/mini/MiniROS/dew_ws/install/mini_robot', 'merge_install': False, 'path': '/home/mini/MiniROS/dew_ws/src/mini_robot', 'symlink_install': True, 'test_result_base': None}
[3.263s] INFO:colcon.colcon_core.executor:Executing jobs using 'parallel' executor
[3.266s] DEBUG:colcon.colcon_parallel_executor.executor.parallel:run_until_complete
[3.268s] INFO:colcon.colcon_ros.task.ament_python.build:Building ROS package in '/home/mini/MiniROS/dew_ws/src/ball_tracker' with build type 'ament_python'
[3.269s] Level 1:colcon.colcon_core.shell:create_environment_hook('ball_tracker', 'ament_prefix_path')
[3.295s] INFO:colcon.colcon_core.plugin_system:Skipping extension 'colcon_core.shell.bat': Not used on non-Windows systems
[3.296s] INFO:colcon.colcon_core.shell:Creating environment hook '/home/mini/MiniROS/dew_ws/install/ball_tracker/share/ball_tracker/hook/ament_prefix_path.ps1'
[3.303s] INFO:colcon.colcon_core.shell:Creating environment descriptor '/home/mini/MiniROS/dew_ws/install/ball_tracker/share/ball_tracker/hook/ament_prefix_path.dsv'
[3.308s] INFO:colcon.colcon_core.shell:Creating environment hook '/home/mini/MiniROS/dew_ws/install/ball_tracker/share/ball_tracker/hook/ament_prefix_path.sh'
[3.313s] INFO:colcon.colcon_core.shell:Skip shell extension 'powershell' for command environment: Not usable outside of PowerShell
[3.313s] DEBUG:colcon.colcon_core.shell:Skip shell extension 'dsv' for command environment
[3.340s] INFO:colcon.colcon_ros.task.ament_python.build:Building ROS package in '/home/mini/MiniROS/dew_ws/src/mini_control' with build type 'ament_python'
[3.341s] Level 1:colcon.colcon_core.shell:create_environment_hook('mini_control', 'ament_prefix_path')
[3.343s] INFO:colcon.colcon_core.shell:Creating environment hook '/home/mini/MiniROS/dew_ws/install/mini_control/share/mini_control/hook/ament_prefix_path.ps1'
[3.346s] INFO:colcon.colcon_core.shell:Creating environment descriptor '/home/mini/MiniROS/dew_ws/install/mini_control/share/mini_control/hook/ament_prefix_path.dsv'
[3.348s] INFO:colcon.colcon_core.shell:Creating environment hook '/home/mini/MiniROS/dew_ws/install/mini_control/share/mini_control/hook/ament_prefix_path.sh'
[3.352s] INFO:colcon.colcon_core.shell:Skip shell extension 'powershell' for command environment: Not usable outside of PowerShell
[3.353s] DEBUG:colcon.colcon_core.shell:Skip shell extension 'dsv' for command environment
[3.379s] INFO:colcon.colcon_ros.task.ament_cmake.build:Building ROS package in '/home/mini/MiniROS/dew_ws/src/mini_robot' with build type 'ament_cmake'
[3.380s] INFO:colcon.colcon_cmake.task.cmake.build:Building CMake package in '/home/mini/MiniROS/dew_ws/src/mini_robot'
[3.382s] INFO:colcon.colcon_core.shell:Skip shell extension 'powershell' for command environment: Not usable outside of PowerShell
[3.383s] DEBUG:colcon.colcon_core.shell:Skip shell extension 'dsv' for command environment
[5.188s] INFO:colcon.colcon_core.task.python.build:Building Python package in '/home/mini/MiniROS/dew_ws/src/ball_tracker'
[5.189s] INFO:colcon.colcon_core.shell:Skip shell extension 'powershell' for command environment: Not usable outside of PowerShell
[5.189s] DEBUG:colcon.colcon_core.shell:Skip shell extension 'dsv' for command environment
[6.811s] INFO:colcon.colcon_core.task.python.build:Building Python package in '/home/mini/MiniROS/dew_ws/src/mini_control'
[6.812s] INFO:colcon.colcon_core.shell:Skip shell extension 'powershell' for command environment: Not usable outside of PowerShell
[6.813s] DEBUG:colcon.colcon_core.shell:Skip shell extension 'dsv' for command environment
[6.862s] DEBUG:colcon.colcon_core.event_handler.log_command:Invoking command in '/home/mini/MiniROS/dew_ws/build/mini_robot': CMAKE_PREFIX_PATH=${CMAKE_PREFIX_PATH}:/home/mini/MiniROS/dew_ws/install/mini_control:/home/mini/MiniROS/dew_ws/install/ball_tracker:/opt/ros/humble /usr/bin/cmake --build /home/mini/MiniROS/dew_ws/build/mini_robot -- -j4 -l4
[7.414s] DEBUG:colcon.colcon_core.event_handler.log_command:Invoked command in '/home/mini/MiniROS/dew_ws/build/mini_robot' returned '0': CMAKE_PREFIX_PATH=${CMAKE_PREFIX_PATH}:/home/mini/MiniROS/dew_ws/install/mini_control:/home/mini/MiniROS/dew_ws/install/ball_tracker:/opt/ros/humble /usr/bin/cmake --build /home/mini/MiniROS/dew_ws/build/mini_robot -- -j4 -l4
[7.645s] DEBUG:colcon.colcon_core.event_handler.log_command:Invoking command in '/home/mini/MiniROS/dew_ws/build/mini_robot': CMAKE_PREFIX_PATH=${CMAKE_PREFIX_PATH}:/home/mini/MiniROS/dew_ws/install/mini_control:/home/mini/MiniROS/dew_ws/install/ball_tracker:/opt/ros/humble /usr/bin/cmake --install /home/mini/MiniROS/dew_ws/build/mini_robot
[7.819s] Level 1:colcon.colcon_core.environment:create_environment_scripts_only(mini_robot)
[7.823s] DEBUG:colcon.colcon_core.event_handler.log_command:Invoked command in '/home/mini/MiniROS/dew_ws/build/mini_robot' returned '0': CMAKE_PREFIX_PATH=${CMAKE_PREFIX_PATH}:/home/mini/MiniROS/dew_ws/install/mini_control:/home/mini/MiniROS/dew_ws/install/ball_tracker:/opt/ros/humble /usr/bin/cmake --install /home/mini/MiniROS/dew_ws/build/mini_robot
[7.856s] Level 1:colcon.colcon_core.environment:checking '/home/mini/MiniROS/dew_ws/install/mini_robot' for CMake module files
[7.861s] Level 1:colcon.colcon_core.environment:checking '/home/mini/MiniROS/dew_ws/install/mini_robot' for CMake config files
[7.863s] Level 1:colcon.colcon_core.shell:create_environment_hook('mini_robot', 'cmake_prefix_path')
[7.865s] INFO:colcon.colcon_core.shell:Creating environment hook '/home/mini/MiniROS/dew_ws/install/mini_robot/share/mini_robot/hook/cmake_prefix_path.ps1'
[7.867s] INFO:colcon.colcon_core.shell:Creating environment descriptor '/home/mini/MiniROS/dew_ws/install/mini_robot/share/mini_robot/hook/cmake_prefix_path.dsv'
[7.870s] INFO:colcon.colcon_core.shell:Creating environment hook '/home/mini/MiniROS/dew_ws/install/mini_robot/share/mini_robot/hook/cmake_prefix_path.sh'
[7.876s] Level 1:colcon.colcon_core.environment:checking '/home/mini/MiniROS/dew_ws/install/mini_robot/bin'
[7.876s] Level 1:colcon.colcon_core.environment:checking '/home/mini/MiniROS/dew_ws/install/mini_robot/lib/pkgconfig/mini_robot.pc'
[7.878s] Level 1:colcon.colcon_core.environment:checking '/home/mini/MiniROS/dew_ws/install/mini_robot/lib/python3.10/site-packages'
[7.879s] Level 1:colcon.colcon_core.environment:checking '/home/mini/MiniROS/dew_ws/install/mini_robot/bin'
[7.881s] INFO:colcon.colcon_core.shell:Creating package script '/home/mini/MiniROS/dew_ws/install/mini_robot/share/mini_robot/package.ps1'
[7.888s] INFO:colcon.colcon_core.shell:Creating package descriptor '/home/mini/MiniROS/dew_ws/install/mini_robot/share/mini_robot/package.dsv'
[7.893s] INFO:colcon.colcon_core.shell:Creating package script '/home/mini/MiniROS/dew_ws/install/mini_robot/share/mini_robot/package.sh'
[7.899s] INFO:colcon.colcon_core.shell:Creating package script '/home/mini/MiniROS/dew_ws/install/mini_robot/share/mini_robot/package.bash'
[7.908s] INFO:colcon.colcon_core.shell:Creating package script '/home/mini/MiniROS/dew_ws/install/mini_robot/share/mini_robot/package.zsh'
[7.915s] Level 1:colcon.colcon_core.environment:create_file_with_runtime_dependencies(/home/mini/MiniROS/dew_ws/install/mini_robot/share/colcon-core/packages/mini_robot)
[8.115s] Level 1:colcon.colcon_core.environment:create_environment_scripts_only(mini_robot)
[8.117s] Level 1:colcon.colcon_core.environment:checking '/home/mini/MiniROS/dew_ws/install/mini_robot' for CMake module files
[8.123s] Level 1:colcon.colcon_core.environment:checking '/home/mini/MiniROS/dew_ws/install/mini_robot' for CMake config files
[8.127s] Level 1:colcon.colcon_core.shell:create_environment_hook('mini_robot', 'cmake_prefix_path')
[8.132s] INFO:colcon.colcon_core.shell:Creating environment hook '/home/mini/MiniROS/dew_ws/install/mini_robot/share/mini_robot/hook/cmake_prefix_path.ps1'
[8.138s] INFO:colcon.colcon_core.shell:Creating environment descriptor '/home/mini/MiniROS/dew_ws/install/mini_robot/share/mini_robot/hook/cmake_prefix_path.dsv'
[8.144s] INFO:colcon.colcon_core.shell:Creating environment hook '/home/mini/MiniROS/dew_ws/install/mini_robot/share/mini_robot/hook/cmake_prefix_path.sh'
[8.154s] Level 1:colcon.colcon_core.environment:checking '/home/mini/MiniROS/dew_ws/install/mini_robot/bin'
[8.155s] Level 1:colcon.colcon_core.environment:checking '/home/mini/MiniROS/dew_ws/install/mini_robot/lib/pkgconfig/mini_robot.pc'
[8.156s] Level 1:colcon.colcon_core.environment:checking '/home/mini/MiniROS/dew_ws/install/mini_robot/lib/python3.10/site-packages'
[8.158s] Level 1:colcon.colcon_core.environment:checking '/home/mini/MiniROS/dew_ws/install/mini_robot/bin'
[8.167s] INFO:colcon.colcon_core.shell:Creating package script '/home/mini/MiniROS/dew_ws/install/mini_robot/share/mini_robot/package.ps1'
[8.172s] INFO:colcon.colcon_core.shell:Creating package descriptor '/home/mini/MiniROS/dew_ws/install/mini_robot/share/mini_robot/package.dsv'
[8.176s] INFO:colcon.colcon_core.shell:Creating package script '/home/mini/MiniROS/dew_ws/install/mini_robot/share/mini_robot/package.sh'
[8.180s] INFO:colcon.colcon_core.shell:Creating package script '/home/mini/MiniROS/dew_ws/install/mini_robot/share/mini_robot/package.bash'
[8.183s] INFO:colcon.colcon_core.shell:Creating package script '/home/mini/MiniROS/dew_ws/install/mini_robot/share/mini_robot/package.zsh'
[8.185s] Level 1:colcon.colcon_core.environment:create_file_with_runtime_dependencies(/home/mini/MiniROS/dew_ws/install/mini_robot/share/colcon-core/packages/mini_robot)
[10.215s] DEBUG:colcon.colcon_core.event_handler.log_command:Invoking command in '/home/mini/MiniROS/dew_ws/build/ball_tracker': PYTHONPATH=/home/mini/MiniROS/dew_ws/build/ball_tracker/prefix_override:/usr/lib/python3/dist-packages/colcon_core/task/python/colcon_distutils_commands:/home/mini/MiniROS/dew_ws/install/ball_tracker/lib/python3.10/site-packages:${PYTHONPATH} /usr/bin/python3 -W ignore:setup.py install is deprecated setup.py develop --editable --build-directory /home/mini/MiniROS/dew_ws/build/ball_tracker/build --no-deps symlink_data
[10.233s] DEBUG:colcon.colcon_core.event_handler.log_command:Invoking command in '/home/mini/MiniROS/dew_ws/build/mini_control': PYTHONPATH=/home/mini/MiniROS/dew_ws/build/mini_control/prefix_override:/usr/lib/python3/dist-packages/colcon_core/task/python/colcon_distutils_commands:/home/mini/MiniROS/dew_ws/install/mini_control/lib/python3.10/site-packages:${PYTHONPATH} /usr/bin/python3 -W ignore:setup.py install is deprecated setup.py develop --editable --build-directory /home/mini/MiniROS/dew_ws/build/mini_control/build --no-deps symlink_data
[13.550s] Level 1:colcon.colcon_core.shell:create_environment_hook('mini_control', 'pythonpath_develop')
[13.551s] INFO:colcon.colcon_core.shell:Creating environment hook '/home/mini/MiniROS/dew_ws/build/mini_control/share/mini_control/hook/pythonpath_develop.ps1'
[13.554s] DEBUG:colcon.colcon_core.event_handler.log_command:Invoked command in '/home/mini/MiniROS/dew_ws/build/mini_control' returned '0': PYTHONPATH=/home/mini/MiniROS/dew_ws/build/mini_control/prefix_override:/usr/lib/python3/dist-packages/colcon_core/task/python/colcon_distutils_commands:/home/mini/MiniROS/dew_ws/install/mini_control/lib/python3.10/site-packages:${PYTHONPATH} /usr/bin/python3 -W ignore:setup.py install is deprecated setup.py develop --editable --build-directory /home/mini/MiniROS/dew_ws/build/mini_control/build --no-deps symlink_data
[13.556s] INFO:colcon.colcon_core.shell:Creating environment descriptor '/home/mini/MiniROS/dew_ws/build/mini_control/share/mini_control/hook/pythonpath_develop.dsv'
[13.558s] INFO:colcon.colcon_core.shell:Creating environment hook '/home/mini/MiniROS/dew_ws/build/mini_control/share/mini_control/hook/pythonpath_develop.sh'
[13.562s] Level 1:colcon.colcon_core.environment:checking '/home/mini/MiniROS/dew_ws/install/mini_control' for CMake module files
[13.565s] Level 1:colcon.colcon_core.environment:checking '/home/mini/MiniROS/dew_ws/install/mini_control' for CMake config files
[13.569s] Level 1:colcon.colcon_core.environment:checking '/home/mini/MiniROS/dew_ws/install/mini_control/lib'
[13.571s] Level 1:colcon.colcon_core.environment:checking '/home/mini/MiniROS/dew_ws/install/mini_control/bin'
[13.571s] Level 1:colcon.colcon_core.environment:checking '/home/mini/MiniROS/dew_ws/install/mini_control/lib/pkgconfig/mini_control.pc'
[13.572s] Level 1:colcon.colcon_core.environment:checking '/home/mini/MiniROS/dew_ws/install/mini_control/lib/python3.10/site-packages'
[13.573s] Level 1:colcon.colcon_core.shell:create_environment_hook('mini_control', 'pythonpath')
[13.574s] INFO:colcon.colcon_core.shell:Creating environment hook '/home/mini/MiniROS/dew_ws/install/mini_control/share/mini_control/hook/pythonpath.ps1'
[13.576s] INFO:colcon.colcon_core.shell:Creating environment descriptor '/home/mini/MiniROS/dew_ws/install/mini_control/share/mini_control/hook/pythonpath.dsv'
[13.578s] INFO:colcon.colcon_core.shell:Creating environment hook '/home/mini/MiniROS/dew_ws/install/mini_control/share/mini_control/hook/pythonpath.sh'
[13.582s] Level 1:colcon.colcon_core.environment:checking '/home/mini/MiniROS/dew_ws/install/mini_control/bin'
[13.582s] Level 1:colcon.colcon_core.environment:create_environment_scripts_only(mini_control)
[13.584s] INFO:colcon.colcon_core.shell:Creating package script '/home/mini/MiniROS/dew_ws/install/mini_control/share/mini_control/package.ps1'
[13.587s] INFO:colcon.colcon_core.shell:Creating package descriptor '/home/mini/MiniROS/dew_ws/install/mini_control/share/mini_control/package.dsv'
[13.590s] INFO:colcon.colcon_core.shell:Creating package script '/home/mini/MiniROS/dew_ws/install/mini_control/share/mini_control/package.sh'
[13.592s] INFO:colcon.colcon_core.shell:Creating package script '/home/mini/MiniROS/dew_ws/install/mini_control/share/mini_control/package.bash'
[13.595s] INFO:colcon.colcon_core.shell:Creating package script '/home/mini/MiniROS/dew_ws/install/mini_control/share/mini_control/package.zsh'
[13.597s] Level 1:colcon.colcon_core.environment:create_file_with_runtime_dependencies(/home/mini/MiniROS/dew_ws/install/mini_control/share/colcon-core/packages/mini_control)
[13.603s] Level 1:colcon.colcon_core.shell:create_environment_hook('ball_tracker', 'pythonpath_develop')
[13.605s] INFO:colcon.colcon_core.shell:Creating environment hook '/home/mini/MiniROS/dew_ws/build/ball_tracker/share/ball_tracker/hook/pythonpath_develop.ps1'
[13.609s] INFO:colcon.colcon_core.shell:Creating environment descriptor '/home/mini/MiniROS/dew_ws/build/ball_tracker/share/ball_tracker/hook/pythonpath_develop.dsv'
[13.610s] DEBUG:colcon.colcon_core.event_handler.log_command:Invoked command in '/home/mini/MiniROS/dew_ws/build/ball_tracker' returned '0': PYTHONPATH=/home/mini/MiniROS/dew_ws/build/ball_tracker/prefix_override:/usr/lib/python3/dist-packages/colcon_core/task/python/colcon_distutils_commands:/home/mini/MiniROS/dew_ws/install/ball_tracker/lib/python3.10/site-packages:${PYTHONPATH} /usr/bin/python3 -W ignore:setup.py install is deprecated setup.py develop --editable --build-directory /home/mini/MiniROS/dew_ws/build/ball_tracker/build --no-deps symlink_data
[13.613s] INFO:colcon.colcon_core.shell:Creating environment hook '/home/mini/MiniROS/dew_ws/build/ball_tracker/share/ball_tracker/hook/pythonpath_develop.sh'
[13.617s] Level 1:colcon.colcon_core.environment:checking '/home/mini/MiniROS/dew_ws/install/ball_tracker' for CMake module files
[13.621s] Level 1:colcon.colcon_core.environment:checking '/home/mini/MiniROS/dew_ws/install/ball_tracker' for CMake config files
[13.629s] Level 1:colcon.colcon_core.environment:checking '/home/mini/MiniROS/dew_ws/install/ball_tracker/lib'
[13.630s] Level 1:colcon.colcon_core.environment:checking '/home/mini/MiniROS/dew_ws/install/ball_tracker/bin'
[13.631s] Level 1:colcon.colcon_core.environment:checking '/home/mini/MiniROS/dew_ws/install/ball_tracker/lib/pkgconfig/ball_tracker.pc'
[13.632s] Level 1:colcon.colcon_core.environment:checking '/home/mini/MiniROS/dew_ws/install/ball_tracker/lib/python3.10/site-packages'
[13.633s] Level 1:colcon.colcon_core.shell:create_environment_hook('ball_tracker', 'pythonpath')
[13.634s] INFO:colcon.colcon_core.shell:Creating environment hook '/home/mini/MiniROS/dew_ws/install/ball_tracker/share/ball_tracker/hook/pythonpath.ps1'
[13.638s] INFO:colcon.colcon_core.shell:Creating environment descriptor '/home/mini/MiniROS/dew_ws/install/ball_tracker/share/ball_tracker/hook/pythonpath.dsv'
[13.640s] INFO:colcon.colcon_core.shell:Creating environment hook '/home/mini/MiniROS/dew_ws/install/ball_tracker/share/ball_tracker/hook/pythonpath.sh'
[13.644s] Level 1:colcon.colcon_core.environment:checking '/home/mini/MiniROS/dew_ws/install/ball_tracker/bin'
[13.644s] Level 1:colcon.colcon_core.environment:create_environment_scripts_only(ball_tracker)
[13.646s] INFO:colcon.colcon_core.shell:Creating package script '/home/mini/MiniROS/dew_ws/install/ball_tracker/share/ball_tracker/package.ps1'
[13.650s] INFO:colcon.colcon_core.shell:Creating package descriptor '/home/mini/MiniROS/dew_ws/install/ball_tracker/share/ball_tracker/package.dsv'
[13.653s] INFO:colcon.colcon_core.shell:Creating package script '/home/mini/MiniROS/dew_ws/install/ball_tracker/share/ball_tracker/package.sh'
[13.656s] INFO:colcon.colcon_core.shell:Creating package script '/home/mini/MiniROS/dew_ws/install/ball_tracker/share/ball_tracker/package.bash'
[13.658s] INFO:colcon.colcon_core.shell:Creating package script '/home/mini/MiniROS/dew_ws/install/ball_tracker/share/ball_tracker/package.zsh'
[13.660s] Level 1:colcon.colcon_core.environment:create_file_with_runtime_dependencies(/home/mini/MiniROS/dew_ws/install/ball_tracker/share/colcon-core/packages/ball_tracker)
[13.662s] DEBUG:colcon.colcon_parallel_executor.executor.parallel:closing loop
[13.663s] DEBUG:colcon.colcon_parallel_executor.executor.parallel:loop closed
[13.664s] DEBUG:colcon.colcon_parallel_executor.executor.parallel:run_until_complete finished with '0'
[13.664s] DEBUG:colcon.colcon_core.event_reactor:joining thread
[13.722s] INFO:colcon.colcon_core.plugin_system:Skipping extension 'colcon_notification.desktop_notification.terminal_notifier': Not used on non-Darwin systems
[13.723s] INFO:colcon.colcon_core.plugin_system:Skipping extension 'colcon_notification.desktop_notification.win32': Not used on non-Windows systems
[13.723s] INFO:colcon.colcon_notification.desktop_notification:Sending desktop notification using 'notify2'
[13.876s] DEBUG:colcon.colcon_core.event_reactor:joined thread
[13.878s] INFO:colcon.colcon_core.shell:Creating prefix script '/home/mini/MiniROS/dew_ws/install/local_setup.ps1'
[13.885s] INFO:colcon.colcon_core.shell:Creating prefix util module '/home/mini/MiniROS/dew_ws/install/_local_setup_util_ps1.py'
[13.897s] INFO:colcon.colcon_core.shell:Creating prefix chain script '/home/mini/MiniROS/dew_ws/install/setup.ps1'
[13.910s] INFO:colcon.colcon_core.shell:Creating prefix script '/home/mini/MiniROS/dew_ws/install/local_setup.sh'
[13.916s] INFO:colcon.colcon_core.shell:Creating prefix util module '/home/mini/MiniROS/dew_ws/install/_local_setup_util_sh.py'
[13.921s] INFO:colcon.colcon_core.shell:Creating prefix chain script '/home/mini/MiniROS/dew_ws/install/setup.sh'
[13.930s] INFO:colcon.colcon_core.shell:Creating prefix script '/home/mini/MiniROS/dew_ws/install/local_setup.bash'
[13.935s] INFO:colcon.colcon_core.shell:Creating prefix chain script '/home/mini/MiniROS/dew_ws/install/setup.bash'
[13.944s] INFO:colcon.colcon_core.shell:Creating prefix script '/home/mini/MiniROS/dew_ws/install/local_setup.zsh'
[13.950s] INFO:colcon.colcon_core.shell:Creating prefix chain script '/home/mini/MiniROS/dew_ws/install/setup.zsh'
