[7.994s] Invoking command in '/home/mini/MiniROS/dew_ws/build/ball_tracker': PYTHONPATH=/home/mini/MiniROS/dew_ws/build/ball_tracker/prefix_override:/usr/lib/python3/dist-packages/colcon_core/task/python/colcon_distutils_commands:/home/mini/MiniROS/dew_ws/install/ball_tracker/lib/python3.10/site-packages:${PYTHONPATH} /usr/bin/python3 -W ignore:setup.py install is deprecated setup.py develop --editable --build-directory /home/mini/MiniROS/dew_ws/build/ball_tracker/build --no-deps symlink_data
[10.542s] /usr/lib/python3/dist-packages/setuptools/dist.py:723: UserWarning: Usage of dash-separated 'script-dir' will not be supported in future versions. Please use the underscore name 'script_dir' instead
[10.543s]   warnings.warn(
[10.761s] running develop
[10.763s] /usr/lib/python3/dist-packages/setuptools/command/easy_install.py:158: EasyInstallDeprecationWarning: easy_install command is deprecated. Use build and pip and other standards-based tools.
[10.764s]   warnings.warn(
[12.666s] running egg_info
[12.668s] creating ball_tracker.egg-info
[12.671s] writing ball_tracker.egg-info/PKG-INFO
[12.672s] writing dependency_links to ball_tracker.egg-info/dependency_links.txt
[12.685s] writing entry points to ball_tracker.egg-info/entry_points.txt
[12.686s] writing requirements to ball_tracker.egg-info/requires.txt
[12.687s] writing top-level names to ball_tracker.egg-info/top_level.txt
[12.693s] writing manifest file 'ball_tracker.egg-info/SOURCES.txt'
[12.711s] reading manifest file 'ball_tracker.egg-info/SOURCES.txt'
[12.716s] writing manifest file 'ball_tracker.egg-info/SOURCES.txt'
[12.734s] running build_ext
[12.738s] Creating /home/mini/MiniROS/dew_ws/install/ball_tracker/lib/python3.10/site-packages/ball-tracker.egg-link (link to .)
[12.756s] Installing detect_ball script to /home/mini/MiniROS/dew_ws/install/ball_tracker/lib/ball_tracker
[12.760s] Installing detect_ball_3d script to /home/mini/MiniROS/dew_ws/install/ball_tracker/lib/ball_tracker
[12.767s] Installing follow_ball script to /home/mini/MiniROS/dew_ws/install/ball_tracker/lib/ball_tracker
[12.775s] 
[12.777s] Installed /home/mini/MiniROS/dew_ws/build/ball_tracker
[12.778s] running symlink_data
[12.779s] creating /home/mini/MiniROS/dew_ws/install/ball_tracker/share/ament_index
[12.780s] creating /home/mini/MiniROS/dew_ws/install/ball_tracker/share/ament_index/resource_index
[12.782s] creating /home/mini/MiniROS/dew_ws/install/ball_tracker/share/ament_index/resource_index/packages
[12.791s] symbolically linking /home/mini/MiniROS/dew_ws/build/ball_tracker/resource/ball_tracker -> /home/mini/MiniROS/dew_ws/install/ball_tracker/share/ament_index/resource_index/packages
[12.803s] symbolically linking /home/mini/MiniROS/dew_ws/build/ball_tracker/package.xml -> /home/mini/MiniROS/dew_ws/install/ball_tracker/share/ball_tracker
[12.809s] creating /home/mini/MiniROS/dew_ws/install/ball_tracker/share/ball_tracker/launch
[12.811s] symbolically linking /home/mini/MiniROS/dew_ws/build/ball_tracker/launch/ball_tracker.launch.py -> /home/mini/MiniROS/dew_ws/install/ball_tracker/share/ball_tracker/launch
[12.813s] symbolically linking /home/mini/MiniROS/dew_ws/build/ball_tracker/launch/example_launch_include.launch.py -> /home/mini/MiniROS/dew_ws/install/ball_tracker/share/ball_tracker/launch
[12.817s] creating /home/mini/MiniROS/dew_ws/install/ball_tracker/share/ball_tracker/config
[12.823s] symbolically linking /home/mini/MiniROS/dew_ws/build/ball_tracker/config/ball_tracker_params_example.yaml -> /home/mini/MiniROS/dew_ws/install/ball_tracker/share/ball_tracker/config
[13.134s] Invoked command in '/home/mini/MiniROS/dew_ws/build/ball_tracker' returned '0': PYTHONPATH=/home/mini/MiniROS/dew_ws/build/ball_tracker/prefix_override:/usr/lib/python3/dist-packages/colcon_core/task/python/colcon_distutils_commands:/home/mini/MiniROS/dew_ws/install/ball_tracker/lib/python3.10/site-packages:${PYTHONPATH} /usr/bin/python3 -W ignore:setup.py install is deprecated setup.py develop --editable --build-directory /home/mini/MiniROS/dew_ws/build/ball_tracker/build --no-deps symlink_data
