[8.817s] Invoking command in '/home/mini/MiniROS/dew_ws/build/ball_tracker': PYTHONPATH=/home/mini/MiniROS/dew_ws/build/ball_tracker/prefix_override:/usr/lib/python3/dist-packages/colcon_core/task/python/colcon_distutils_commands:/home/mini/MiniROS/dew_ws/install/ball_tracker/lib/python3.10/site-packages:${PYTHONPATH} /usr/bin/python3 -W ignore:setup.py install is deprecated setup.py develop --editable --build-directory /home/mini/MiniROS/dew_ws/build/ball_tracker/build --no-deps symlink_data
[10.682s] /usr/lib/python3/dist-packages/setuptools/dist.py:723: UserWarning: Usage of dash-separated 'script-dir' will not be supported in future versions. Please use the underscore name 'script_dir' instead
[10.683s]   warnings.warn(
[10.905s] running develop
[10.907s] /usr/lib/python3/dist-packages/setuptools/command/easy_install.py:158: EasyInstallDeprecationWarning: easy_install command is deprecated. Use build and pip and other standards-based tools.
[10.908s]   warnings.warn(
[13.067s] running egg_info
[13.068s] writing ball_tracker.egg-info/PKG-INFO
[13.069s] writing dependency_links to ball_tracker.egg-info/dependency_links.txt
[13.069s] writing entry points to ball_tracker.egg-info/entry_points.txt
[13.070s] writing requirements to ball_tracker.egg-info/requires.txt
[13.071s] writing top-level names to ball_tracker.egg-info/top_level.txt
[13.076s] reading manifest file 'ball_tracker.egg-info/SOURCES.txt'
[13.097s] writing manifest file 'ball_tracker.egg-info/SOURCES.txt'
[13.117s] running build_ext
[13.120s] Creating /home/mini/MiniROS/dew_ws/install/ball_tracker/lib/python3.10/site-packages/ball-tracker.egg-link (link to .)
[13.138s] Installing detect_ball script to /home/mini/MiniROS/dew_ws/install/ball_tracker/lib/ball_tracker
[13.139s] Installing detect_ball_3d script to /home/mini/MiniROS/dew_ws/install/ball_tracker/lib/ball_tracker
[13.140s] Installing follow_ball script to /home/mini/MiniROS/dew_ws/install/ball_tracker/lib/ball_tracker
[13.162s] 
[13.163s] Installed /home/mini/MiniROS/dew_ws/build/ball_tracker
[13.163s] running symlink_data
[13.467s] Invoked command in '/home/mini/MiniROS/dew_ws/build/ball_tracker' returned '0': PYTHONPATH=/home/mini/MiniROS/dew_ws/build/ball_tracker/prefix_override:/usr/lib/python3/dist-packages/colcon_core/task/python/colcon_distutils_commands:/home/mini/MiniROS/dew_ws/install/ball_tracker/lib/python3.10/site-packages:${PYTHONPATH} /usr/bin/python3 -W ignore:setup.py install is deprecated setup.py develop --editable --build-directory /home/mini/MiniROS/dew_ws/build/ball_tracker/build --no-deps symlink_data
