[5.652s] Invoking command in '/home/mini/MiniROS/dew_ws/build/ball_tracker': PYTHONPATH=/home/mini/MiniROS/dew_ws/build/ball_tracker/prefix_override:/usr/lib/python3/dist-packages/colcon_core/task/python/colcon_distutils_commands:/home/mini/MiniROS/dew_ws/install/ball_tracker/lib/python3.10/site-packages:${PYTHONPATH} /usr/bin/python3 -W ignore:setup.py install is deprecated setup.py develop --editable --build-directory /home/mini/MiniROS/dew_ws/build/ball_tracker/build --no-deps symlink_data
[7.152s] /usr/lib/python3/dist-packages/setuptools/dist.py:723: UserWarning: Usage of dash-separated 'script-dir' will not be supported in future versions. Please use the underscore name 'script_dir' instead
[7.152s]   warnings.warn(
[7.317s] running develop
[7.319s] /usr/lib/python3/dist-packages/setuptools/command/easy_install.py:158: EasyInstallDeprecationWarning: easy_install command is deprecated. Use build and pip and other standards-based tools.
[7.320s]   warnings.warn(
[8.497s] running egg_info
[8.498s] writing ball_tracker.egg-info/PKG-INFO
[8.499s] writing dependency_links to ball_tracker.egg-info/dependency_links.txt
[8.501s] writing entry points to ball_tracker.egg-info/entry_points.txt
[8.503s] writing requirements to ball_tracker.egg-info/requires.txt
[8.522s] writing top-level names to ball_tracker.egg-info/top_level.txt
[8.537s] reading manifest file 'ball_tracker.egg-info/SOURCES.txt'
[8.539s] writing manifest file 'ball_tracker.egg-info/SOURCES.txt'
[8.541s] running build_ext
[8.542s] Creating /home/mini/MiniROS/dew_ws/install/ball_tracker/lib/python3.10/site-packages/ball-tracker.egg-link (link to .)
[8.551s] Installing detect_ball script to /home/mini/MiniROS/dew_ws/install/ball_tracker/lib/ball_tracker
[8.552s] Installing detect_ball_3d script to /home/mini/MiniROS/dew_ws/install/ball_tracker/lib/ball_tracker
[8.554s] Installing follow_ball script to /home/mini/MiniROS/dew_ws/install/ball_tracker/lib/ball_tracker
[8.555s] Installing get_image script to /home/mini/MiniROS/dew_ws/install/ball_tracker/lib/ball_tracker
[8.558s] 
[8.560s] Installed /home/mini/MiniROS/dew_ws/build/ball_tracker
[8.560s] running symlink_data
[8.797s] Invoked command in '/home/mini/MiniROS/dew_ws/build/ball_tracker' returned '0': PYTHONPATH=/home/mini/MiniROS/dew_ws/build/ball_tracker/prefix_override:/usr/lib/python3/dist-packages/colcon_core/task/python/colcon_distutils_commands:/home/mini/MiniROS/dew_ws/install/ball_tracker/lib/python3.10/site-packages:${PYTHONPATH} /usr/bin/python3 -W ignore:setup.py install is deprecated setup.py develop --editable --build-directory /home/mini/MiniROS/dew_ws/build/ball_tracker/build --no-deps symlink_data
