[8.682s] Invoking command in '/home/mini/MiniROS/dew_ws/build/ball_tracker': PYTHONPATH=/home/mini/MiniROS/dew_ws/build/ball_tracker/prefix_override:/usr/lib/python3/dist-packages/colcon_core/task/python/colcon_distutils_commands:/home/mini/MiniROS/dew_ws/install/ball_tracker/lib/python3.10/site-packages:${PYTHONPATH} /usr/bin/python3 -W ignore:setup.py install is deprecated setup.py develop --editable --build-directory /home/mini/MiniROS/dew_ws/build/ball_tracker/build --no-deps symlink_data
[10.519s] /usr/lib/python3/dist-packages/setuptools/dist.py:723: UserWarning: Usage of dash-separated 'script-dir' will not be supported in future versions. Please use the underscore name 'script_dir' instead
[10.520s]   warnings.warn(
[10.702s] running develop
[10.710s] /usr/lib/python3/dist-packages/setuptools/command/easy_install.py:158: EasyInstallDeprecationWarning: easy_install command is deprecated. Use build and pip and other standards-based tools.
[10.710s]   warnings.warn(
[12.198s] running egg_info
[12.201s] writing ball_tracker.egg-info/PKG-INFO
[12.214s] writing dependency_links to ball_tracker.egg-info/dependency_links.txt
[12.217s] writing entry points to ball_tracker.egg-info/entry_points.txt
[12.217s] writing requirements to ball_tracker.egg-info/requires.txt
[12.218s] writing top-level names to ball_tracker.egg-info/top_level.txt
[12.221s] reading manifest file 'ball_tracker.egg-info/SOURCES.txt'
[12.222s] writing manifest file 'ball_tracker.egg-info/SOURCES.txt'
[12.224s] running build_ext
[12.225s] Creating /home/mini/MiniROS/dew_ws/install/ball_tracker/lib/python3.10/site-packages/ball-tracker.egg-link (link to .)
[12.229s] Installing detect_ball script to /home/mini/MiniROS/dew_ws/install/ball_tracker/lib/ball_tracker
[12.242s] Installing detect_ball_3d script to /home/mini/MiniROS/dew_ws/install/ball_tracker/lib/ball_tracker
[12.258s] Installing follow_ball script to /home/mini/MiniROS/dew_ws/install/ball_tracker/lib/ball_tracker
[12.263s] 
[12.265s] Installed /home/mini/MiniROS/dew_ws/build/ball_tracker
[12.268s] running symlink_data
[12.502s] Invoked command in '/home/mini/MiniROS/dew_ws/build/ball_tracker' returned '0': PYTHONPATH=/home/mini/MiniROS/dew_ws/build/ball_tracker/prefix_override:/usr/lib/python3/dist-packages/colcon_core/task/python/colcon_distutils_commands:/home/mini/MiniROS/dew_ws/install/ball_tracker/lib/python3.10/site-packages:${PYTHONPATH} /usr/bin/python3 -W ignore:setup.py install is deprecated setup.py develop --editable --build-directory /home/mini/MiniROS/dew_ws/build/ball_tracker/build --no-deps symlink_data
