[5.419s] Invoking command in '/home/mini/MiniROS/dew_ws/build/mini_control': PYTHONPATH=/home/mini/MiniROS/dew_ws/build/mini_control/prefix_override:/usr/lib/python3/dist-packages/colcon_core/task/python/colcon_distutils_commands:/home/mini/MiniROS/dew_ws/install/mini_control/lib/python3.10/site-packages:${PYTHONPATH} /usr/bin/python3 -W ignore:setup.py install is deprecated setup.py develop --editable --build-directory /home/mini/MiniROS/dew_ws/build/mini_control/build --no-deps symlink_data
[7.059s] running develop
[7.061s] /usr/lib/python3/dist-packages/setuptools/command/easy_install.py:158: EasyInstallDeprecationWarning: easy_install command is deprecated. Use build and pip and other standards-based tools.
[7.061s]   warnings.warn(
[8.224s] running egg_info
[8.225s] writing mini_control.egg-info/PKG-INFO
[8.227s] writing dependency_links to mini_control.egg-info/dependency_links.txt
[8.228s] writing entry points to mini_control.egg-info/entry_points.txt
[8.230s] writing requirements to mini_control.egg-info/requires.txt
[8.231s] writing top-level names to mini_control.egg-info/top_level.txt
[8.243s] reading manifest file 'mini_control.egg-info/SOURCES.txt'
[8.249s] writing manifest file 'mini_control.egg-info/SOURCES.txt'
[8.263s] running build_ext
[8.264s] Creating /home/mini/MiniROS/dew_ws/install/mini_control/lib/python3.10/site-packages/mini-control.egg-link (link to .)
[8.274s] Installing bumper script to /home/mini/MiniROS/dew_ws/install/mini_control/lib/mini_control
[8.276s] Installing camera_test script to /home/mini/MiniROS/dew_ws/install/mini_control/lib/mini_control
[8.277s] Installing emergency_button script to /home/mini/MiniROS/dew_ws/install/mini_control/lib/mini_control
[8.279s] Installing improved_teleop_key script to /home/mini/MiniROS/dew_ws/install/mini_control/lib/mini_control
[8.286s] Installing neopixel script to /home/mini/MiniROS/dew_ws/install/mini_control/lib/mini_control
[8.288s] Installing pipe_read script to /home/mini/MiniROS/dew_ws/install/mini_control/lib/mini_control
[8.290s] Installing pipe_write script to /home/mini/MiniROS/dew_ws/install/mini_control/lib/mini_control
[8.292s] Installing velocity_node script to /home/mini/MiniROS/dew_ws/install/mini_control/lib/mini_control
[8.296s] 
[8.298s] Installed /home/mini/MiniROS/dew_ws/build/mini_control
[8.300s] running symlink_data
[8.531s] Invoked command in '/home/mini/MiniROS/dew_ws/build/mini_control' returned '0': PYTHONPATH=/home/mini/MiniROS/dew_ws/build/mini_control/prefix_override:/usr/lib/python3/dist-packages/colcon_core/task/python/colcon_distutils_commands:/home/mini/MiniROS/dew_ws/install/mini_control/lib/python3.10/site-packages:${PYTHONPATH} /usr/bin/python3 -W ignore:setup.py install is deprecated setup.py develop --editable --build-directory /home/mini/MiniROS/dew_ws/build/mini_control/build --no-deps symlink_data
