[1.127s] Invoking command in '/home/neslisah/Documents/2023-2024Spring/ME462/MiniROS/dew_ws/build/ball_tracker': PYTHONPATH=/home/neslisah/Documents/2023-2024Spring/ME462/MiniROS/dew_ws/build/ball_tracker/prefix_override:/usr/lib/python3/dist-packages/colcon_core/task/python/colcon_distutils_commands:/home/neslisah/Documents/2023-2024Spring/ME462/MiniROS/dew_ws/install/ball_tracker/lib/python3.10/site-packages:${PYTHONPATH} /usr/bin/python3 -W ignore:setup.py install is deprecated setup.py develop --editable --build-directory /home/neslisah/Documents/2023-2024Spring/ME462/MiniROS/dew_ws/build/ball_tracker/build --no-deps symlink_data
[1.343s] /home/neslisah/.local/lib/python3.10/site-packages/setuptools/dist.py:717: UserWarning: Usage of dash-separated 'script-dir' will not be supported in future versions. Please use the underscore name 'script_dir' instead
[1.343s]   warnings.warn(
[1.383s] running develop
[1.572s] running egg_info
[1.572s] creating ball_tracker.egg-info
[1.572s] writing ball_tracker.egg-info/PKG-INFO
[1.572s] writing dependency_links to ball_tracker.egg-info/dependency_links.txt
[1.572s] writing entry points to ball_tracker.egg-info/entry_points.txt
[1.572s] writing requirements to ball_tracker.egg-info/requires.txt
[1.572s] writing top-level names to ball_tracker.egg-info/top_level.txt
[1.572s] writing manifest file 'ball_tracker.egg-info/SOURCES.txt'
[1.573s] reading manifest file 'ball_tracker.egg-info/SOURCES.txt'
[1.574s] writing manifest file 'ball_tracker.egg-info/SOURCES.txt'
[1.575s] running build_ext
[1.575s] Creating /home/neslisah/Documents/2023-2024Spring/ME462/MiniROS/dew_ws/install/ball_tracker/lib/python3.10/site-packages/ball-tracker.egg-link (link to .)
[1.576s] Installing detect_ball script to /home/neslisah/Documents/2023-2024Spring/ME462/MiniROS/dew_ws/install/ball_tracker/lib/ball_tracker
[1.576s] Installing detect_ball_3d script to /home/neslisah/Documents/2023-2024Spring/ME462/MiniROS/dew_ws/install/ball_tracker/lib/ball_tracker
[1.576s] Installing follow_ball script to /home/neslisah/Documents/2023-2024Spring/ME462/MiniROS/dew_ws/install/ball_tracker/lib/ball_tracker
[1.576s] 
[1.576s] Installed /home/neslisah/Documents/2023-2024Spring/ME462/MiniROS/dew_ws/build/ball_tracker
[1.576s] running symlink_data
[1.576s] creating /home/neslisah/Documents/2023-2024Spring/ME462/MiniROS/dew_ws/install/ball_tracker/share/ament_index
[1.577s] creating /home/neslisah/Documents/2023-2024Spring/ME462/MiniROS/dew_ws/install/ball_tracker/share/ament_index/resource_index
[1.577s] creating /home/neslisah/Documents/2023-2024Spring/ME462/MiniROS/dew_ws/install/ball_tracker/share/ament_index/resource_index/packages
[1.577s] symbolically linking /home/neslisah/Documents/2023-2024Spring/ME462/MiniROS/dew_ws/build/ball_tracker/resource/ball_tracker -> /home/neslisah/Documents/2023-2024Spring/ME462/MiniROS/dew_ws/install/ball_tracker/share/ament_index/resource_index/packages
[1.577s] symbolically linking /home/neslisah/Documents/2023-2024Spring/ME462/MiniROS/dew_ws/build/ball_tracker/package.xml -> /home/neslisah/Documents/2023-2024Spring/ME462/MiniROS/dew_ws/install/ball_tracker/share/ball_tracker
[1.577s] creating /home/neslisah/Documents/2023-2024Spring/ME462/MiniROS/dew_ws/install/ball_tracker/share/ball_tracker/launch
[1.577s] symbolically linking /home/neslisah/Documents/2023-2024Spring/ME462/MiniROS/dew_ws/build/ball_tracker/launch/example_launch_include.launch.py -> /home/neslisah/Documents/2023-2024Spring/ME462/MiniROS/dew_ws/install/ball_tracker/share/ball_tracker/launch
[1.577s] symbolically linking /home/neslisah/Documents/2023-2024Spring/ME462/MiniROS/dew_ws/build/ball_tracker/launch/ball_tracker.launch.py -> /home/neslisah/Documents/2023-2024Spring/ME462/MiniROS/dew_ws/install/ball_tracker/share/ball_tracker/launch
[1.577s] creating /home/neslisah/Documents/2023-2024Spring/ME462/MiniROS/dew_ws/install/ball_tracker/share/ball_tracker/config
[1.577s] symbolically linking /home/neslisah/Documents/2023-2024Spring/ME462/MiniROS/dew_ws/build/ball_tracker/config/ball_tracker_params_example.yaml -> /home/neslisah/Documents/2023-2024Spring/ME462/MiniROS/dew_ws/install/ball_tracker/share/ball_tracker/config
[1.613s] Invoked command in '/home/neslisah/Documents/2023-2024Spring/ME462/MiniROS/dew_ws/build/ball_tracker' returned '0': PYTHONPATH=/home/neslisah/Documents/2023-2024Spring/ME462/MiniROS/dew_ws/build/ball_tracker/prefix_override:/usr/lib/python3/dist-packages/colcon_core/task/python/colcon_distutils_commands:/home/neslisah/Documents/2023-2024Spring/ME462/MiniROS/dew_ws/install/ball_tracker/lib/python3.10/site-packages:${PYTHONPATH} /usr/bin/python3 -W ignore:setup.py install is deprecated setup.py develop --editable --build-directory /home/neslisah/Documents/2023-2024Spring/ME462/MiniROS/dew_ws/build/ball_tracker/build --no-deps symlink_data
