[0.577s] DEBUG:colcon:Command line arguments: ['/usr/bin/colcon', 'build', '--symlink-install']
[0.577s] DEBUG:colcon:Parsed command line arguments: Namespace(log_base=None, log_level=None, verb_name='build', build_base='build', install_base='install', merge_install=False, symlink_install=True, test_result_base=None, continue_on_error=False, executor='parallel', parallel_workers=4, event_handlers=None, ignore_user_meta=False, metas=['./colcon.meta'], base_paths=['.'], packages_ignore=None, packages_ignore_regex=None, paths=None, packages_up_to=None, packages_up_to_regex=None, packages_above=None, packages_above_and_dependencies=None, packages_above_depth=None, packages_select_by_dep=None, packages_skip_by_dep=None, packages_skip_up_to=None, packages_select_build_failed=False, packages_skip_build_finished=False, packages_select_test_failures=False, packages_skip_test_passed=False, packages_select=None, packages_skip=None, packages_select_regex=None, packages_skip_regex=None, packages_start=None, packages_end=None, allow_overriding=[], cmake_args=None, cmake_target=None, cmake_target_skip_unavailable=False, cmake_clean_cache=False, cmake_clean_first=False, cmake_force_configure=False, ament_cmake_args=None, catkin_cmake_args=None, catkin_skip_building_tests=False, mixin_files=None, mixin=None, verb_parser=<colcon_mixin.mixin.mixin_argument.MixinArgumentDecorator object at 0xffff886426b0>, verb_extension=<colcon_core.verb.build.BuildVerb object at 0xffff8875ece0>, main=<bound method BuildVerb.main of <colcon_core.verb.build.BuildVerb object at 0xffff8875ece0>>, mixin_verb=('build',))
[1.532s] Level 1:colcon.colcon_core.package_discovery:discover_packages(colcon_meta) check parameters
[1.532s] Level 1:colcon.colcon_core.package_discovery:discover_packages(recursive) check parameters
[1.533s] Level 1:colcon.colcon_core.package_discovery:discover_packages(ignore) check parameters
[1.533s] Level 1:colcon.colcon_core.package_discovery:discover_packages(path) check parameters
[1.533s] Level 1:colcon.colcon_core.package_discovery:discover_packages(colcon_meta) discover
[1.533s] Level 1:colcon.colcon_core.package_discovery:discover_packages(recursive) discover
[1.533s] INFO:colcon.colcon_core.package_discovery:Crawling recursively for packages in '/home/mini/MiniROS/dew_ws'
[1.534s] Level 1:colcon.colcon_core.package_identification:_identify(.) by extensions ['ignore', 'ignore_ament_install']
[1.534s] Level 1:colcon.colcon_core.package_identification:_identify(.) by extension 'ignore'
[1.534s] Level 1:colcon.colcon_core.package_identification:_identify(.) by extension 'ignore_ament_install'
[1.535s] Level 1:colcon.colcon_core.package_identification:_identify(.) by extensions ['colcon_pkg']
[1.535s] Level 1:colcon.colcon_core.package_identification:_identify(.) by extension 'colcon_pkg'
[1.535s] Level 1:colcon.colcon_core.package_identification:_identify(.) by extensions ['colcon_meta']
[1.535s] Level 1:colcon.colcon_core.package_identification:_identify(.) by extension 'colcon_meta'
[1.535s] Level 1:colcon.colcon_core.package_identification:_identify(.) by extensions ['ros']
[1.535s] Level 1:colcon.colcon_core.package_identification:_identify(.) by extension 'ros'
[1.592s] Level 1:colcon.colcon_core.package_identification:_identify(.) by extensions ['cmake', 'python']
[1.592s] Level 1:colcon.colcon_core.package_identification:_identify(.) by extension 'cmake'
[1.592s] Level 1:colcon.colcon_core.package_identification:_identify(.) by extension 'python'
[1.592s] Level 1:colcon.colcon_core.package_identification:_identify(.) by extensions ['python_setup_py']
[1.593s] Level 1:colcon.colcon_core.package_identification:_identify(.) by extension 'python_setup_py'
[1.593s] Level 1:colcon.colcon_core.package_identification:_identify(build) by extensions ['ignore', 'ignore_ament_install']
[1.594s] Level 1:colcon.colcon_core.package_identification:_identify(build) by extension 'ignore'
[1.594s] Level 1:colcon.colcon_core.package_identification:_identify(build) ignored
[1.594s] Level 1:colcon.colcon_core.package_identification:_identify(install) by extensions ['ignore', 'ignore_ament_install']
[1.595s] Level 1:colcon.colcon_core.package_identification:_identify(install) by extension 'ignore'
[1.595s] Level 1:colcon.colcon_core.package_identification:_identify(install) ignored
[1.596s] Level 1:colcon.colcon_core.package_identification:_identify(log) by extensions ['ignore', 'ignore_ament_install']
[1.596s] Level 1:colcon.colcon_core.package_identification:_identify(log) by extension 'ignore'
[1.596s] Level 1:colcon.colcon_core.package_identification:_identify(log) ignored
[1.597s] Level 1:colcon.colcon_core.package_identification:_identify(src) by extensions ['ignore', 'ignore_ament_install']
[1.597s] Level 1:colcon.colcon_core.package_identification:_identify(src) by extension 'ignore'
[1.597s] Level 1:colcon.colcon_core.package_identification:_identify(src) by extension 'ignore_ament_install'
[1.598s] Level 1:colcon.colcon_core.package_identification:_identify(src) by extensions ['colcon_pkg']
[1.598s] Level 1:colcon.colcon_core.package_identification:_identify(src) by extension 'colcon_pkg'
[1.598s] Level 1:colcon.colcon_core.package_identification:_identify(src) by extensions ['colcon_meta']
[1.598s] Level 1:colcon.colcon_core.package_identification:_identify(src) by extension 'colcon_meta'
[1.598s] Level 1:colcon.colcon_core.package_identification:_identify(src) by extensions ['ros']
[1.598s] Level 1:colcon.colcon_core.package_identification:_identify(src) by extension 'ros'
[1.599s] Level 1:colcon.colcon_core.package_identification:_identify(src) by extensions ['cmake', 'python']
[1.599s] Level 1:colcon.colcon_core.package_identification:_identify(src) by extension 'cmake'
[1.599s] Level 1:colcon.colcon_core.package_identification:_identify(src) by extension 'python'
[1.599s] Level 1:colcon.colcon_core.package_identification:_identify(src) by extensions ['python_setup_py']
[1.599s] Level 1:colcon.colcon_core.package_identification:_identify(src) by extension 'python_setup_py'
[1.600s] Level 1:colcon.colcon_core.package_identification:_identify(src/ball_tracker) by extensions ['ignore', 'ignore_ament_install']
[1.600s] Level 1:colcon.colcon_core.package_identification:_identify(src/ball_tracker) by extension 'ignore'
[1.601s] Level 1:colcon.colcon_core.package_identification:_identify(src/ball_tracker) by extension 'ignore_ament_install'
[1.601s] Level 1:colcon.colcon_core.package_identification:_identify(src/ball_tracker) by extensions ['colcon_pkg']
[1.601s] Level 1:colcon.colcon_core.package_identification:_identify(src/ball_tracker) by extension 'colcon_pkg'
[1.601s] Level 1:colcon.colcon_core.package_identification:_identify(src/ball_tracker) by extensions ['colcon_meta']
[1.601s] Level 1:colcon.colcon_core.package_identification:_identify(src/ball_tracker) by extension 'colcon_meta'
[1.601s] Level 1:colcon.colcon_core.package_identification:_identify(src/ball_tracker) by extensions ['ros']
[1.602s] Level 1:colcon.colcon_core.package_identification:_identify(src/ball_tracker) by extension 'ros'
[1.613s] DEBUG:colcon.colcon_core.package_identification:Package 'src/ball_tracker' with type 'ros.ament_python' and name 'ball_tracker'
[1.614s] Level 1:colcon.colcon_core.package_identification:_identify(src/mini_control) by extensions ['ignore', 'ignore_ament_install']
[1.615s] Level 1:colcon.colcon_core.package_identification:_identify(src/mini_control) by extension 'ignore'
[1.615s] Level 1:colcon.colcon_core.package_identification:_identify(src/mini_control) by extension 'ignore_ament_install'
[1.616s] Level 1:colcon.colcon_core.package_identification:_identify(src/mini_control) by extensions ['colcon_pkg']
[1.616s] Level 1:colcon.colcon_core.package_identification:_identify(src/mini_control) by extension 'colcon_pkg'
[1.616s] Level 1:colcon.colcon_core.package_identification:_identify(src/mini_control) by extensions ['colcon_meta']
[1.616s] Level 1:colcon.colcon_core.package_identification:_identify(src/mini_control) by extension 'colcon_meta'
[1.617s] Level 1:colcon.colcon_core.package_identification:_identify(src/mini_control) by extensions ['ros']
[1.617s] Level 1:colcon.colcon_core.package_identification:_identify(src/mini_control) by extension 'ros'
[1.619s] DEBUG:colcon.colcon_core.package_identification:Package 'src/mini_control' with type 'ros.ament_python' and name 'mini_control'
[1.620s] Level 1:colcon.colcon_core.package_identification:_identify(src/mini_robot) by extensions ['ignore', 'ignore_ament_install']
[1.621s] Level 1:colcon.colcon_core.package_identification:_identify(src/mini_robot) by extension 'ignore'
[1.621s] Level 1:colcon.colcon_core.package_identification:_identify(src/mini_robot) by extension 'ignore_ament_install'
[1.621s] Level 1:colcon.colcon_core.package_identification:_identify(src/mini_robot) by extensions ['colcon_pkg']
[1.621s] Level 1:colcon.colcon_core.package_identification:_identify(src/mini_robot) by extension 'colcon_pkg'
[1.621s] Level 1:colcon.colcon_core.package_identification:_identify(src/mini_robot) by extensions ['colcon_meta']
[1.621s] Level 1:colcon.colcon_core.package_identification:_identify(src/mini_robot) by extension 'colcon_meta'
[1.622s] Level 1:colcon.colcon_core.package_identification:_identify(src/mini_robot) by extensions ['ros']
[1.622s] Level 1:colcon.colcon_core.package_identification:_identify(src/mini_robot) by extension 'ros'
[1.624s] DEBUG:colcon.colcon_core.package_identification:Package 'src/mini_robot' with type 'ros.ament_cmake' and name 'mini_robot'
[1.624s] Level 1:colcon.colcon_core.package_discovery:discover_packages(recursive) using defaults
[1.625s] Level 1:colcon.colcon_core.package_discovery:discover_packages(ignore) discover
[1.625s] Level 1:colcon.colcon_core.package_discovery:discover_packages(ignore) using defaults
[1.625s] Level 1:colcon.colcon_core.package_discovery:discover_packages(path) discover
[1.625s] Level 1:colcon.colcon_core.package_discovery:discover_packages(path) using defaults
[1.715s] Level 1:colcon.colcon_core.package_discovery:discover_packages(prefix_path) check parameters
[1.715s] Level 1:colcon.colcon_core.package_discovery:discover_packages(prefix_path) discover
[1.725s] DEBUG:colcon.colcon_installed_package_information.package_discovery:Found 3 installed packages in /home/mini/MiniROS/dew_ws/install
[1.736s] DEBUG:colcon.colcon_installed_package_information.package_discovery:Found 277 installed packages in /opt/ros/humble
[1.748s] Level 1:colcon.colcon_core.package_discovery:discover_packages(prefix_path) using defaults
[1.991s] Level 5:colcon.colcon_core.verb:set package 'ball_tracker' build argument 'cmake_args' from command line to 'None'
[1.991s] Level 5:colcon.colcon_core.verb:set package 'ball_tracker' build argument 'cmake_target' from command line to 'None'
[1.991s] Level 5:colcon.colcon_core.verb:set package 'ball_tracker' build argument 'cmake_target_skip_unavailable' from command line to 'False'
[1.991s] Level 5:colcon.colcon_core.verb:set package 'ball_tracker' build argument 'cmake_clean_cache' from command line to 'False'
[1.991s] Level 5:colcon.colcon_core.verb:set package 'ball_tracker' build argument 'cmake_clean_first' from command line to 'False'
[1.992s] Level 5:colcon.colcon_core.verb:set package 'ball_tracker' build argument 'cmake_force_configure' from command line to 'False'
[1.992s] Level 5:colcon.colcon_core.verb:set package 'ball_tracker' build argument 'ament_cmake_args' from command line to 'None'
[1.992s] Level 5:colcon.colcon_core.verb:set package 'ball_tracker' build argument 'catkin_cmake_args' from command line to 'None'
[1.992s] Level 5:colcon.colcon_core.verb:set package 'ball_tracker' build argument 'catkin_skip_building_tests' from command line to 'False'
[1.992s] DEBUG:colcon.colcon_core.verb:Building package 'ball_tracker' with the following arguments: {'ament_cmake_args': None, 'build_base': '/home/mini/MiniROS/dew_ws/build/ball_tracker', 'catkin_cmake_args': None, 'catkin_skip_building_tests': False, 'cmake_args': None, 'cmake_clean_cache': False, 'cmake_clean_first': False, 'cmake_force_configure': False, 'cmake_target': None, 'cmake_target_skip_unavailable': False, 'install_base': '/home/mini/MiniROS/dew_ws/install/ball_tracker', 'merge_install': False, 'path': '/home/mini/MiniROS/dew_ws/src/ball_tracker', 'symlink_install': True, 'test_result_base': None}
[1.994s] Level 5:colcon.colcon_core.verb:set package 'mini_control' build argument 'cmake_args' from command line to 'None'
[1.994s] Level 5:colcon.colcon_core.verb:set package 'mini_control' build argument 'cmake_target' from command line to 'None'
[1.994s] Level 5:colcon.colcon_core.verb:set package 'mini_control' build argument 'cmake_target_skip_unavailable' from command line to 'False'
[1.994s] Level 5:colcon.colcon_core.verb:set package 'mini_control' build argument 'cmake_clean_cache' from command line to 'False'
[1.995s] Level 5:colcon.colcon_core.verb:set package 'mini_control' build argument 'cmake_clean_first' from command line to 'False'
[1.995s] Level 5:colcon.colcon_core.verb:set package 'mini_control' build argument 'cmake_force_configure' from command line to 'False'
[1.995s] Level 5:colcon.colcon_core.verb:set package 'mini_control' build argument 'ament_cmake_args' from command line to 'None'
[1.995s] Level 5:colcon.colcon_core.verb:set package 'mini_control' build argument 'catkin_cmake_args' from command line to 'None'
[1.995s] Level 5:colcon.colcon_core.verb:set package 'mini_control' build argument 'catkin_skip_building_tests' from command line to 'False'
[1.995s] DEBUG:colcon.colcon_core.verb:Building package 'mini_control' with the following arguments: {'ament_cmake_args': None, 'build_base': '/home/mini/MiniROS/dew_ws/build/mini_control', 'catkin_cmake_args': None, 'catkin_skip_building_tests': False, 'cmake_args': None, 'cmake_clean_cache': False, 'cmake_clean_first': False, 'cmake_force_configure': False, 'cmake_target': None, 'cmake_target_skip_unavailable': False, 'install_base': '/home/mini/MiniROS/dew_ws/install/mini_control', 'merge_install': False, 'path': '/home/mini/MiniROS/dew_ws/src/mini_control', 'symlink_install': True, 'test_result_base': None}
[1.997s] Level 5:colcon.colcon_core.verb:set package 'mini_robot' build argument 'cmake_args' from command line to 'None'
[1.997s] Level 5:colcon.colcon_core.verb:set package 'mini_robot' build argument 'cmake_target' from command line to 'None'
[1.997s] Level 5:colcon.colcon_core.verb:set package 'mini_robot' build argument 'cmake_target_skip_unavailable' from command line to 'False'
[1.997s] Level 5:colcon.colcon_core.verb:set package 'mini_robot' build argument 'cmake_clean_cache' from command line to 'False'
[1.997s] Level 5:colcon.colcon_core.verb:set package 'mini_robot' build argument 'cmake_clean_first' from command line to 'False'
[1.998s] Level 5:colcon.colcon_core.verb:set package 'mini_robot' build argument 'cmake_force_configure' from command line to 'False'
[1.998s] Level 5:colcon.colcon_core.verb:set package 'mini_robot' build argument 'ament_cmake_args' from command line to 'None'
[1.998s] Level 5:colcon.colcon_core.verb:set package 'mini_robot' build argument 'catkin_cmake_args' from command line to 'None'
[1.998s] Level 5:colcon.colcon_core.verb:set package 'mini_robot' build argument 'catkin_skip_building_tests' from command line to 'False'
[1.998s] DEBUG:colcon.colcon_core.verb:Building package 'mini_robot' with the following arguments: {'ament_cmake_args': None, 'build_base': '/home/mini/MiniROS/dew_ws/build/mini_robot', 'catkin_cmake_args': None, 'catkin_skip_building_tests': False, 'cmake_args': None, 'cmake_clean_cache': False, 'cmake_clean_first': False, 'cmake_force_configure': False, 'cmake_target': None, 'cmake_target_skip_unavailable': False, 'install_base': '/home/mini/MiniROS/dew_ws/install/mini_robot', 'merge_install': False, 'path': '/home/mini/MiniROS/dew_ws/src/mini_robot', 'symlink_install': True, 'test_result_base': None}
[1.999s] INFO:colcon.colcon_core.executor:Executing jobs using 'parallel' executor
[2.002s] DEBUG:colcon.colcon_parallel_executor.executor.parallel:run_until_complete
[2.004s] INFO:colcon.colcon_ros.task.ament_python.build:Building ROS package in '/home/mini/MiniROS/dew_ws/src/ball_tracker' with build type 'ament_python'
[2.004s] Level 1:colcon.colcon_core.shell:create_environment_hook('ball_tracker', 'ament_prefix_path')
[2.015s] INFO:colcon.colcon_core.plugin_system:Skipping extension 'colcon_core.shell.bat': Not used on non-Windows systems
[2.017s] INFO:colcon.colcon_core.shell:Creating environment hook '/home/mini/MiniROS/dew_ws/install/ball_tracker/share/ball_tracker/hook/ament_prefix_path.ps1'
[2.021s] INFO:colcon.colcon_core.shell:Creating environment descriptor '/home/mini/MiniROS/dew_ws/install/ball_tracker/share/ball_tracker/hook/ament_prefix_path.dsv'
[2.023s] INFO:colcon.colcon_core.shell:Creating environment hook '/home/mini/MiniROS/dew_ws/install/ball_tracker/share/ball_tracker/hook/ament_prefix_path.sh'
[2.028s] INFO:colcon.colcon_core.shell:Skip shell extension 'powershell' for command environment: Not usable outside of PowerShell
[2.029s] DEBUG:colcon.colcon_core.shell:Skip shell extension 'dsv' for command environment
[2.054s] INFO:colcon.colcon_ros.task.ament_python.build:Building ROS package in '/home/mini/MiniROS/dew_ws/src/mini_control' with build type 'ament_python'
[2.055s] Level 1:colcon.colcon_core.shell:create_environment_hook('mini_control', 'ament_prefix_path')
[2.057s] INFO:colcon.colcon_core.shell:Creating environment hook '/home/mini/MiniROS/dew_ws/install/mini_control/share/mini_control/hook/ament_prefix_path.ps1'
[2.059s] INFO:colcon.colcon_core.shell:Creating environment descriptor '/home/mini/MiniROS/dew_ws/install/mini_control/share/mini_control/hook/ament_prefix_path.dsv'
[2.061s] INFO:colcon.colcon_core.shell:Creating environment hook '/home/mini/MiniROS/dew_ws/install/mini_control/share/mini_control/hook/ament_prefix_path.sh'
[2.068s] INFO:colcon.colcon_core.shell:Skip shell extension 'powershell' for command environment: Not usable outside of PowerShell
[2.068s] DEBUG:colcon.colcon_core.shell:Skip shell extension 'dsv' for command environment
[2.092s] INFO:colcon.colcon_ros.task.ament_cmake.build:Building ROS package in '/home/mini/MiniROS/dew_ws/src/mini_robot' with build type 'ament_cmake'
[2.092s] INFO:colcon.colcon_cmake.task.cmake.build:Building CMake package in '/home/mini/MiniROS/dew_ws/src/mini_robot'
[2.094s] INFO:colcon.colcon_core.shell:Skip shell extension 'powershell' for command environment: Not usable outside of PowerShell
[2.094s] DEBUG:colcon.colcon_core.shell:Skip shell extension 'dsv' for command environment
[3.624s] INFO:colcon.colcon_core.task.python.build:Building Python package in '/home/mini/MiniROS/dew_ws/src/ball_tracker'
[3.625s] INFO:colcon.colcon_core.shell:Skip shell extension 'powershell' for command environment: Not usable outside of PowerShell
[3.625s] DEBUG:colcon.colcon_core.shell:Skip shell extension 'dsv' for command environment
[5.112s] INFO:colcon.colcon_core.task.python.build:Building Python package in '/home/mini/MiniROS/dew_ws/src/mini_control'
[5.114s] INFO:colcon.colcon_core.shell:Skip shell extension 'powershell' for command environment: Not usable outside of PowerShell
[5.114s] DEBUG:colcon.colcon_core.shell:Skip shell extension 'dsv' for command environment
[5.158s] DEBUG:colcon.colcon_core.event_handler.log_command:Invoking command in '/home/mini/MiniROS/dew_ws/build/mini_robot': CMAKE_PREFIX_PATH=${CMAKE_PREFIX_PATH}:/home/mini/MiniROS/dew_ws/install/mini_control:/home/mini/MiniROS/dew_ws/install/ball_tracker:/opt/ros/humble /usr/bin/cmake --build /home/mini/MiniROS/dew_ws/build/mini_robot -- -j4 -l4
[5.385s] DEBUG:colcon.colcon_core.event_handler.log_command:Invoked command in '/home/mini/MiniROS/dew_ws/build/mini_robot' returned '0': CMAKE_PREFIX_PATH=${CMAKE_PREFIX_PATH}:/home/mini/MiniROS/dew_ws/install/mini_control:/home/mini/MiniROS/dew_ws/install/ball_tracker:/opt/ros/humble /usr/bin/cmake --build /home/mini/MiniROS/dew_ws/build/mini_robot -- -j4 -l4
[5.598s] DEBUG:colcon.colcon_core.event_handler.log_command:Invoking command in '/home/mini/MiniROS/dew_ws/build/mini_robot': CMAKE_PREFIX_PATH=${CMAKE_PREFIX_PATH}:/home/mini/MiniROS/dew_ws/install/mini_control:/home/mini/MiniROS/dew_ws/install/ball_tracker:/opt/ros/humble /usr/bin/cmake --install /home/mini/MiniROS/dew_ws/build/mini_robot
[5.783s] Level 1:colcon.colcon_core.environment:create_environment_scripts_only(mini_robot)
[5.793s] DEBUG:colcon.colcon_core.event_handler.log_command:Invoked command in '/home/mini/MiniROS/dew_ws/build/mini_robot' returned '0': CMAKE_PREFIX_PATH=${CMAKE_PREFIX_PATH}:/home/mini/MiniROS/dew_ws/install/mini_control:/home/mini/MiniROS/dew_ws/install/ball_tracker:/opt/ros/humble /usr/bin/cmake --install /home/mini/MiniROS/dew_ws/build/mini_robot
[5.805s] Level 1:colcon.colcon_core.environment:checking '/home/mini/MiniROS/dew_ws/install/mini_robot' for CMake module files
[5.808s] Level 1:colcon.colcon_core.environment:checking '/home/mini/MiniROS/dew_ws/install/mini_robot' for CMake config files
[5.811s] Level 1:colcon.colcon_core.shell:create_environment_hook('mini_robot', 'cmake_prefix_path')
[5.812s] INFO:colcon.colcon_core.shell:Creating environment hook '/home/mini/MiniROS/dew_ws/install/mini_robot/share/mini_robot/hook/cmake_prefix_path.ps1'
[5.814s] INFO:colcon.colcon_core.shell:Creating environment descriptor '/home/mini/MiniROS/dew_ws/install/mini_robot/share/mini_robot/hook/cmake_prefix_path.dsv'
[5.817s] INFO:colcon.colcon_core.shell:Creating environment hook '/home/mini/MiniROS/dew_ws/install/mini_robot/share/mini_robot/hook/cmake_prefix_path.sh'
[5.822s] Level 1:colcon.colcon_core.environment:checking '/home/mini/MiniROS/dew_ws/install/mini_robot/bin'
[5.822s] Level 1:colcon.colcon_core.environment:checking '/home/mini/MiniROS/dew_ws/install/mini_robot/lib/pkgconfig/mini_robot.pc'
[5.823s] Level 1:colcon.colcon_core.environment:checking '/home/mini/MiniROS/dew_ws/install/mini_robot/lib/python3.10/site-packages'
[5.825s] Level 1:colcon.colcon_core.environment:checking '/home/mini/MiniROS/dew_ws/install/mini_robot/bin'
[5.827s] INFO:colcon.colcon_core.shell:Creating package script '/home/mini/MiniROS/dew_ws/install/mini_robot/share/mini_robot/package.ps1'
[5.831s] INFO:colcon.colcon_core.shell:Creating package descriptor '/home/mini/MiniROS/dew_ws/install/mini_robot/share/mini_robot/package.dsv'
[5.835s] INFO:colcon.colcon_core.shell:Creating package script '/home/mini/MiniROS/dew_ws/install/mini_robot/share/mini_robot/package.sh'
[5.838s] INFO:colcon.colcon_core.shell:Creating package script '/home/mini/MiniROS/dew_ws/install/mini_robot/share/mini_robot/package.bash'
[5.842s] INFO:colcon.colcon_core.shell:Creating package script '/home/mini/MiniROS/dew_ws/install/mini_robot/share/mini_robot/package.zsh'
[5.847s] Level 1:colcon.colcon_core.environment:create_file_with_runtime_dependencies(/home/mini/MiniROS/dew_ws/install/mini_robot/share/colcon-core/packages/mini_robot)
[6.015s] Level 1:colcon.colcon_core.environment:create_environment_scripts_only(mini_robot)
[6.016s] Level 1:colcon.colcon_core.environment:checking '/home/mini/MiniROS/dew_ws/install/mini_robot' for CMake module files
[6.020s] Level 1:colcon.colcon_core.environment:checking '/home/mini/MiniROS/dew_ws/install/mini_robot' for CMake config files
[6.022s] Level 1:colcon.colcon_core.shell:create_environment_hook('mini_robot', 'cmake_prefix_path')
[6.023s] INFO:colcon.colcon_core.shell:Creating environment hook '/home/mini/MiniROS/dew_ws/install/mini_robot/share/mini_robot/hook/cmake_prefix_path.ps1'
[6.025s] INFO:colcon.colcon_core.shell:Creating environment descriptor '/home/mini/MiniROS/dew_ws/install/mini_robot/share/mini_robot/hook/cmake_prefix_path.dsv'
[6.027s] INFO:colcon.colcon_core.shell:Creating environment hook '/home/mini/MiniROS/dew_ws/install/mini_robot/share/mini_robot/hook/cmake_prefix_path.sh'
[6.031s] Level 1:colcon.colcon_core.environment:checking '/home/mini/MiniROS/dew_ws/install/mini_robot/bin'
[6.031s] Level 1:colcon.colcon_core.environment:checking '/home/mini/MiniROS/dew_ws/install/mini_robot/lib/pkgconfig/mini_robot.pc'
[6.033s] Level 1:colcon.colcon_core.environment:checking '/home/mini/MiniROS/dew_ws/install/mini_robot/lib/python3.10/site-packages'
[6.034s] Level 1:colcon.colcon_core.environment:checking '/home/mini/MiniROS/dew_ws/install/mini_robot/bin'
[6.037s] INFO:colcon.colcon_core.shell:Creating package script '/home/mini/MiniROS/dew_ws/install/mini_robot/share/mini_robot/package.ps1'
[6.039s] INFO:colcon.colcon_core.shell:Creating package descriptor '/home/mini/MiniROS/dew_ws/install/mini_robot/share/mini_robot/package.dsv'
[6.043s] INFO:colcon.colcon_core.shell:Creating package script '/home/mini/MiniROS/dew_ws/install/mini_robot/share/mini_robot/package.sh'
[6.046s] INFO:colcon.colcon_core.shell:Creating package script '/home/mini/MiniROS/dew_ws/install/mini_robot/share/mini_robot/package.bash'
[6.049s] INFO:colcon.colcon_core.shell:Creating package script '/home/mini/MiniROS/dew_ws/install/mini_robot/share/mini_robot/package.zsh'
[6.052s] Level 1:colcon.colcon_core.environment:create_file_with_runtime_dependencies(/home/mini/MiniROS/dew_ws/install/mini_robot/share/colcon-core/packages/mini_robot)
[7.612s] DEBUG:colcon.colcon_core.event_handler.log_command:Invoking command in '/home/mini/MiniROS/dew_ws/build/mini_control': PYTHONPATH=/home/mini/MiniROS/dew_ws/build/mini_control/prefix_override:/usr/lib/python3/dist-packages/colcon_core/task/python/colcon_distutils_commands:/home/mini/MiniROS/dew_ws/install/mini_control/lib/python3.10/site-packages:${PYTHONPATH} /usr/bin/python3 -W ignore:setup.py install is deprecated setup.py develop --editable --build-directory /home/mini/MiniROS/dew_ws/build/mini_control/build --no-deps symlink_data
[7.657s] DEBUG:colcon.colcon_core.event_handler.log_command:Invoking command in '/home/mini/MiniROS/dew_ws/build/ball_tracker': PYTHONPATH=/home/mini/MiniROS/dew_ws/build/ball_tracker/prefix_override:/usr/lib/python3/dist-packages/colcon_core/task/python/colcon_distutils_commands:/home/mini/MiniROS/dew_ws/install/ball_tracker/lib/python3.10/site-packages:${PYTHONPATH} /usr/bin/python3 -W ignore:setup.py install is deprecated setup.py develop --editable --build-directory /home/mini/MiniROS/dew_ws/build/ball_tracker/build --no-deps symlink_data
[10.732s] Level 1:colcon.colcon_core.shell:create_environment_hook('mini_control', 'pythonpath_develop')
[10.734s] INFO:colcon.colcon_core.shell:Creating environment hook '/home/mini/MiniROS/dew_ws/build/mini_control/share/mini_control/hook/pythonpath_develop.ps1'
[10.738s] DEBUG:colcon.colcon_core.event_handler.log_command:Invoked command in '/home/mini/MiniROS/dew_ws/build/mini_control' returned '0': PYTHONPATH=/home/mini/MiniROS/dew_ws/build/mini_control/prefix_override:/usr/lib/python3/dist-packages/colcon_core/task/python/colcon_distutils_commands:/home/mini/MiniROS/dew_ws/install/mini_control/lib/python3.10/site-packages:${PYTHONPATH} /usr/bin/python3 -W ignore:setup.py install is deprecated setup.py develop --editable --build-directory /home/mini/MiniROS/dew_ws/build/mini_control/build --no-deps symlink_data
[10.744s] INFO:colcon.colcon_core.shell:Creating environment descriptor '/home/mini/MiniROS/dew_ws/build/mini_control/share/mini_control/hook/pythonpath_develop.dsv'
[10.747s] INFO:colcon.colcon_core.shell:Creating environment hook '/home/mini/MiniROS/dew_ws/build/mini_control/share/mini_control/hook/pythonpath_develop.sh'
[10.753s] Level 1:colcon.colcon_core.environment:checking '/home/mini/MiniROS/dew_ws/install/mini_control' for CMake module files
[10.757s] Level 1:colcon.colcon_core.environment:checking '/home/mini/MiniROS/dew_ws/install/mini_control' for CMake config files
[10.762s] Level 1:colcon.colcon_core.environment:checking '/home/mini/MiniROS/dew_ws/install/mini_control/lib'
[10.764s] Level 1:colcon.colcon_core.environment:checking '/home/mini/MiniROS/dew_ws/install/mini_control/bin'
[10.765s] Level 1:colcon.colcon_core.environment:checking '/home/mini/MiniROS/dew_ws/install/mini_control/lib/pkgconfig/mini_control.pc'
[10.767s] Level 1:colcon.colcon_core.environment:checking '/home/mini/MiniROS/dew_ws/install/mini_control/lib/python3.10/site-packages'
[10.768s] Level 1:colcon.colcon_core.shell:create_environment_hook('mini_control', 'pythonpath')
[10.769s] INFO:colcon.colcon_core.shell:Creating environment hook '/home/mini/MiniROS/dew_ws/install/mini_control/share/mini_control/hook/pythonpath.ps1'
[10.773s] INFO:colcon.colcon_core.shell:Creating environment descriptor '/home/mini/MiniROS/dew_ws/install/mini_control/share/mini_control/hook/pythonpath.dsv'
[10.775s] INFO:colcon.colcon_core.shell:Creating environment hook '/home/mini/MiniROS/dew_ws/install/mini_control/share/mini_control/hook/pythonpath.sh'
[10.779s] Level 1:colcon.colcon_core.environment:checking '/home/mini/MiniROS/dew_ws/install/mini_control/bin'
[10.780s] Level 1:colcon.colcon_core.environment:create_environment_scripts_only(mini_control)
[10.782s] INFO:colcon.colcon_core.shell:Creating package script '/home/mini/MiniROS/dew_ws/install/mini_control/share/mini_control/package.ps1'
[10.784s] INFO:colcon.colcon_core.shell:Creating package descriptor '/home/mini/MiniROS/dew_ws/install/mini_control/share/mini_control/package.dsv'
[10.788s] INFO:colcon.colcon_core.shell:Creating package script '/home/mini/MiniROS/dew_ws/install/mini_control/share/mini_control/package.sh'
[10.790s] INFO:colcon.colcon_core.shell:Creating package script '/home/mini/MiniROS/dew_ws/install/mini_control/share/mini_control/package.bash'
[10.792s] INFO:colcon.colcon_core.shell:Creating package script '/home/mini/MiniROS/dew_ws/install/mini_control/share/mini_control/package.zsh'
[10.794s] Level 1:colcon.colcon_core.environment:create_file_with_runtime_dependencies(/home/mini/MiniROS/dew_ws/install/mini_control/share/colcon-core/packages/mini_control)
[10.799s] Level 1:colcon.colcon_core.shell:create_environment_hook('ball_tracker', 'pythonpath_develop')
[10.800s] INFO:colcon.colcon_core.shell:Creating environment hook '/home/mini/MiniROS/dew_ws/build/ball_tracker/share/ball_tracker/hook/pythonpath_develop.ps1'
[10.803s] DEBUG:colcon.colcon_core.event_handler.log_command:Invoked command in '/home/mini/MiniROS/dew_ws/build/ball_tracker' returned '0': PYTHONPATH=/home/mini/MiniROS/dew_ws/build/ball_tracker/prefix_override:/usr/lib/python3/dist-packages/colcon_core/task/python/colcon_distutils_commands:/home/mini/MiniROS/dew_ws/install/ball_tracker/lib/python3.10/site-packages:${PYTHONPATH} /usr/bin/python3 -W ignore:setup.py install is deprecated setup.py develop --editable --build-directory /home/mini/MiniROS/dew_ws/build/ball_tracker/build --no-deps symlink_data
[10.804s] INFO:colcon.colcon_core.shell:Creating environment descriptor '/home/mini/MiniROS/dew_ws/build/ball_tracker/share/ball_tracker/hook/pythonpath_develop.dsv'
[10.806s] INFO:colcon.colcon_core.shell:Creating environment hook '/home/mini/MiniROS/dew_ws/build/ball_tracker/share/ball_tracker/hook/pythonpath_develop.sh'
[10.809s] Level 1:colcon.colcon_core.environment:checking '/home/mini/MiniROS/dew_ws/install/ball_tracker' for CMake module files
[10.812s] Level 1:colcon.colcon_core.environment:checking '/home/mini/MiniROS/dew_ws/install/ball_tracker' for CMake config files
[10.818s] Level 1:colcon.colcon_core.environment:checking '/home/mini/MiniROS/dew_ws/install/ball_tracker/lib'
[10.818s] Level 1:colcon.colcon_core.environment:checking '/home/mini/MiniROS/dew_ws/install/ball_tracker/bin'
[10.819s] Level 1:colcon.colcon_core.environment:checking '/home/mini/MiniROS/dew_ws/install/ball_tracker/lib/pkgconfig/ball_tracker.pc'
[10.820s] Level 1:colcon.colcon_core.environment:checking '/home/mini/MiniROS/dew_ws/install/ball_tracker/lib/python3.10/site-packages'
[10.820s] Level 1:colcon.colcon_core.shell:create_environment_hook('ball_tracker', 'pythonpath')
[10.821s] INFO:colcon.colcon_core.shell:Creating environment hook '/home/mini/MiniROS/dew_ws/install/ball_tracker/share/ball_tracker/hook/pythonpath.ps1'
[10.824s] INFO:colcon.colcon_core.shell:Creating environment descriptor '/home/mini/MiniROS/dew_ws/install/ball_tracker/share/ball_tracker/hook/pythonpath.dsv'
[10.826s] INFO:colcon.colcon_core.shell:Creating environment hook '/home/mini/MiniROS/dew_ws/install/ball_tracker/share/ball_tracker/hook/pythonpath.sh'
[10.829s] Level 1:colcon.colcon_core.environment:checking '/home/mini/MiniROS/dew_ws/install/ball_tracker/bin'
[10.830s] Level 1:colcon.colcon_core.environment:create_environment_scripts_only(ball_tracker)
[10.833s] INFO:colcon.colcon_core.shell:Creating package script '/home/mini/MiniROS/dew_ws/install/ball_tracker/share/ball_tracker/package.ps1'
[10.836s] INFO:colcon.colcon_core.shell:Creating package descriptor '/home/mini/MiniROS/dew_ws/install/ball_tracker/share/ball_tracker/package.dsv'
[10.839s] INFO:colcon.colcon_core.shell:Creating package script '/home/mini/MiniROS/dew_ws/install/ball_tracker/share/ball_tracker/package.sh'
[10.842s] INFO:colcon.colcon_core.shell:Creating package script '/home/mini/MiniROS/dew_ws/install/ball_tracker/share/ball_tracker/package.bash'
[10.844s] INFO:colcon.colcon_core.shell:Creating package script '/home/mini/MiniROS/dew_ws/install/ball_tracker/share/ball_tracker/package.zsh'
[10.846s] Level 1:colcon.colcon_core.environment:create_file_with_runtime_dependencies(/home/mini/MiniROS/dew_ws/install/ball_tracker/share/colcon-core/packages/ball_tracker)
[10.847s] DEBUG:colcon.colcon_parallel_executor.executor.parallel:closing loop
[10.848s] DEBUG:colcon.colcon_parallel_executor.executor.parallel:loop closed
[10.849s] DEBUG:colcon.colcon_parallel_executor.executor.parallel:run_until_complete finished with '0'
[10.850s] DEBUG:colcon.colcon_core.event_reactor:joining thread
[10.882s] INFO:colcon.colcon_core.plugin_system:Skipping extension 'colcon_notification.desktop_notification.terminal_notifier': Not used on non-Darwin systems
[10.883s] INFO:colcon.colcon_core.plugin_system:Skipping extension 'colcon_notification.desktop_notification.win32': Not used on non-Windows systems
[10.884s] INFO:colcon.colcon_notification.desktop_notification:Sending desktop notification using 'notify2'
[10.946s] DEBUG:colcon.colcon_core.event_reactor:joined thread
[10.947s] INFO:colcon.colcon_core.shell:Creating prefix script '/home/mini/MiniROS/dew_ws/install/local_setup.ps1'
[10.952s] INFO:colcon.colcon_core.shell:Creating prefix util module '/home/mini/MiniROS/dew_ws/install/_local_setup_util_ps1.py'
[10.959s] INFO:colcon.colcon_core.shell:Creating prefix chain script '/home/mini/MiniROS/dew_ws/install/setup.ps1'
[10.967s] INFO:colcon.colcon_core.shell:Creating prefix script '/home/mini/MiniROS/dew_ws/install/local_setup.sh'
[10.970s] INFO:colcon.colcon_core.shell:Creating prefix util module '/home/mini/MiniROS/dew_ws/install/_local_setup_util_sh.py'
[10.973s] INFO:colcon.colcon_core.shell:Creating prefix chain script '/home/mini/MiniROS/dew_ws/install/setup.sh'
[10.980s] INFO:colcon.colcon_core.shell:Creating prefix script '/home/mini/MiniROS/dew_ws/install/local_setup.bash'
[10.984s] INFO:colcon.colcon_core.shell:Creating prefix chain script '/home/mini/MiniROS/dew_ws/install/setup.bash'
[10.991s] INFO:colcon.colcon_core.shell:Creating prefix script '/home/mini/MiniROS/dew_ws/install/local_setup.zsh'
[10.994s] INFO:colcon.colcon_core.shell:Creating prefix chain script '/home/mini/MiniROS/dew_ws/install/setup.zsh'
