[0.077s] DEBUG:colcon:Command line arguments: ['/usr/bin/colcon', 'build', '--symlink-install']
[0.077s] DEBUG:colcon:Parsed command line arguments: Namespace(log_base=None, log_level=None, verb_name='build', build_base='build', install_base='install', merge_install=False, symlink_install=True, test_result_base=None, continue_on_error=False, executor='parallel', parallel_workers=16, event_handlers=None, ignore_user_meta=False, metas=['./colcon.meta'], base_paths=['.'], packages_ignore=None, packages_ignore_regex=None, paths=None, packages_up_to=None, packages_up_to_regex=None, packages_above=None, packages_above_and_dependencies=None, packages_above_depth=None, packages_select_by_dep=None, packages_skip_by_dep=None, packages_skip_up_to=None, packages_select_build_failed=False, packages_skip_build_finished=False, packages_select_test_failures=False, packages_skip_test_passed=False, packages_select=None, packages_skip=None, packages_select_regex=None, packages_skip_regex=None, packages_start=None, packages_end=None, allow_overriding=[], cmake_args=None, cmake_target=None, cmake_target_skip_unavailable=False, cmake_clean_cache=False, cmake_clean_first=False, cmake_force_configure=False, ament_cmake_args=None, catkin_cmake_args=None, catkin_skip_building_tests=False, verb_parser=<colcon_defaults.argument_parser.defaults.DefaultArgumentsDecorator object at 0x7be9a1a1d600>, verb_extension=<colcon_core.verb.build.BuildVerb object at 0x7be9a1b720b0>, main=<bound method BuildVerb.main of <colcon_core.verb.build.BuildVerb object at 0x7be9a1b720b0>>)
[0.219s] Level 1:colcon.colcon_core.package_discovery:discover_packages(colcon_meta) check parameters
[0.219s] Level 1:colcon.colcon_core.package_discovery:discover_packages(recursive) check parameters
[0.219s] Level 1:colcon.colcon_core.package_discovery:discover_packages(ignore) check parameters
[0.219s] Level 1:colcon.colcon_core.package_discovery:discover_packages(path) check parameters
[0.219s] Level 1:colcon.colcon_core.package_discovery:discover_packages(colcon_meta) discover
[0.219s] Level 1:colcon.colcon_core.package_discovery:discover_packages(recursive) discover
[0.219s] INFO:colcon.colcon_core.package_discovery:Crawling recursively for packages in '/home/neslisah/Documents/2023-2024Spring/ME462/MiniROS/dew_ws'
[0.219s] Level 1:colcon.colcon_core.package_identification:_identify(.) by extensions ['ignore', 'ignore_ament_install']
[0.219s] Level 1:colcon.colcon_core.package_identification:_identify(.) by extension 'ignore'
[0.219s] Level 1:colcon.colcon_core.package_identification:_identify(.) by extension 'ignore_ament_install'
[0.219s] Level 1:colcon.colcon_core.package_identification:_identify(.) by extensions ['colcon_pkg']
[0.219s] Level 1:colcon.colcon_core.package_identification:_identify(.) by extension 'colcon_pkg'
[0.219s] Level 1:colcon.colcon_core.package_identification:_identify(.) by extensions ['colcon_meta']
[0.219s] Level 1:colcon.colcon_core.package_identification:_identify(.) by extension 'colcon_meta'
[0.219s] Level 1:colcon.colcon_core.package_identification:_identify(.) by extensions ['ros']
[0.219s] Level 1:colcon.colcon_core.package_identification:_identify(.) by extension 'ros'
[0.227s] Level 1:colcon.colcon_core.package_identification:_identify(.) by extensions ['cmake', 'python']
[0.227s] Level 1:colcon.colcon_core.package_identification:_identify(.) by extension 'cmake'
[0.227s] Level 1:colcon.colcon_core.package_identification:_identify(.) by extension 'python'
[0.227s] Level 1:colcon.colcon_core.package_identification:_identify(.) by extensions ['python_setup_py']
[0.227s] Level 1:colcon.colcon_core.package_identification:_identify(.) by extension 'python_setup_py'
[0.227s] Level 1:colcon.colcon_core.package_identification:_identify(build) by extensions ['ignore', 'ignore_ament_install']
[0.227s] Level 1:colcon.colcon_core.package_identification:_identify(build) by extension 'ignore'
[0.227s] Level 1:colcon.colcon_core.package_identification:_identify(build) ignored
[0.227s] Level 1:colcon.colcon_core.package_identification:_identify(install) by extensions ['ignore', 'ignore_ament_install']
[0.227s] Level 1:colcon.colcon_core.package_identification:_identify(install) by extension 'ignore'
[0.227s] Level 1:colcon.colcon_core.package_identification:_identify(install) ignored
[0.228s] Level 1:colcon.colcon_core.package_identification:_identify(log) by extensions ['ignore', 'ignore_ament_install']
[0.228s] Level 1:colcon.colcon_core.package_identification:_identify(log) by extension 'ignore'
[0.228s] Level 1:colcon.colcon_core.package_identification:_identify(log) ignored
[0.228s] Level 1:colcon.colcon_core.package_identification:_identify(src) by extensions ['ignore', 'ignore_ament_install']
[0.228s] Level 1:colcon.colcon_core.package_identification:_identify(src) by extension 'ignore'
[0.228s] Level 1:colcon.colcon_core.package_identification:_identify(src) by extension 'ignore_ament_install'
[0.228s] Level 1:colcon.colcon_core.package_identification:_identify(src) by extensions ['colcon_pkg']
[0.228s] Level 1:colcon.colcon_core.package_identification:_identify(src) by extension 'colcon_pkg'
[0.228s] Level 1:colcon.colcon_core.package_identification:_identify(src) by extensions ['colcon_meta']
[0.228s] Level 1:colcon.colcon_core.package_identification:_identify(src) by extension 'colcon_meta'
[0.228s] Level 1:colcon.colcon_core.package_identification:_identify(src) by extensions ['ros']
[0.228s] Level 1:colcon.colcon_core.package_identification:_identify(src) by extension 'ros'
[0.228s] Level 1:colcon.colcon_core.package_identification:_identify(src) by extensions ['cmake', 'python']
[0.228s] Level 1:colcon.colcon_core.package_identification:_identify(src) by extension 'cmake'
[0.228s] Level 1:colcon.colcon_core.package_identification:_identify(src) by extension 'python'
[0.228s] Level 1:colcon.colcon_core.package_identification:_identify(src) by extensions ['python_setup_py']
[0.228s] Level 1:colcon.colcon_core.package_identification:_identify(src) by extension 'python_setup_py'
[0.228s] Level 1:colcon.colcon_core.package_identification:_identify(src/aruco_tracker) by extensions ['ignore', 'ignore_ament_install']
[0.228s] Level 1:colcon.colcon_core.package_identification:_identify(src/aruco_tracker) by extension 'ignore'
[0.228s] Level 1:colcon.colcon_core.package_identification:_identify(src/aruco_tracker) by extension 'ignore_ament_install'
[0.228s] Level 1:colcon.colcon_core.package_identification:_identify(src/aruco_tracker) by extensions ['colcon_pkg']
[0.228s] Level 1:colcon.colcon_core.package_identification:_identify(src/aruco_tracker) by extension 'colcon_pkg'
[0.228s] Level 1:colcon.colcon_core.package_identification:_identify(src/aruco_tracker) by extensions ['colcon_meta']
[0.228s] Level 1:colcon.colcon_core.package_identification:_identify(src/aruco_tracker) by extension 'colcon_meta'
[0.228s] Level 1:colcon.colcon_core.package_identification:_identify(src/aruco_tracker) by extensions ['ros']
[0.228s] Level 1:colcon.colcon_core.package_identification:_identify(src/aruco_tracker) by extension 'ros'
[0.230s] DEBUG:colcon.colcon_core.package_identification:Package 'src/aruco_tracker' with type 'ros.ament_python' and name 'aruco_tracker'
[0.230s] Level 1:colcon.colcon_core.package_identification:_identify(src/ball_tracker) by extensions ['ignore', 'ignore_ament_install']
[0.230s] Level 1:colcon.colcon_core.package_identification:_identify(src/ball_tracker) by extension 'ignore'
[0.230s] Level 1:colcon.colcon_core.package_identification:_identify(src/ball_tracker) by extension 'ignore_ament_install'
[0.230s] Level 1:colcon.colcon_core.package_identification:_identify(src/ball_tracker) by extensions ['colcon_pkg']
[0.230s] Level 1:colcon.colcon_core.package_identification:_identify(src/ball_tracker) by extension 'colcon_pkg'
[0.230s] Level 1:colcon.colcon_core.package_identification:_identify(src/ball_tracker) by extensions ['colcon_meta']
[0.230s] Level 1:colcon.colcon_core.package_identification:_identify(src/ball_tracker) by extension 'colcon_meta'
[0.230s] Level 1:colcon.colcon_core.package_identification:_identify(src/ball_tracker) by extensions ['ros']
[0.230s] Level 1:colcon.colcon_core.package_identification:_identify(src/ball_tracker) by extension 'ros'
[0.231s] DEBUG:colcon.colcon_core.package_identification:Package 'src/ball_tracker' with type 'ros.ament_python' and name 'ball_tracker'
[0.231s] Level 1:colcon.colcon_core.package_identification:_identify(src/mini_control) by extensions ['ignore', 'ignore_ament_install']
[0.231s] Level 1:colcon.colcon_core.package_identification:_identify(src/mini_control) by extension 'ignore'
[0.231s] Level 1:colcon.colcon_core.package_identification:_identify(src/mini_control) by extension 'ignore_ament_install'
[0.231s] Level 1:colcon.colcon_core.package_identification:_identify(src/mini_control) by extensions ['colcon_pkg']
[0.231s] Level 1:colcon.colcon_core.package_identification:_identify(src/mini_control) by extension 'colcon_pkg'
[0.231s] Level 1:colcon.colcon_core.package_identification:_identify(src/mini_control) by extensions ['colcon_meta']
[0.231s] Level 1:colcon.colcon_core.package_identification:_identify(src/mini_control) by extension 'colcon_meta'
[0.231s] Level 1:colcon.colcon_core.package_identification:_identify(src/mini_control) by extensions ['ros']
[0.231s] Level 1:colcon.colcon_core.package_identification:_identify(src/mini_control) by extension 'ros'
[0.232s] DEBUG:colcon.colcon_core.package_identification:Package 'src/mini_control' with type 'ros.ament_python' and name 'mini_control'
[0.232s] Level 1:colcon.colcon_core.package_identification:_identify(src/mini_robot) by extensions ['ignore', 'ignore_ament_install']
[0.232s] Level 1:colcon.colcon_core.package_identification:_identify(src/mini_robot) by extension 'ignore'
[0.232s] Level 1:colcon.colcon_core.package_identification:_identify(src/mini_robot) by extension 'ignore_ament_install'
[0.232s] Level 1:colcon.colcon_core.package_identification:_identify(src/mini_robot) by extensions ['colcon_pkg']
[0.232s] Level 1:colcon.colcon_core.package_identification:_identify(src/mini_robot) by extension 'colcon_pkg'
[0.232s] Level 1:colcon.colcon_core.package_identification:_identify(src/mini_robot) by extensions ['colcon_meta']
[0.232s] Level 1:colcon.colcon_core.package_identification:_identify(src/mini_robot) by extension 'colcon_meta'
[0.232s] Level 1:colcon.colcon_core.package_identification:_identify(src/mini_robot) by extensions ['ros']
[0.232s] Level 1:colcon.colcon_core.package_identification:_identify(src/mini_robot) by extension 'ros'
[0.233s] DEBUG:colcon.colcon_core.package_identification:Package 'src/mini_robot' with type 'ros.ament_cmake' and name 'mini_robot'
[0.233s] Level 1:colcon.colcon_core.package_discovery:discover_packages(recursive) using defaults
[0.233s] Level 1:colcon.colcon_core.package_discovery:discover_packages(ignore) discover
[0.233s] Level 1:colcon.colcon_core.package_discovery:discover_packages(ignore) using defaults
[0.233s] Level 1:colcon.colcon_core.package_discovery:discover_packages(path) discover
[0.233s] Level 1:colcon.colcon_core.package_discovery:discover_packages(path) using defaults
[0.246s] Level 1:colcon.colcon_core.package_discovery:discover_packages(prefix_path) check parameters
[0.246s] Level 1:colcon.colcon_core.package_discovery:discover_packages(prefix_path) discover
[0.248s] DEBUG:colcon.colcon_installed_package_information.package_discovery:Found 330 installed packages in /opt/ros/humble
[0.249s] Level 1:colcon.colcon_core.package_discovery:discover_packages(prefix_path) using defaults
[0.285s] Level 5:colcon.colcon_core.verb:set package 'aruco_tracker' build argument 'cmake_args' from command line to 'None'
[0.285s] Level 5:colcon.colcon_core.verb:set package 'aruco_tracker' build argument 'cmake_target' from command line to 'None'
[0.285s] Level 5:colcon.colcon_core.verb:set package 'aruco_tracker' build argument 'cmake_target_skip_unavailable' from command line to 'False'
[0.285s] Level 5:colcon.colcon_core.verb:set package 'aruco_tracker' build argument 'cmake_clean_cache' from command line to 'False'
[0.285s] Level 5:colcon.colcon_core.verb:set package 'aruco_tracker' build argument 'cmake_clean_first' from command line to 'False'
[0.286s] Level 5:colcon.colcon_core.verb:set package 'aruco_tracker' build argument 'cmake_force_configure' from command line to 'False'
[0.286s] Level 5:colcon.colcon_core.verb:set package 'aruco_tracker' build argument 'ament_cmake_args' from command line to 'None'
[0.286s] Level 5:colcon.colcon_core.verb:set package 'aruco_tracker' build argument 'catkin_cmake_args' from command line to 'None'
[0.286s] Level 5:colcon.colcon_core.verb:set package 'aruco_tracker' build argument 'catkin_skip_building_tests' from command line to 'False'
[0.286s] DEBUG:colcon.colcon_core.verb:Building package 'aruco_tracker' with the following arguments: {'ament_cmake_args': None, 'build_base': '/home/neslisah/Documents/2023-2024Spring/ME462/MiniROS/dew_ws/build/aruco_tracker', 'catkin_cmake_args': None, 'catkin_skip_building_tests': False, 'cmake_args': None, 'cmake_clean_cache': False, 'cmake_clean_first': False, 'cmake_force_configure': False, 'cmake_target': None, 'cmake_target_skip_unavailable': False, 'install_base': '/home/neslisah/Documents/2023-2024Spring/ME462/MiniROS/dew_ws/install/aruco_tracker', 'merge_install': False, 'path': '/home/neslisah/Documents/2023-2024Spring/ME462/MiniROS/dew_ws/src/aruco_tracker', 'symlink_install': True, 'test_result_base': None}
[0.286s] Level 5:colcon.colcon_core.verb:set package 'ball_tracker' build argument 'cmake_args' from command line to 'None'
[0.286s] Level 5:colcon.colcon_core.verb:set package 'ball_tracker' build argument 'cmake_target' from command line to 'None'
[0.286s] Level 5:colcon.colcon_core.verb:set package 'ball_tracker' build argument 'cmake_target_skip_unavailable' from command line to 'False'
[0.286s] Level 5:colcon.colcon_core.verb:set package 'ball_tracker' build argument 'cmake_clean_cache' from command line to 'False'
[0.286s] Level 5:colcon.colcon_core.verb:set package 'ball_tracker' build argument 'cmake_clean_first' from command line to 'False'
[0.286s] Level 5:colcon.colcon_core.verb:set package 'ball_tracker' build argument 'cmake_force_configure' from command line to 'False'
[0.286s] Level 5:colcon.colcon_core.verb:set package 'ball_tracker' build argument 'ament_cmake_args' from command line to 'None'
[0.286s] Level 5:colcon.colcon_core.verb:set package 'ball_tracker' build argument 'catkin_cmake_args' from command line to 'None'
[0.286s] Level 5:colcon.colcon_core.verb:set package 'ball_tracker' build argument 'catkin_skip_building_tests' from command line to 'False'
[0.286s] DEBUG:colcon.colcon_core.verb:Building package 'ball_tracker' with the following arguments: {'ament_cmake_args': None, 'build_base': '/home/neslisah/Documents/2023-2024Spring/ME462/MiniROS/dew_ws/build/ball_tracker', 'catkin_cmake_args': None, 'catkin_skip_building_tests': False, 'cmake_args': None, 'cmake_clean_cache': False, 'cmake_clean_first': False, 'cmake_force_configure': False, 'cmake_target': None, 'cmake_target_skip_unavailable': False, 'install_base': '/home/neslisah/Documents/2023-2024Spring/ME462/MiniROS/dew_ws/install/ball_tracker', 'merge_install': False, 'path': '/home/neslisah/Documents/2023-2024Spring/ME462/MiniROS/dew_ws/src/ball_tracker', 'symlink_install': True, 'test_result_base': None}
[0.286s] Level 5:colcon.colcon_core.verb:set package 'mini_control' build argument 'cmake_args' from command line to 'None'
[0.286s] Level 5:colcon.colcon_core.verb:set package 'mini_control' build argument 'cmake_target' from command line to 'None'
[0.286s] Level 5:colcon.colcon_core.verb:set package 'mini_control' build argument 'cmake_target_skip_unavailable' from command line to 'False'
[0.286s] Level 5:colcon.colcon_core.verb:set package 'mini_control' build argument 'cmake_clean_cache' from command line to 'False'
[0.286s] Level 5:colcon.colcon_core.verb:set package 'mini_control' build argument 'cmake_clean_first' from command line to 'False'
[0.286s] Level 5:colcon.colcon_core.verb:set package 'mini_control' build argument 'cmake_force_configure' from command line to 'False'
[0.286s] Level 5:colcon.colcon_core.verb:set package 'mini_control' build argument 'ament_cmake_args' from command line to 'None'
[0.286s] Level 5:colcon.colcon_core.verb:set package 'mini_control' build argument 'catkin_cmake_args' from command line to 'None'
[0.286s] Level 5:colcon.colcon_core.verb:set package 'mini_control' build argument 'catkin_skip_building_tests' from command line to 'False'
[0.286s] DEBUG:colcon.colcon_core.verb:Building package 'mini_control' with the following arguments: {'ament_cmake_args': None, 'build_base': '/home/neslisah/Documents/2023-2024Spring/ME462/MiniROS/dew_ws/build/mini_control', 'catkin_cmake_args': None, 'catkin_skip_building_tests': False, 'cmake_args': None, 'cmake_clean_cache': False, 'cmake_clean_first': False, 'cmake_force_configure': False, 'cmake_target': None, 'cmake_target_skip_unavailable': False, 'install_base': '/home/neslisah/Documents/2023-2024Spring/ME462/MiniROS/dew_ws/install/mini_control', 'merge_install': False, 'path': '/home/neslisah/Documents/2023-2024Spring/ME462/MiniROS/dew_ws/src/mini_control', 'symlink_install': True, 'test_result_base': None}
[0.287s] Level 5:colcon.colcon_core.verb:set package 'mini_robot' build argument 'cmake_args' from command line to 'None'
[0.287s] Level 5:colcon.colcon_core.verb:set package 'mini_robot' build argument 'cmake_target' from command line to 'None'
[0.287s] Level 5:colcon.colcon_core.verb:set package 'mini_robot' build argument 'cmake_target_skip_unavailable' from command line to 'False'
[0.287s] Level 5:colcon.colcon_core.verb:set package 'mini_robot' build argument 'cmake_clean_cache' from command line to 'False'
[0.287s] Level 5:colcon.colcon_core.verb:set package 'mini_robot' build argument 'cmake_clean_first' from command line to 'False'
[0.287s] Level 5:colcon.colcon_core.verb:set package 'mini_robot' build argument 'cmake_force_configure' from command line to 'False'
[0.287s] Level 5:colcon.colcon_core.verb:set package 'mini_robot' build argument 'ament_cmake_args' from command line to 'None'
[0.287s] Level 5:colcon.colcon_core.verb:set package 'mini_robot' build argument 'catkin_cmake_args' from command line to 'None'
[0.287s] Level 5:colcon.colcon_core.verb:set package 'mini_robot' build argument 'catkin_skip_building_tests' from command line to 'False'
[0.287s] DEBUG:colcon.colcon_core.verb:Building package 'mini_robot' with the following arguments: {'ament_cmake_args': None, 'build_base': '/home/neslisah/Documents/2023-2024Spring/ME462/MiniROS/dew_ws/build/mini_robot', 'catkin_cmake_args': None, 'catkin_skip_building_tests': False, 'cmake_args': None, 'cmake_clean_cache': False, 'cmake_clean_first': False, 'cmake_force_configure': False, 'cmake_target': None, 'cmake_target_skip_unavailable': False, 'install_base': '/home/neslisah/Documents/2023-2024Spring/ME462/MiniROS/dew_ws/install/mini_robot', 'merge_install': False, 'path': '/home/neslisah/Documents/2023-2024Spring/ME462/MiniROS/dew_ws/src/mini_robot', 'symlink_install': True, 'test_result_base': None}
[0.287s] INFO:colcon.colcon_core.executor:Executing jobs using 'parallel' executor
[0.288s] DEBUG:colcon.colcon_parallel_executor.executor.parallel:run_until_complete
[0.288s] INFO:colcon.colcon_ros.task.ament_python.build:Building ROS package in '/home/neslisah/Documents/2023-2024Spring/ME462/MiniROS/dew_ws/src/aruco_tracker' with build type 'ament_python'
[0.288s] Level 1:colcon.colcon_core.shell:create_environment_hook('aruco_tracker', 'ament_prefix_path')
[0.290s] INFO:colcon.colcon_core.plugin_system:Skipping extension 'colcon_core.shell.bat': Not used on non-Windows systems
[0.290s] INFO:colcon.colcon_core.shell:Creating environment hook '/home/neslisah/Documents/2023-2024Spring/ME462/MiniROS/dew_ws/install/aruco_tracker/share/aruco_tracker/hook/ament_prefix_path.ps1'
[0.290s] INFO:colcon.colcon_core.shell:Creating environment descriptor '/home/neslisah/Documents/2023-2024Spring/ME462/MiniROS/dew_ws/install/aruco_tracker/share/aruco_tracker/hook/ament_prefix_path.dsv'
[0.290s] INFO:colcon.colcon_core.shell:Creating environment hook '/home/neslisah/Documents/2023-2024Spring/ME462/MiniROS/dew_ws/install/aruco_tracker/share/aruco_tracker/hook/ament_prefix_path.sh'
[0.291s] INFO:colcon.colcon_core.shell:Skip shell extension 'powershell' for command environment: Not usable outside of PowerShell
[0.291s] DEBUG:colcon.colcon_core.shell:Skip shell extension 'dsv' for command environment
[0.293s] INFO:colcon.colcon_ros.task.ament_python.build:Building ROS package in '/home/neslisah/Documents/2023-2024Spring/ME462/MiniROS/dew_ws/src/ball_tracker' with build type 'ament_python'
[0.293s] Level 1:colcon.colcon_core.shell:create_environment_hook('ball_tracker', 'ament_prefix_path')
[0.293s] INFO:colcon.colcon_core.shell:Creating environment hook '/home/neslisah/Documents/2023-2024Spring/ME462/MiniROS/dew_ws/install/ball_tracker/share/ball_tracker/hook/ament_prefix_path.ps1'
[0.293s] INFO:colcon.colcon_core.shell:Creating environment descriptor '/home/neslisah/Documents/2023-2024Spring/ME462/MiniROS/dew_ws/install/ball_tracker/share/ball_tracker/hook/ament_prefix_path.dsv'
[0.294s] INFO:colcon.colcon_core.shell:Creating environment hook '/home/neslisah/Documents/2023-2024Spring/ME462/MiniROS/dew_ws/install/ball_tracker/share/ball_tracker/hook/ament_prefix_path.sh'
[0.294s] INFO:colcon.colcon_core.shell:Skip shell extension 'powershell' for command environment: Not usable outside of PowerShell
[0.294s] DEBUG:colcon.colcon_core.shell:Skip shell extension 'dsv' for command environment
[0.296s] INFO:colcon.colcon_ros.task.ament_python.build:Building ROS package in '/home/neslisah/Documents/2023-2024Spring/ME462/MiniROS/dew_ws/src/mini_control' with build type 'ament_python'
[0.296s] Level 1:colcon.colcon_core.shell:create_environment_hook('mini_control', 'ament_prefix_path')
[0.296s] INFO:colcon.colcon_core.shell:Creating environment hook '/home/neslisah/Documents/2023-2024Spring/ME462/MiniROS/dew_ws/install/mini_control/share/mini_control/hook/ament_prefix_path.ps1'
[0.299s] INFO:colcon.colcon_core.shell:Creating environment descriptor '/home/neslisah/Documents/2023-2024Spring/ME462/MiniROS/dew_ws/install/mini_control/share/mini_control/hook/ament_prefix_path.dsv'
[0.299s] INFO:colcon.colcon_core.shell:Creating environment hook '/home/neslisah/Documents/2023-2024Spring/ME462/MiniROS/dew_ws/install/mini_control/share/mini_control/hook/ament_prefix_path.sh'
[0.300s] INFO:colcon.colcon_core.shell:Skip shell extension 'powershell' for command environment: Not usable outside of PowerShell
[0.300s] DEBUG:colcon.colcon_core.shell:Skip shell extension 'dsv' for command environment
[0.302s] INFO:colcon.colcon_ros.task.ament_cmake.build:Building ROS package in '/home/neslisah/Documents/2023-2024Spring/ME462/MiniROS/dew_ws/src/mini_robot' with build type 'ament_cmake'
[0.302s] INFO:colcon.colcon_cmake.task.cmake.build:Building CMake package in '/home/neslisah/Documents/2023-2024Spring/ME462/MiniROS/dew_ws/src/mini_robot'
[0.302s] INFO:colcon.colcon_core.shell:Skip shell extension 'powershell' for command environment: Not usable outside of PowerShell
[0.302s] DEBUG:colcon.colcon_core.shell:Skip shell extension 'dsv' for command environment
[0.523s] INFO:colcon.colcon_core.task.python.build:Building Python package in '/home/neslisah/Documents/2023-2024Spring/ME462/MiniROS/dew_ws/src/aruco_tracker'
[0.523s] INFO:colcon.colcon_core.shell:Skip shell extension 'powershell' for command environment: Not usable outside of PowerShell
[0.523s] DEBUG:colcon.colcon_core.shell:Skip shell extension 'dsv' for command environment
[0.740s] INFO:colcon.colcon_core.task.python.build:Building Python package in '/home/neslisah/Documents/2023-2024Spring/ME462/MiniROS/dew_ws/src/ball_tracker'
[0.740s] INFO:colcon.colcon_core.shell:Skip shell extension 'powershell' for command environment: Not usable outside of PowerShell
[0.740s] DEBUG:colcon.colcon_core.shell:Skip shell extension 'dsv' for command environment
[0.958s] INFO:colcon.colcon_core.task.python.build:Building Python package in '/home/neslisah/Documents/2023-2024Spring/ME462/MiniROS/dew_ws/src/mini_control'
[0.958s] INFO:colcon.colcon_core.shell:Skip shell extension 'powershell' for command environment: Not usable outside of PowerShell
[0.958s] DEBUG:colcon.colcon_core.shell:Skip shell extension 'dsv' for command environment
[0.963s] DEBUG:colcon.colcon_core.event_handler.log_command:Invoking command in '/home/neslisah/Documents/2023-2024Spring/ME462/MiniROS/dew_ws/build/mini_robot': CMAKE_PREFIX_PATH=/opt/ros/humble /usr/bin/cmake --build /home/neslisah/Documents/2023-2024Spring/ME462/MiniROS/dew_ws/build/mini_robot -- -j16 -l16
[0.988s] DEBUG:colcon.colcon_core.event_handler.log_command:Invoked command in '/home/neslisah/Documents/2023-2024Spring/ME462/MiniROS/dew_ws/build/mini_robot' returned '0': CMAKE_PREFIX_PATH=/opt/ros/humble /usr/bin/cmake --build /home/neslisah/Documents/2023-2024Spring/ME462/MiniROS/dew_ws/build/mini_robot -- -j16 -l16
[1.008s] DEBUG:colcon.colcon_core.event_handler.log_command:Invoking command in '/home/neslisah/Documents/2023-2024Spring/ME462/MiniROS/dew_ws/build/mini_robot': CMAKE_PREFIX_PATH=/opt/ros/humble /usr/bin/cmake --install /home/neslisah/Documents/2023-2024Spring/ME462/MiniROS/dew_ws/build/mini_robot
[1.027s] Level 1:colcon.colcon_core.environment:create_environment_scripts_only(mini_robot)
[1.027s] DEBUG:colcon.colcon_core.event_handler.log_command:Invoked command in '/home/neslisah/Documents/2023-2024Spring/ME462/MiniROS/dew_ws/build/mini_robot' returned '0': CMAKE_PREFIX_PATH=/opt/ros/humble /usr/bin/cmake --install /home/neslisah/Documents/2023-2024Spring/ME462/MiniROS/dew_ws/build/mini_robot
[1.029s] Level 1:colcon.colcon_core.environment:checking '/home/neslisah/Documents/2023-2024Spring/ME462/MiniROS/dew_ws/install/mini_robot' for CMake module files
[1.030s] Level 1:colcon.colcon_core.environment:checking '/home/neslisah/Documents/2023-2024Spring/ME462/MiniROS/dew_ws/install/mini_robot' for CMake config files
[1.030s] Level 1:colcon.colcon_core.shell:create_environment_hook('mini_robot', 'cmake_prefix_path')
[1.031s] INFO:colcon.colcon_core.shell:Creating environment hook '/home/neslisah/Documents/2023-2024Spring/ME462/MiniROS/dew_ws/install/mini_robot/share/mini_robot/hook/cmake_prefix_path.ps1'
[1.031s] INFO:colcon.colcon_core.shell:Creating environment descriptor '/home/neslisah/Documents/2023-2024Spring/ME462/MiniROS/dew_ws/install/mini_robot/share/mini_robot/hook/cmake_prefix_path.dsv'
[1.031s] INFO:colcon.colcon_core.shell:Creating environment hook '/home/neslisah/Documents/2023-2024Spring/ME462/MiniROS/dew_ws/install/mini_robot/share/mini_robot/hook/cmake_prefix_path.sh'
[1.032s] Level 1:colcon.colcon_core.environment:checking '/home/neslisah/Documents/2023-2024Spring/ME462/MiniROS/dew_ws/install/mini_robot/bin'
[1.032s] Level 1:colcon.colcon_core.environment:checking '/home/neslisah/Documents/2023-2024Spring/ME462/MiniROS/dew_ws/install/mini_robot/lib/pkgconfig/mini_robot.pc'
[1.032s] Level 1:colcon.colcon_core.environment:checking '/home/neslisah/Documents/2023-2024Spring/ME462/MiniROS/dew_ws/install/mini_robot/lib/python3.10/site-packages'
[1.033s] Level 1:colcon.colcon_core.environment:checking '/home/neslisah/Documents/2023-2024Spring/ME462/MiniROS/dew_ws/install/mini_robot/bin'
[1.033s] INFO:colcon.colcon_core.shell:Creating package script '/home/neslisah/Documents/2023-2024Spring/ME462/MiniROS/dew_ws/install/mini_robot/share/mini_robot/package.ps1'
[1.034s] INFO:colcon.colcon_core.shell:Creating package descriptor '/home/neslisah/Documents/2023-2024Spring/ME462/MiniROS/dew_ws/install/mini_robot/share/mini_robot/package.dsv'
[1.035s] INFO:colcon.colcon_core.shell:Creating package script '/home/neslisah/Documents/2023-2024Spring/ME462/MiniROS/dew_ws/install/mini_robot/share/mini_robot/package.sh'
[1.035s] INFO:colcon.colcon_core.shell:Creating package script '/home/neslisah/Documents/2023-2024Spring/ME462/MiniROS/dew_ws/install/mini_robot/share/mini_robot/package.bash'
[1.036s] INFO:colcon.colcon_core.shell:Creating package script '/home/neslisah/Documents/2023-2024Spring/ME462/MiniROS/dew_ws/install/mini_robot/share/mini_robot/package.zsh'
[1.037s] Level 1:colcon.colcon_core.environment:create_file_with_runtime_dependencies(/home/neslisah/Documents/2023-2024Spring/ME462/MiniROS/dew_ws/install/mini_robot/share/colcon-core/packages/mini_robot)
[1.051s] Level 1:colcon.colcon_core.environment:create_environment_scripts_only(mini_robot)
[1.051s] Level 1:colcon.colcon_core.environment:checking '/home/neslisah/Documents/2023-2024Spring/ME462/MiniROS/dew_ws/install/mini_robot' for CMake module files
[1.052s] Level 1:colcon.colcon_core.environment:checking '/home/neslisah/Documents/2023-2024Spring/ME462/MiniROS/dew_ws/install/mini_robot' for CMake config files
[1.052s] Level 1:colcon.colcon_core.shell:create_environment_hook('mini_robot', 'cmake_prefix_path')
[1.052s] INFO:colcon.colcon_core.shell:Creating environment hook '/home/neslisah/Documents/2023-2024Spring/ME462/MiniROS/dew_ws/install/mini_robot/share/mini_robot/hook/cmake_prefix_path.ps1'
[1.053s] INFO:colcon.colcon_core.shell:Creating environment descriptor '/home/neslisah/Documents/2023-2024Spring/ME462/MiniROS/dew_ws/install/mini_robot/share/mini_robot/hook/cmake_prefix_path.dsv'
[1.053s] INFO:colcon.colcon_core.shell:Creating environment hook '/home/neslisah/Documents/2023-2024Spring/ME462/MiniROS/dew_ws/install/mini_robot/share/mini_robot/hook/cmake_prefix_path.sh'
[1.054s] Level 1:colcon.colcon_core.environment:checking '/home/neslisah/Documents/2023-2024Spring/ME462/MiniROS/dew_ws/install/mini_robot/bin'
[1.054s] Level 1:colcon.colcon_core.environment:checking '/home/neslisah/Documents/2023-2024Spring/ME462/MiniROS/dew_ws/install/mini_robot/lib/pkgconfig/mini_robot.pc'
[1.054s] Level 1:colcon.colcon_core.environment:checking '/home/neslisah/Documents/2023-2024Spring/ME462/MiniROS/dew_ws/install/mini_robot/lib/python3.10/site-packages'
[1.054s] Level 1:colcon.colcon_core.environment:checking '/home/neslisah/Documents/2023-2024Spring/ME462/MiniROS/dew_ws/install/mini_robot/bin'
[1.054s] INFO:colcon.colcon_core.shell:Creating package script '/home/neslisah/Documents/2023-2024Spring/ME462/MiniROS/dew_ws/install/mini_robot/share/mini_robot/package.ps1'
[1.055s] INFO:colcon.colcon_core.shell:Creating package descriptor '/home/neslisah/Documents/2023-2024Spring/ME462/MiniROS/dew_ws/install/mini_robot/share/mini_robot/package.dsv'
[1.055s] INFO:colcon.colcon_core.shell:Creating package script '/home/neslisah/Documents/2023-2024Spring/ME462/MiniROS/dew_ws/install/mini_robot/share/mini_robot/package.sh'
[1.056s] INFO:colcon.colcon_core.shell:Creating package script '/home/neslisah/Documents/2023-2024Spring/ME462/MiniROS/dew_ws/install/mini_robot/share/mini_robot/package.bash'
[1.056s] INFO:colcon.colcon_core.shell:Creating package script '/home/neslisah/Documents/2023-2024Spring/ME462/MiniROS/dew_ws/install/mini_robot/share/mini_robot/package.zsh'
[1.056s] Level 1:colcon.colcon_core.environment:create_file_with_runtime_dependencies(/home/neslisah/Documents/2023-2024Spring/ME462/MiniROS/dew_ws/install/mini_robot/share/colcon-core/packages/mini_robot)
[1.293s] DEBUG:colcon.colcon_core.event_handler.log_command:Invoking command in '/home/neslisah/Documents/2023-2024Spring/ME462/MiniROS/dew_ws/build/mini_control': PYTHONPATH=/home/neslisah/Documents/2023-2024Spring/ME462/MiniROS/dew_ws/build/mini_control/prefix_override:/usr/lib/python3/dist-packages/colcon_core/task/python/colcon_distutils_commands:/home/neslisah/Documents/2023-2024Spring/ME462/MiniROS/dew_ws/install/mini_control/lib/python3.10/site-packages:${PYTHONPATH} /usr/bin/python3 -W ignore:setup.py install is deprecated setup.py develop --editable --build-directory /home/neslisah/Documents/2023-2024Spring/ME462/MiniROS/dew_ws/build/mini_control/build --no-deps symlink_data
[1.294s] DEBUG:colcon.colcon_core.event_handler.log_command:Invoking command in '/home/neslisah/Documents/2023-2024Spring/ME462/MiniROS/dew_ws/build/ball_tracker': PYTHONPATH=/home/neslisah/Documents/2023-2024Spring/ME462/MiniROS/dew_ws/build/ball_tracker/prefix_override:/usr/lib/python3/dist-packages/colcon_core/task/python/colcon_distutils_commands:/home/neslisah/Documents/2023-2024Spring/ME462/MiniROS/dew_ws/install/ball_tracker/lib/python3.10/site-packages:${PYTHONPATH} /usr/bin/python3 -W ignore:setup.py install is deprecated setup.py develop --editable --build-directory /home/neslisah/Documents/2023-2024Spring/ME462/MiniROS/dew_ws/build/ball_tracker/build --no-deps symlink_data
[1.300s] DEBUG:colcon.colcon_core.event_handler.log_command:Invoking command in '/home/neslisah/Documents/2023-2024Spring/ME462/MiniROS/dew_ws/build/aruco_tracker': PYTHONPATH=/home/neslisah/Documents/2023-2024Spring/ME462/MiniROS/dew_ws/build/aruco_tracker/prefix_override:/usr/lib/python3/dist-packages/colcon_core/task/python/colcon_distutils_commands:/home/neslisah/Documents/2023-2024Spring/ME462/MiniROS/dew_ws/install/aruco_tracker/lib/python3.10/site-packages:${PYTHONPATH} /usr/bin/python3 -W ignore:setup.py install is deprecated setup.py develop --editable --build-directory /home/neslisah/Documents/2023-2024Spring/ME462/MiniROS/dew_ws/build/aruco_tracker/build --no-deps symlink_data
[1.716s] Level 1:colcon.colcon_core.shell:create_environment_hook('mini_control', 'pythonpath_develop')
[1.716s] INFO:colcon.colcon_core.shell:Creating environment hook '/home/neslisah/Documents/2023-2024Spring/ME462/MiniROS/dew_ws/build/mini_control/share/mini_control/hook/pythonpath_develop.ps1'
[1.716s] DEBUG:colcon.colcon_core.event_handler.log_command:Invoked command in '/home/neslisah/Documents/2023-2024Spring/ME462/MiniROS/dew_ws/build/mini_control' returned '0': PYTHONPATH=/home/neslisah/Documents/2023-2024Spring/ME462/MiniROS/dew_ws/build/mini_control/prefix_override:/usr/lib/python3/dist-packages/colcon_core/task/python/colcon_distutils_commands:/home/neslisah/Documents/2023-2024Spring/ME462/MiniROS/dew_ws/install/mini_control/lib/python3.10/site-packages:${PYTHONPATH} /usr/bin/python3 -W ignore:setup.py install is deprecated setup.py develop --editable --build-directory /home/neslisah/Documents/2023-2024Spring/ME462/MiniROS/dew_ws/build/mini_control/build --no-deps symlink_data
[1.717s] INFO:colcon.colcon_core.shell:Creating environment descriptor '/home/neslisah/Documents/2023-2024Spring/ME462/MiniROS/dew_ws/build/mini_control/share/mini_control/hook/pythonpath_develop.dsv'
[1.717s] INFO:colcon.colcon_core.shell:Creating environment hook '/home/neslisah/Documents/2023-2024Spring/ME462/MiniROS/dew_ws/build/mini_control/share/mini_control/hook/pythonpath_develop.sh'
[1.717s] Level 1:colcon.colcon_core.environment:checking '/home/neslisah/Documents/2023-2024Spring/ME462/MiniROS/dew_ws/install/mini_control' for CMake module files
[1.718s] Level 1:colcon.colcon_core.environment:checking '/home/neslisah/Documents/2023-2024Spring/ME462/MiniROS/dew_ws/install/mini_control' for CMake config files
[1.718s] Level 1:colcon.colcon_core.environment:checking '/home/neslisah/Documents/2023-2024Spring/ME462/MiniROS/dew_ws/install/mini_control/lib'
[1.718s] Level 1:colcon.colcon_core.environment:checking '/home/neslisah/Documents/2023-2024Spring/ME462/MiniROS/dew_ws/install/mini_control/bin'
[1.718s] Level 1:colcon.colcon_core.environment:checking '/home/neslisah/Documents/2023-2024Spring/ME462/MiniROS/dew_ws/install/mini_control/lib/pkgconfig/mini_control.pc'
[1.719s] Level 1:colcon.colcon_core.environment:checking '/home/neslisah/Documents/2023-2024Spring/ME462/MiniROS/dew_ws/install/mini_control/lib/python3.10/site-packages'
[1.719s] Level 1:colcon.colcon_core.shell:create_environment_hook('mini_control', 'pythonpath')
[1.719s] INFO:colcon.colcon_core.shell:Creating environment hook '/home/neslisah/Documents/2023-2024Spring/ME462/MiniROS/dew_ws/install/mini_control/share/mini_control/hook/pythonpath.ps1'
[1.719s] INFO:colcon.colcon_core.shell:Creating environment descriptor '/home/neslisah/Documents/2023-2024Spring/ME462/MiniROS/dew_ws/install/mini_control/share/mini_control/hook/pythonpath.dsv'
[1.719s] INFO:colcon.colcon_core.shell:Creating environment hook '/home/neslisah/Documents/2023-2024Spring/ME462/MiniROS/dew_ws/install/mini_control/share/mini_control/hook/pythonpath.sh'
[1.720s] Level 1:colcon.colcon_core.environment:checking '/home/neslisah/Documents/2023-2024Spring/ME462/MiniROS/dew_ws/install/mini_control/bin'
[1.720s] Level 1:colcon.colcon_core.environment:create_environment_scripts_only(mini_control)
[1.720s] INFO:colcon.colcon_core.shell:Creating package script '/home/neslisah/Documents/2023-2024Spring/ME462/MiniROS/dew_ws/install/mini_control/share/mini_control/package.ps1'
[1.720s] INFO:colcon.colcon_core.shell:Creating package descriptor '/home/neslisah/Documents/2023-2024Spring/ME462/MiniROS/dew_ws/install/mini_control/share/mini_control/package.dsv'
[1.721s] INFO:colcon.colcon_core.shell:Creating package script '/home/neslisah/Documents/2023-2024Spring/ME462/MiniROS/dew_ws/install/mini_control/share/mini_control/package.sh'
[1.721s] INFO:colcon.colcon_core.shell:Creating package script '/home/neslisah/Documents/2023-2024Spring/ME462/MiniROS/dew_ws/install/mini_control/share/mini_control/package.bash'
[1.722s] INFO:colcon.colcon_core.shell:Creating package script '/home/neslisah/Documents/2023-2024Spring/ME462/MiniROS/dew_ws/install/mini_control/share/mini_control/package.zsh'
[1.722s] Level 1:colcon.colcon_core.environment:create_file_with_runtime_dependencies(/home/neslisah/Documents/2023-2024Spring/ME462/MiniROS/dew_ws/install/mini_control/share/colcon-core/packages/mini_control)
[1.730s] Level 1:colcon.colcon_core.shell:create_environment_hook('ball_tracker', 'pythonpath_develop')
[1.730s] INFO:colcon.colcon_core.shell:Creating environment hook '/home/neslisah/Documents/2023-2024Spring/ME462/MiniROS/dew_ws/build/ball_tracker/share/ball_tracker/hook/pythonpath_develop.ps1'
[1.730s] DEBUG:colcon.colcon_core.event_handler.log_command:Invoked command in '/home/neslisah/Documents/2023-2024Spring/ME462/MiniROS/dew_ws/build/ball_tracker' returned '0': PYTHONPATH=/home/neslisah/Documents/2023-2024Spring/ME462/MiniROS/dew_ws/build/ball_tracker/prefix_override:/usr/lib/python3/dist-packages/colcon_core/task/python/colcon_distutils_commands:/home/neslisah/Documents/2023-2024Spring/ME462/MiniROS/dew_ws/install/ball_tracker/lib/python3.10/site-packages:${PYTHONPATH} /usr/bin/python3 -W ignore:setup.py install is deprecated setup.py develop --editable --build-directory /home/neslisah/Documents/2023-2024Spring/ME462/MiniROS/dew_ws/build/ball_tracker/build --no-deps symlink_data
[1.731s] INFO:colcon.colcon_core.shell:Creating environment descriptor '/home/neslisah/Documents/2023-2024Spring/ME462/MiniROS/dew_ws/build/ball_tracker/share/ball_tracker/hook/pythonpath_develop.dsv'
[1.731s] INFO:colcon.colcon_core.shell:Creating environment hook '/home/neslisah/Documents/2023-2024Spring/ME462/MiniROS/dew_ws/build/ball_tracker/share/ball_tracker/hook/pythonpath_develop.sh'
[1.731s] Level 1:colcon.colcon_core.environment:checking '/home/neslisah/Documents/2023-2024Spring/ME462/MiniROS/dew_ws/install/ball_tracker' for CMake module files
[1.732s] Level 1:colcon.colcon_core.environment:checking '/home/neslisah/Documents/2023-2024Spring/ME462/MiniROS/dew_ws/install/ball_tracker' for CMake config files
[1.732s] Level 1:colcon.colcon_core.environment:checking '/home/neslisah/Documents/2023-2024Spring/ME462/MiniROS/dew_ws/install/ball_tracker/lib'
[1.732s] Level 1:colcon.colcon_core.environment:checking '/home/neslisah/Documents/2023-2024Spring/ME462/MiniROS/dew_ws/install/ball_tracker/bin'
[1.732s] Level 1:colcon.colcon_core.environment:checking '/home/neslisah/Documents/2023-2024Spring/ME462/MiniROS/dew_ws/install/ball_tracker/lib/pkgconfig/ball_tracker.pc'
[1.732s] Level 1:colcon.colcon_core.environment:checking '/home/neslisah/Documents/2023-2024Spring/ME462/MiniROS/dew_ws/install/ball_tracker/lib/python3.10/site-packages'
[1.732s] Level 1:colcon.colcon_core.shell:create_environment_hook('ball_tracker', 'pythonpath')
[1.733s] INFO:colcon.colcon_core.shell:Creating environment hook '/home/neslisah/Documents/2023-2024Spring/ME462/MiniROS/dew_ws/install/ball_tracker/share/ball_tracker/hook/pythonpath.ps1'
[1.733s] INFO:colcon.colcon_core.shell:Creating environment descriptor '/home/neslisah/Documents/2023-2024Spring/ME462/MiniROS/dew_ws/install/ball_tracker/share/ball_tracker/hook/pythonpath.dsv'
[1.733s] INFO:colcon.colcon_core.shell:Creating environment hook '/home/neslisah/Documents/2023-2024Spring/ME462/MiniROS/dew_ws/install/ball_tracker/share/ball_tracker/hook/pythonpath.sh'
[1.733s] Level 1:colcon.colcon_core.environment:checking '/home/neslisah/Documents/2023-2024Spring/ME462/MiniROS/dew_ws/install/ball_tracker/bin'
[1.733s] Level 1:colcon.colcon_core.environment:create_environment_scripts_only(ball_tracker)
[1.734s] INFO:colcon.colcon_core.shell:Creating package script '/home/neslisah/Documents/2023-2024Spring/ME462/MiniROS/dew_ws/install/ball_tracker/share/ball_tracker/package.ps1'
[1.734s] INFO:colcon.colcon_core.shell:Creating package descriptor '/home/neslisah/Documents/2023-2024Spring/ME462/MiniROS/dew_ws/install/ball_tracker/share/ball_tracker/package.dsv'
[1.734s] INFO:colcon.colcon_core.shell:Creating package script '/home/neslisah/Documents/2023-2024Spring/ME462/MiniROS/dew_ws/install/ball_tracker/share/ball_tracker/package.sh'
[1.735s] INFO:colcon.colcon_core.shell:Creating package script '/home/neslisah/Documents/2023-2024Spring/ME462/MiniROS/dew_ws/install/ball_tracker/share/ball_tracker/package.bash'
[1.735s] INFO:colcon.colcon_core.shell:Creating package script '/home/neslisah/Documents/2023-2024Spring/ME462/MiniROS/dew_ws/install/ball_tracker/share/ball_tracker/package.zsh'
[1.735s] Level 1:colcon.colcon_core.environment:create_file_with_runtime_dependencies(/home/neslisah/Documents/2023-2024Spring/ME462/MiniROS/dew_ws/install/ball_tracker/share/colcon-core/packages/ball_tracker)
[1.736s] Level 1:colcon.colcon_core.shell:create_environment_hook('aruco_tracker', 'pythonpath_develop')
[1.736s] INFO:colcon.colcon_core.shell:Creating environment hook '/home/neslisah/Documents/2023-2024Spring/ME462/MiniROS/dew_ws/build/aruco_tracker/share/aruco_tracker/hook/pythonpath_develop.ps1'
[1.736s] DEBUG:colcon.colcon_core.event_handler.log_command:Invoked command in '/home/neslisah/Documents/2023-2024Spring/ME462/MiniROS/dew_ws/build/aruco_tracker' returned '0': PYTHONPATH=/home/neslisah/Documents/2023-2024Spring/ME462/MiniROS/dew_ws/build/aruco_tracker/prefix_override:/usr/lib/python3/dist-packages/colcon_core/task/python/colcon_distutils_commands:/home/neslisah/Documents/2023-2024Spring/ME462/MiniROS/dew_ws/install/aruco_tracker/lib/python3.10/site-packages:${PYTHONPATH} /usr/bin/python3 -W ignore:setup.py install is deprecated setup.py develop --editable --build-directory /home/neslisah/Documents/2023-2024Spring/ME462/MiniROS/dew_ws/build/aruco_tracker/build --no-deps symlink_data
[1.737s] INFO:colcon.colcon_core.shell:Creating environment descriptor '/home/neslisah/Documents/2023-2024Spring/ME462/MiniROS/dew_ws/build/aruco_tracker/share/aruco_tracker/hook/pythonpath_develop.dsv'
[1.737s] INFO:colcon.colcon_core.shell:Creating environment hook '/home/neslisah/Documents/2023-2024Spring/ME462/MiniROS/dew_ws/build/aruco_tracker/share/aruco_tracker/hook/pythonpath_develop.sh'
[1.737s] Level 1:colcon.colcon_core.environment:checking '/home/neslisah/Documents/2023-2024Spring/ME462/MiniROS/dew_ws/install/aruco_tracker' for CMake module files
[1.737s] Level 1:colcon.colcon_core.environment:checking '/home/neslisah/Documents/2023-2024Spring/ME462/MiniROS/dew_ws/install/aruco_tracker' for CMake config files
[1.738s] Level 1:colcon.colcon_core.environment:checking '/home/neslisah/Documents/2023-2024Spring/ME462/MiniROS/dew_ws/install/aruco_tracker/lib'
[1.738s] Level 1:colcon.colcon_core.environment:checking '/home/neslisah/Documents/2023-2024Spring/ME462/MiniROS/dew_ws/install/aruco_tracker/bin'
[1.738s] Level 1:colcon.colcon_core.environment:checking '/home/neslisah/Documents/2023-2024Spring/ME462/MiniROS/dew_ws/install/aruco_tracker/lib/pkgconfig/aruco_tracker.pc'
[1.738s] Level 1:colcon.colcon_core.environment:checking '/home/neslisah/Documents/2023-2024Spring/ME462/MiniROS/dew_ws/install/aruco_tracker/lib/python3.10/site-packages'
[1.738s] Level 1:colcon.colcon_core.shell:create_environment_hook('aruco_tracker', 'pythonpath')
[1.738s] INFO:colcon.colcon_core.shell:Creating environment hook '/home/neslisah/Documents/2023-2024Spring/ME462/MiniROS/dew_ws/install/aruco_tracker/share/aruco_tracker/hook/pythonpath.ps1'
[1.738s] INFO:colcon.colcon_core.shell:Creating environment descriptor '/home/neslisah/Documents/2023-2024Spring/ME462/MiniROS/dew_ws/install/aruco_tracker/share/aruco_tracker/hook/pythonpath.dsv'
[1.739s] INFO:colcon.colcon_core.shell:Creating environment hook '/home/neslisah/Documents/2023-2024Spring/ME462/MiniROS/dew_ws/install/aruco_tracker/share/aruco_tracker/hook/pythonpath.sh'
[1.739s] Level 1:colcon.colcon_core.environment:checking '/home/neslisah/Documents/2023-2024Spring/ME462/MiniROS/dew_ws/install/aruco_tracker/bin'
[1.739s] Level 1:colcon.colcon_core.environment:create_environment_scripts_only(aruco_tracker)
[1.739s] INFO:colcon.colcon_core.shell:Creating package script '/home/neslisah/Documents/2023-2024Spring/ME462/MiniROS/dew_ws/install/aruco_tracker/share/aruco_tracker/package.ps1'
[1.740s] INFO:colcon.colcon_core.shell:Creating package descriptor '/home/neslisah/Documents/2023-2024Spring/ME462/MiniROS/dew_ws/install/aruco_tracker/share/aruco_tracker/package.dsv'
[1.740s] INFO:colcon.colcon_core.shell:Creating package script '/home/neslisah/Documents/2023-2024Spring/ME462/MiniROS/dew_ws/install/aruco_tracker/share/aruco_tracker/package.sh'
[1.740s] INFO:colcon.colcon_core.shell:Creating package script '/home/neslisah/Documents/2023-2024Spring/ME462/MiniROS/dew_ws/install/aruco_tracker/share/aruco_tracker/package.bash'
[1.740s] INFO:colcon.colcon_core.shell:Creating package script '/home/neslisah/Documents/2023-2024Spring/ME462/MiniROS/dew_ws/install/aruco_tracker/share/aruco_tracker/package.zsh'
[1.740s] Level 1:colcon.colcon_core.environment:create_file_with_runtime_dependencies(/home/neslisah/Documents/2023-2024Spring/ME462/MiniROS/dew_ws/install/aruco_tracker/share/colcon-core/packages/aruco_tracker)
[1.741s] DEBUG:colcon.colcon_parallel_executor.executor.parallel:closing loop
[1.741s] DEBUG:colcon.colcon_parallel_executor.executor.parallel:loop closed
[1.741s] DEBUG:colcon.colcon_parallel_executor.executor.parallel:run_until_complete finished with '0'
[1.741s] DEBUG:colcon.colcon_core.event_reactor:joining thread
[1.745s] INFO:colcon.colcon_core.plugin_system:Skipping extension 'colcon_notification.desktop_notification.terminal_notifier': Not used on non-Darwin systems
[1.745s] INFO:colcon.colcon_core.plugin_system:Skipping extension 'colcon_notification.desktop_notification.win32': Not used on non-Windows systems
[1.745s] INFO:colcon.colcon_notification.desktop_notification:Sending desktop notification using 'notify2'
[1.756s] DEBUG:colcon.colcon_core.event_reactor:joined thread
[1.756s] INFO:colcon.colcon_core.shell:Creating prefix script '/home/neslisah/Documents/2023-2024Spring/ME462/MiniROS/dew_ws/install/local_setup.ps1'
[1.756s] INFO:colcon.colcon_core.shell:Creating prefix util module '/home/neslisah/Documents/2023-2024Spring/ME462/MiniROS/dew_ws/install/_local_setup_util_ps1.py'
[1.757s] INFO:colcon.colcon_core.shell:Creating prefix chain script '/home/neslisah/Documents/2023-2024Spring/ME462/MiniROS/dew_ws/install/setup.ps1'
[1.758s] INFO:colcon.colcon_core.shell:Creating prefix script '/home/neslisah/Documents/2023-2024Spring/ME462/MiniROS/dew_ws/install/local_setup.sh'
[1.758s] INFO:colcon.colcon_core.shell:Creating prefix util module '/home/neslisah/Documents/2023-2024Spring/ME462/MiniROS/dew_ws/install/_local_setup_util_sh.py'
[1.759s] INFO:colcon.colcon_core.shell:Creating prefix chain script '/home/neslisah/Documents/2023-2024Spring/ME462/MiniROS/dew_ws/install/setup.sh'
[1.759s] INFO:colcon.colcon_core.shell:Creating prefix script '/home/neslisah/Documents/2023-2024Spring/ME462/MiniROS/dew_ws/install/local_setup.bash'
[1.759s] INFO:colcon.colcon_core.shell:Creating prefix chain script '/home/neslisah/Documents/2023-2024Spring/ME462/MiniROS/dew_ws/install/setup.bash'
[1.760s] INFO:colcon.colcon_core.shell:Creating prefix script '/home/neslisah/Documents/2023-2024Spring/ME462/MiniROS/dew_ws/install/local_setup.zsh'
[1.760s] INFO:colcon.colcon_core.shell:Creating prefix chain script '/home/neslisah/Documents/2023-2024Spring/ME462/MiniROS/dew_ws/install/setup.zsh'
