[9.065s] Invoking command in '/home/mini/MiniROS/dew_ws/build/ball_tracker': PYTHONPATH=/home/mini/MiniROS/dew_ws/build/ball_tracker/prefix_override:/usr/lib/python3/dist-packages/colcon_core/task/python/colcon_distutils_commands:/home/mini/MiniROS/dew_ws/install/ball_tracker/lib/python3.10/site-packages:${PYTHONPATH} /usr/bin/python3 -W ignore:setup.py install is deprecated setup.py develop --editable --build-directory /home/mini/MiniROS/dew_ws/build/ball_tracker/build --no-deps symlink_data
[11.487s] /usr/lib/python3/dist-packages/setuptools/dist.py:723: UserWarning: Usage of dash-separated 'script-dir' will not be supported in future versions. Please use the underscore name 'script_dir' instead
[11.488s]   warnings.warn(
[11.736s] running develop
[11.749s] /usr/lib/python3/dist-packages/setuptools/command/easy_install.py:158: EasyInstallDeprecationWarning: easy_install command is deprecated. Use build and pip and other standards-based tools.
[11.750s]   warnings.warn(
[13.470s] running egg_info
[13.472s] creating ball_tracker.egg-info
[13.479s] writing ball_tracker.egg-info/PKG-INFO
[13.484s] writing dependency_links to ball_tracker.egg-info/dependency_links.txt
[13.487s] writing entry points to ball_tracker.egg-info/entry_points.txt
[13.489s] writing requirements to ball_tracker.egg-info/requires.txt
[13.491s] writing top-level names to ball_tracker.egg-info/top_level.txt
[13.494s] writing manifest file 'ball_tracker.egg-info/SOURCES.txt'
[13.505s] reading manifest file 'ball_tracker.egg-info/SOURCES.txt'
[13.510s] writing manifest file 'ball_tracker.egg-info/SOURCES.txt'
[13.520s] running build_ext
[13.523s] Creating /home/mini/MiniROS/dew_ws/install/ball_tracker/lib/python3.10/site-packages/ball-tracker.egg-link (link to .)
[13.529s] Installing detect_ball script to /home/mini/MiniROS/dew_ws/install/ball_tracker/lib/ball_tracker
[13.531s] Installing detect_ball_3d script to /home/mini/MiniROS/dew_ws/install/ball_tracker/lib/ball_tracker
[13.533s] Installing follow_ball script to /home/mini/MiniROS/dew_ws/install/ball_tracker/lib/ball_tracker
[13.536s] 
[13.537s] Installed /home/mini/MiniROS/dew_ws/build/ball_tracker
[13.539s] running symlink_data
[13.541s] creating /home/mini/MiniROS/dew_ws/install/ball_tracker/share/ament_index
[13.542s] creating /home/mini/MiniROS/dew_ws/install/ball_tracker/share/ament_index/resource_index
[13.544s] creating /home/mini/MiniROS/dew_ws/install/ball_tracker/share/ament_index/resource_index/packages
[13.546s] symbolically linking /home/mini/MiniROS/dew_ws/build/ball_tracker/resource/ball_tracker -> /home/mini/MiniROS/dew_ws/install/ball_tracker/share/ament_index/resource_index/packages
[13.549s] symbolically linking /home/mini/MiniROS/dew_ws/build/ball_tracker/package.xml -> /home/mini/MiniROS/dew_ws/install/ball_tracker/share/ball_tracker
[13.551s] creating /home/mini/MiniROS/dew_ws/install/ball_tracker/share/ball_tracker/launch
[13.553s] symbolically linking /home/mini/MiniROS/dew_ws/build/ball_tracker/launch/ball_tracker.launch.py -> /home/mini/MiniROS/dew_ws/install/ball_tracker/share/ball_tracker/launch
[13.555s] symbolically linking /home/mini/MiniROS/dew_ws/build/ball_tracker/launch/example_launch_include.launch.py -> /home/mini/MiniROS/dew_ws/install/ball_tracker/share/ball_tracker/launch
[13.557s] creating /home/mini/MiniROS/dew_ws/install/ball_tracker/share/ball_tracker/config
[13.560s] symbolically linking /home/mini/MiniROS/dew_ws/build/ball_tracker/config/ball_tracker_params_example.yaml -> /home/mini/MiniROS/dew_ws/install/ball_tracker/share/ball_tracker/config
[13.841s] Invoked command in '/home/mini/MiniROS/dew_ws/build/ball_tracker' returned '0': PYTHONPATH=/home/mini/MiniROS/dew_ws/build/ball_tracker/prefix_override:/usr/lib/python3/dist-packages/colcon_core/task/python/colcon_distutils_commands:/home/mini/MiniROS/dew_ws/install/ball_tracker/lib/python3.10/site-packages:${PYTHONPATH} /usr/bin/python3 -W ignore:setup.py install is deprecated setup.py develop --editable --build-directory /home/mini/MiniROS/dew_ws/build/ball_tracker/build --no-deps symlink_data
