[1.990s] Invoking command in '/home/neslisah/Documents/2023-2024Spring/ME462/MiniROS/dew_ws/build/mini_control': PYTHONPATH=/home/neslisah/Documents/2023-2024Spring/ME462/MiniROS/dew_ws/build/mini_control/prefix_override:/home/neslisah/Documents/2023-2024Spring/ME462/MiniROS/dew_ws/install/mini_control/lib/python3.10/site-packages:${PYTHONPATH} /usr/bin/python3 -W ignore:setup.py install is deprecated setup.py develop --editable --build-directory /home/neslisah/Documents/2023-2024Spring/ME462/MiniROS/dew_ws/build/mini_control/build --no-deps symlink_data
[2.591s] running develop
[2.931s] running egg_info
[2.931s] creating mini_control.egg-info
[2.931s] writing mini_control.egg-info/PKG-INFO
[2.932s] writing dependency_links to mini_control.egg-info/dependency_links.txt
[2.932s] writing entry points to mini_control.egg-info/entry_points.txt
[2.932s] writing requirements to mini_control.egg-info/requires.txt
[2.932s] writing top-level names to mini_control.egg-info/top_level.txt
[2.932s] writing manifest file 'mini_control.egg-info/SOURCES.txt'
[2.937s] reading manifest file 'mini_control.egg-info/SOURCES.txt'
[2.938s] writing manifest file 'mini_control.egg-info/SOURCES.txt'
[2.940s] running build_ext
[2.940s] Creating /home/neslisah/Documents/2023-2024Spring/ME462/MiniROS/dew_ws/install/mini_control/lib/python3.10/site-packages/mini-control.egg-link (link to .)
[2.941s] Installing bumper script to /home/neslisah/Documents/2023-2024Spring/ME462/MiniROS/dew_ws/install/mini_control/lib/mini_control
[2.941s] Installing camera_test script to /home/neslisah/Documents/2023-2024Spring/ME462/MiniROS/dew_ws/install/mini_control/lib/mini_control
[2.941s] Installing emergency_button script to /home/neslisah/Documents/2023-2024Spring/ME462/MiniROS/dew_ws/install/mini_control/lib/mini_control
[2.941s] Installing improved_teleop_key script to /home/neslisah/Documents/2023-2024Spring/ME462/MiniROS/dew_ws/install/mini_control/lib/mini_control
[2.942s] Installing neopixel script to /home/neslisah/Documents/2023-2024Spring/ME462/MiniROS/dew_ws/install/mini_control/lib/mini_control
[2.942s] Installing pipe_read script to /home/neslisah/Documents/2023-2024Spring/ME462/MiniROS/dew_ws/install/mini_control/lib/mini_control
[2.942s] Installing pipe_write script to /home/neslisah/Documents/2023-2024Spring/ME462/MiniROS/dew_ws/install/mini_control/lib/mini_control
[2.942s] Installing velocity_node script to /home/neslisah/Documents/2023-2024Spring/ME462/MiniROS/dew_ws/install/mini_control/lib/mini_control
[2.942s] 
[2.942s] Installed /home/neslisah/Documents/2023-2024Spring/ME462/MiniROS/dew_ws/build/mini_control
[2.942s] running symlink_data
[2.942s] creating /home/neslisah/Documents/2023-2024Spring/ME462/MiniROS/dew_ws/install/mini_control/share/ament_index
[2.942s] creating /home/neslisah/Documents/2023-2024Spring/ME462/MiniROS/dew_ws/install/mini_control/share/ament_index/resource_index
[2.943s] creating /home/neslisah/Documents/2023-2024Spring/ME462/MiniROS/dew_ws/install/mini_control/share/ament_index/resource_index/packages
[2.943s] symbolically linking /home/neslisah/Documents/2023-2024Spring/ME462/MiniROS/dew_ws/build/mini_control/resource/mini_control -> /home/neslisah/Documents/2023-2024Spring/ME462/MiniROS/dew_ws/install/mini_control/share/ament_index/resource_index/packages
[2.944s] symbolically linking /home/neslisah/Documents/2023-2024Spring/ME462/MiniROS/dew_ws/build/mini_control/package.xml -> /home/neslisah/Documents/2023-2024Spring/ME462/MiniROS/dew_ws/install/mini_control/share/mini_control
[2.945s] creating /home/neslisah/Documents/2023-2024Spring/ME462/MiniROS/dew_ws/install/mini_control/share/mini_control/launch
[2.946s] symbolically linking /home/neslisah/Documents/2023-2024Spring/ME462/MiniROS/dew_ws/build/mini_control/launch/emergency_launch.py -> /home/neslisah/Documents/2023-2024Spring/ME462/MiniROS/dew_ws/install/mini_control/share/mini_control/launch
[3.198s] Invoked command in '/home/neslisah/Documents/2023-2024Spring/ME462/MiniROS/dew_ws/build/mini_control' returned '0': PYTHONPATH=/home/neslisah/Documents/2023-2024Spring/ME462/MiniROS/dew_ws/build/mini_control/prefix_override:/home/neslisah/Documents/2023-2024Spring/ME462/MiniROS/dew_ws/install/mini_control/lib/python3.10/site-packages:${PYTHONPATH} /usr/bin/python3 -W ignore:setup.py install is deprecated setup.py develop --editable --build-directory /home/neslisah/Documents/2023-2024Spring/ME462/MiniROS/dew_ws/build/mini_control/build --no-deps symlink_data
