[6.458s] Invoking command in '/home/mini/MiniROS/dew_ws/build/mini_control': PYTHONPATH=/home/mini/MiniROS/dew_ws/build/mini_control/prefix_override:/usr/lib/python3/dist-packages/colcon_core/task/python/colcon_distutils_commands:/home/mini/MiniROS/dew_ws/install/mini_control/lib/python3.10/site-packages:${PYTHONPATH} /usr/bin/python3 -W ignore:setup.py install is deprecated setup.py develop --editable --build-directory /home/mini/MiniROS/dew_ws/build/mini_control/build --no-deps symlink_data
[8.113s] running develop
[8.115s] /usr/lib/python3/dist-packages/setuptools/command/easy_install.py:158: EasyInstallDeprecationWarning: easy_install command is deprecated. Use build and pip and other standards-based tools.
[8.118s]   warnings.warn(
[9.321s] running egg_info
[9.323s] writing mini_control.egg-info/PKG-INFO
[9.326s] writing dependency_links to mini_control.egg-info/dependency_links.txt
[9.327s] writing entry points to mini_control.egg-info/entry_points.txt
[9.329s] writing requirements to mini_control.egg-info/requires.txt
[9.331s] writing top-level names to mini_control.egg-info/top_level.txt
[9.336s] reading manifest file 'mini_control.egg-info/SOURCES.txt'
[9.342s] writing manifest file 'mini_control.egg-info/SOURCES.txt'
[9.350s] running build_ext
[9.353s] Creating /home/mini/MiniROS/dew_ws/install/mini_control/lib/python3.10/site-packages/mini-control.egg-link (link to .)
[9.358s] Installing bumper script to /home/mini/MiniROS/dew_ws/install/mini_control/lib/mini_control
[9.359s] Installing camera_test script to /home/mini/MiniROS/dew_ws/install/mini_control/lib/mini_control
[9.361s] Installing emergency_button script to /home/mini/MiniROS/dew_ws/install/mini_control/lib/mini_control
[9.366s] Installing improved_teleop_key script to /home/mini/MiniROS/dew_ws/install/mini_control/lib/mini_control
[9.367s] Installing neopixel script to /home/mini/MiniROS/dew_ws/install/mini_control/lib/mini_control
[9.385s] Installing pipe_read script to /home/mini/MiniROS/dew_ws/install/mini_control/lib/mini_control
[9.387s] Installing pipe_write script to /home/mini/MiniROS/dew_ws/install/mini_control/lib/mini_control
[9.407s] Installing velocity_node script to /home/mini/MiniROS/dew_ws/install/mini_control/lib/mini_control
[9.409s] 
[9.411s] Installed /home/mini/MiniROS/dew_ws/build/mini_control
[9.413s] running symlink_data
