[5.556s] Invoking command in '/home/mini/MiniROS/dew_ws/build/mini_control': PYTHONPATH=/home/mini/MiniROS/dew_ws/build/mini_control/prefix_override:/usr/lib/python3/dist-packages/colcon_core/task/python/colcon_distutils_commands:/home/mini/MiniROS/dew_ws/install/mini_control/lib/python3.10/site-packages:${PYTHONPATH} /usr/bin/python3 -W ignore:setup.py install is deprecated setup.py develop --editable --build-directory /home/mini/MiniROS/dew_ws/build/mini_control/build --no-deps symlink_data
[7.233s] running develop
[7.236s] /usr/lib/python3/dist-packages/setuptools/command/easy_install.py:158: EasyInstallDeprecationWarning: easy_install command is deprecated. Use build and pip and other standards-based tools.
[7.237s]   warnings.warn(
[8.417s] running egg_info
[8.418s] writing mini_control.egg-info/PKG-INFO
[8.419s] writing dependency_links to mini_control.egg-info/dependency_links.txt
[8.420s] writing entry points to mini_control.egg-info/entry_points.txt
[8.421s] writing requirements to mini_control.egg-info/requires.txt
[8.422s] writing top-level names to mini_control.egg-info/top_level.txt
[8.432s] reading manifest file 'mini_control.egg-info/SOURCES.txt'
[8.437s] writing manifest file 'mini_control.egg-info/SOURCES.txt'
[8.444s] running build_ext
[8.445s] Creating /home/mini/MiniROS/dew_ws/install/mini_control/lib/python3.10/site-packages/mini-control.egg-link (link to .)
[8.451s] Installing bumper script to /home/mini/MiniROS/dew_ws/install/mini_control/lib/mini_control
[8.452s] Installing camera_test script to /home/mini/MiniROS/dew_ws/install/mini_control/lib/mini_control
[8.470s] Installing emergency_button script to /home/mini/MiniROS/dew_ws/install/mini_control/lib/mini_control
[8.474s] Installing improved_teleop_key script to /home/mini/MiniROS/dew_ws/install/mini_control/lib/mini_control
[8.477s] Installing neopixel script to /home/mini/MiniROS/dew_ws/install/mini_control/lib/mini_control
[8.480s] Installing pipe_read script to /home/mini/MiniROS/dew_ws/install/mini_control/lib/mini_control
[8.481s] Installing pipe_write script to /home/mini/MiniROS/dew_ws/install/mini_control/lib/mini_control
[8.482s] Installing velocity_node script to /home/mini/MiniROS/dew_ws/install/mini_control/lib/mini_control
[8.483s] 
[8.484s] Installed /home/mini/MiniROS/dew_ws/build/mini_control
[8.486s] running symlink_data
[8.682s] Invoked command in '/home/mini/MiniROS/dew_ws/build/mini_control' returned '0': PYTHONPATH=/home/mini/MiniROS/dew_ws/build/mini_control/prefix_override:/usr/lib/python3/dist-packages/colcon_core/task/python/colcon_distutils_commands:/home/mini/MiniROS/dew_ws/install/mini_control/lib/python3.10/site-packages:${PYTHONPATH} /usr/bin/python3 -W ignore:setup.py install is deprecated setup.py develop --editable --build-directory /home/mini/MiniROS/dew_ws/build/mini_control/build --no-deps symlink_data
