[3.133s] Invoking command in '/home/mini/MiniROS/dew_ws/build/mini_robot': CMAKE_PREFIX_PATH=${CMAKE_PREFIX_PATH}:/home/mini/MiniROS/dew_ws/install/mini_control:/home/mini/MiniROS/dew_ws/install/ball_tracker:/opt/ros/humble /usr/bin/cmake --build /home/mini/MiniROS/dew_ws/build/mini_robot -- -j4 -l4
[3.830s] Invoked command in '/home/mini/MiniROS/dew_ws/build/mini_robot' returned '0': CMAKE_PREFIX_PATH=${CMAKE_PREFIX_PATH}:/home/mini/MiniROS/dew_ws/install/mini_control:/home/mini/MiniROS/dew_ws/install/ball_tracker:/opt/ros/humble /usr/bin/cmake --build /home/mini/MiniROS/dew_ws/build/mini_robot -- -j4 -l4
[4.040s] Invoking command in '/home/mini/MiniROS/dew_ws/build/mini_robot': CMAKE_PREFIX_PATH=${CMAKE_PREFIX_PATH}:/home/mini/MiniROS/dew_ws/install/mini_control:/home/mini/MiniROS/dew_ws/install/ball_tracker:/opt/ros/humble /usr/bin/cmake --install /home/mini/MiniROS/dew_ws/build/mini_robot
[4.106s] -- Install configuration: ""
[4.111s] -- Execute custom install script
[4.121s] -- Up-to-date symlink: /home/mini/MiniROS/dew_ws/install/mini_robot/share/mini_robot/config/ball_tracker_params_robot.yaml
[4.127s] -- Up-to-date symlink: /home/mini/MiniROS/dew_ws/install/mini_robot/share/mini_robot/config/ball_tracker_params_sim.yaml
[4.133s] -- Up-to-date symlink: /home/mini/MiniROS/dew_ws/install/mini_robot/share/mini_robot/config/drive_bot.rviz
[4.144s] -- Up-to-date symlink: /home/mini/MiniROS/dew_ws/install/mini_robot/share/mini_robot/config/empty.yaml
[4.152s] -- Up-to-date symlink: /home/mini/MiniROS/dew_ws/install/mini_robot/share/mini_robot/config/gaz_ros2_ctl_use_sim.yaml
[4.158s] -- Up-to-date symlink: /home/mini/MiniROS/dew_ws/install/mini_robot/share/mini_robot/config/gazebo_params.yaml
[4.171s] -- Up-to-date symlink: /home/mini/MiniROS/dew_ws/install/mini_robot/share/mini_robot/config/joystick.yaml
[4.177s] -- Up-to-date symlink: /home/mini/MiniROS/dew_ws/install/mini_robot/share/mini_robot/config/main.rviz
[4.181s] -- Up-to-date symlink: /home/mini/MiniROS/dew_ws/install/mini_robot/share/mini_robot/config/map.rviz
[4.187s] -- Up-to-date symlink: /home/mini/MiniROS/dew_ws/install/mini_robot/share/mini_robot/config/mapper_params_online_async.yaml
[4.191s] -- Up-to-date symlink: /home/mini/MiniROS/dew_ws/install/mini_robot/share/mini_robot/config/my_controllers.yaml
[4.194s] -- Up-to-date symlink: /home/mini/MiniROS/dew_ws/install/mini_robot/share/mini_robot/config/nav2_params.yaml
[4.197s] -- Up-to-date symlink: /home/mini/MiniROS/dew_ws/install/mini_robot/share/mini_robot/config/twist_mux.yaml
[4.201s] -- Up-to-date symlink: /home/mini/MiniROS/dew_ws/install/mini_robot/share/mini_robot/config/view_bot.rviz
[4.204s] -- Up-to-date symlink: /home/mini/MiniROS/dew_ws/install/mini_robot/share/mini_robot/description/camera.xacro
[4.207s] -- Up-to-date symlink: /home/mini/MiniROS/dew_ws/install/mini_robot/share/mini_robot/description/gazebo_control.xacro
[4.211s] -- Up-to-date symlink: /home/mini/MiniROS/dew_ws/install/mini_robot/share/mini_robot/description/inertial_macros.xacro
[4.214s] -- Up-to-date symlink: /home/mini/MiniROS/dew_ws/install/mini_robot/share/mini_robot/description/lidar.xacro
[4.217s] -- Up-to-date symlink: /home/mini/MiniROS/dew_ws/install/mini_robot/share/mini_robot/description/robot.urdf.xacro
[4.221s] -- Up-to-date symlink: /home/mini/MiniROS/dew_ws/install/mini_robot/share/mini_robot/description/robot_core.xacro
[4.224s] -- Up-to-date symlink: /home/mini/MiniROS/dew_ws/install/mini_robot/share/mini_robot/description/ros2_control.xacro
[4.227s] -- Up-to-date symlink: /home/mini/MiniROS/dew_ws/install/mini_robot/share/mini_robot/launch/ball_tracker.launch.py
[4.231s] -- Up-to-date symlink: /home/mini/MiniROS/dew_ws/install/mini_robot/share/mini_robot/launch/camera.launch.py
[4.235s] -- Up-to-date symlink: /home/mini/MiniROS/dew_ws/install/mini_robot/share/mini_robot/launch/joystick.launch.py
[4.240s] -- Up-to-date symlink: /home/mini/MiniROS/dew_ws/install/mini_robot/share/mini_robot/launch/launch_robot.launch.py
[4.245s] -- Up-to-date symlink: /home/mini/MiniROS/dew_ws/install/mini_robot/share/mini_robot/launch/launch_sim.launch.py
[4.250s] -- Up-to-date symlink: /home/mini/MiniROS/dew_ws/install/mini_robot/share/mini_robot/launch/localization_launch.py
[4.254s] -- Up-to-date symlink: /home/mini/MiniROS/dew_ws/install/mini_robot/share/mini_robot/launch/navigation_launch.py
[4.257s] -- Up-to-date symlink: /home/mini/MiniROS/dew_ws/install/mini_robot/share/mini_robot/launch/online_async_launch.py
[4.261s] -- Up-to-date symlink: /home/mini/MiniROS/dew_ws/install/mini_robot/share/mini_robot/launch/rplidar.launch.py
[4.264s] -- Up-to-date symlink: /home/mini/MiniROS/dew_ws/install/mini_robot/share/mini_robot/launch/rsp.launch.py
[4.268s] -- Up-to-date symlink: /home/mini/MiniROS/dew_ws/install/mini_robot/share/mini_robot/worlds/empty.world
[4.271s] -- Up-to-date symlink: /home/mini/MiniROS/dew_ws/install/mini_robot/share/mini_robot/worlds/obstacles.world
[4.275s] -- Up-to-date symlink: /home/mini/MiniROS/dew_ws/install/mini_robot/share/ament_index/resource_index/package_run_dependencies/mini_robot
[4.279s] -- Up-to-date symlink: /home/mini/MiniROS/dew_ws/install/mini_robot/share/ament_index/resource_index/parent_prefix_path/mini_robot
[4.282s] -- Up-to-date symlink: /home/mini/MiniROS/dew_ws/install/mini_robot/share/mini_robot/environment/ament_prefix_path.sh
[4.287s] -- Up-to-date symlink: /home/mini/MiniROS/dew_ws/install/mini_robot/share/mini_robot/environment/ament_prefix_path.dsv
[4.290s] -- Up-to-date symlink: /home/mini/MiniROS/dew_ws/install/mini_robot/share/mini_robot/environment/path.sh
[4.293s] -- Up-to-date symlink: /home/mini/MiniROS/dew_ws/install/mini_robot/share/mini_robot/environment/path.dsv
[4.296s] -- Up-to-date symlink: /home/mini/MiniROS/dew_ws/install/mini_robot/share/mini_robot/local_setup.bash
[4.301s] -- Up-to-date symlink: /home/mini/MiniROS/dew_ws/install/mini_robot/share/mini_robot/local_setup.sh
[4.304s] -- Up-to-date symlink: /home/mini/MiniROS/dew_ws/install/mini_robot/share/mini_robot/local_setup.zsh
[4.307s] -- Up-to-date symlink: /home/mini/MiniROS/dew_ws/install/mini_robot/share/mini_robot/local_setup.dsv
[4.312s] -- Symlinking: /home/mini/MiniROS/dew_ws/install/mini_robot/share/mini_robot/package.dsv
[4.319s] -- Up-to-date symlink: /home/mini/MiniROS/dew_ws/install/mini_robot/share/ament_index/resource_index/packages/mini_robot
[4.327s] -- Up-to-date symlink: /home/mini/MiniROS/dew_ws/install/mini_robot/share/mini_robot/cmake/mini_robotConfig.cmake
[4.332s] -- Up-to-date symlink: /home/mini/MiniROS/dew_ws/install/mini_robot/share/mini_robot/cmake/mini_robotConfig-version.cmake
[4.339s] -- Up-to-date symlink: /home/mini/MiniROS/dew_ws/install/mini_robot/share/mini_robot/package.xml
[4.346s] Invoked command in '/home/mini/MiniROS/dew_ws/build/mini_robot' returned '0': CMAKE_PREFIX_PATH=${CMAKE_PREFIX_PATH}:/home/mini/MiniROS/dew_ws/install/mini_control:/home/mini/MiniROS/dew_ws/install/ball_tracker:/opt/ros/humble /usr/bin/cmake --install /home/mini/MiniROS/dew_ws/build/mini_robot
