[4.867s] Invoking command in '/home/mini/MiniROS/dew_ws/build/mini_robot': CMAKE_PREFIX_PATH=${CMAKE_PREFIX_PATH}:/home/mini/MiniROS/dew_ws/install/mini_control:/home/mini/MiniROS/dew_ws/install/ball_tracker:/home/mini/MiniROS/dew_ws/install/aruco_tracker:/home/mini/Downloads/MiniROSof/dew_ws/install/mini_control:/home/mini/Downloads/MiniROSof/dew_ws/install/ball_tracker:/home/mini/Downloads/MiniROSof/dew_ws/install/aruco_tracker:/opt/ros/humble /usr/bin/cmake --build /home/mini/MiniROS/dew_ws/build/mini_robot -- -j4 -l4
[5.492s] Invoked command in '/home/mini/MiniROS/dew_ws/build/mini_robot' returned '0': CMAKE_PREFIX_PATH=${CMAKE_PREFIX_PATH}:/home/mini/MiniROS/dew_ws/install/mini_control:/home/mini/MiniROS/dew_ws/install/ball_tracker:/home/mini/MiniROS/dew_ws/install/aruco_tracker:/home/mini/Downloads/MiniROSof/dew_ws/install/mini_control:/home/mini/Downloads/MiniROSof/dew_ws/install/ball_tracker:/home/mini/Downloads/MiniROSof/dew_ws/install/aruco_tracker:/opt/ros/humble /usr/bin/cmake --build /home/mini/MiniROS/dew_ws/build/mini_robot -- -j4 -l4
[5.710s] Invoking command in '/home/mini/MiniROS/dew_ws/build/mini_robot': CMAKE_PREFIX_PATH=${CMAKE_PREFIX_PATH}:/home/mini/MiniROS/dew_ws/install/mini_control:/home/mini/MiniROS/dew_ws/install/ball_tracker:/home/mini/MiniROS/dew_ws/install/aruco_tracker:/home/mini/Downloads/MiniROSof/dew_ws/install/mini_control:/home/mini/Downloads/MiniROSof/dew_ws/install/ball_tracker:/home/mini/Downloads/MiniROSof/dew_ws/install/aruco_tracker:/opt/ros/humble /usr/bin/cmake --install /home/mini/MiniROS/dew_ws/build/mini_robot
[5.760s] -- Install configuration: ""
[5.765s] -- Execute custom install script
[5.774s] -- Up-to-date symlink: /home/mini/MiniROS/dew_ws/install/mini_robot/share/mini_robot/config/ball_tracker_params_robot.yaml
[5.779s] -- Up-to-date symlink: /home/mini/MiniROS/dew_ws/install/mini_robot/share/mini_robot/config/ball_tracker_params_sim.yaml
[5.787s] -- Up-to-date symlink: /home/mini/MiniROS/dew_ws/install/mini_robot/share/mini_robot/config/drive_bot.rviz
[5.793s] -- Up-to-date symlink: /home/mini/MiniROS/dew_ws/install/mini_robot/share/mini_robot/config/empty.yaml
[5.798s] -- Up-to-date symlink: /home/mini/MiniROS/dew_ws/install/mini_robot/share/mini_robot/config/gazebo_params.yaml
[5.804s] -- Up-to-date symlink: /home/mini/MiniROS/dew_ws/install/mini_robot/share/mini_robot/config/joystick.yaml
[5.813s] -- Up-to-date symlink: /home/mini/MiniROS/dew_ws/install/mini_robot/share/mini_robot/config/main.rviz
[5.822s] -- Up-to-date symlink: /home/mini/MiniROS/dew_ws/install/mini_robot/share/mini_robot/config/twist_mux.yaml
[5.825s] -- Up-to-date symlink: /home/mini/MiniROS/dew_ws/install/mini_robot/share/mini_robot/config/view_bot.rviz
[5.828s] -- Up-to-date symlink: /home/mini/MiniROS/dew_ws/install/mini_robot/share/mini_robot/description/camera.xacro
[5.831s] -- Up-to-date symlink: /home/mini/MiniROS/dew_ws/install/mini_robot/share/mini_robot/description/gazebo_control.xacro
[5.835s] -- Up-to-date symlink: /home/mini/MiniROS/dew_ws/install/mini_robot/share/mini_robot/description/inertial_macros.xacro
[5.838s] -- Up-to-date symlink: /home/mini/MiniROS/dew_ws/install/mini_robot/share/mini_robot/description/robot.urdf.xacro
[5.841s] -- Up-to-date symlink: /home/mini/MiniROS/dew_ws/install/mini_robot/share/mini_robot/description/robot_core.xacro
[5.844s] -- Up-to-date symlink: /home/mini/MiniROS/dew_ws/install/mini_robot/share/mini_robot/launch/ball_tracker.launch.py
[5.847s] -- Up-to-date symlink: /home/mini/MiniROS/dew_ws/install/mini_robot/share/mini_robot/launch/joystick.launch.py
[5.850s] -- Up-to-date symlink: /home/mini/MiniROS/dew_ws/install/mini_robot/share/mini_robot/launch/launch_robot.launch.py
[5.853s] -- Up-to-date symlink: /home/mini/MiniROS/dew_ws/install/mini_robot/share/mini_robot/launch/launch_sim.launch.py
[5.856s] -- Up-to-date symlink: /home/mini/MiniROS/dew_ws/install/mini_robot/share/mini_robot/launch/letsStart.launch.py
[5.859s] -- Up-to-date symlink: /home/mini/MiniROS/dew_ws/install/mini_robot/share/mini_robot/launch/rsp.launch.py
[5.863s] -- Up-to-date symlink: /home/mini/MiniROS/dew_ws/install/mini_robot/share/mini_robot/worlds/aruco.world
[5.866s] -- Up-to-date symlink: /home/mini/MiniROS/dew_ws/install/mini_robot/share/mini_robot/worlds/empty.world
[5.869s] -- Up-to-date symlink: /home/mini/MiniROS/dew_ws/install/mini_robot/share/mini_robot/worlds/obstacles.world
[5.872s] -- Up-to-date symlink: /home/mini/MiniROS/dew_ws/install/mini_robot/share/ament_index/resource_index/package_run_dependencies/mini_robot
[5.876s] -- Up-to-date symlink: /home/mini/MiniROS/dew_ws/install/mini_robot/share/ament_index/resource_index/parent_prefix_path/mini_robot
[5.879s] -- Up-to-date symlink: /home/mini/MiniROS/dew_ws/install/mini_robot/share/mini_robot/environment/ament_prefix_path.sh
[5.884s] -- Up-to-date symlink: /home/mini/MiniROS/dew_ws/install/mini_robot/share/mini_robot/environment/ament_prefix_path.dsv
[5.888s] -- Up-to-date symlink: /home/mini/MiniROS/dew_ws/install/mini_robot/share/mini_robot/environment/path.sh
[5.892s] -- Up-to-date symlink: /home/mini/MiniROS/dew_ws/install/mini_robot/share/mini_robot/environment/path.dsv
[5.895s] -- Up-to-date symlink: /home/mini/MiniROS/dew_ws/install/mini_robot/share/mini_robot/local_setup.bash
[5.898s] -- Up-to-date symlink: /home/mini/MiniROS/dew_ws/install/mini_robot/share/mini_robot/local_setup.sh
[5.901s] -- Up-to-date symlink: /home/mini/MiniROS/dew_ws/install/mini_robot/share/mini_robot/local_setup.zsh
[5.904s] -- Up-to-date symlink: /home/mini/MiniROS/dew_ws/install/mini_robot/share/mini_robot/local_setup.dsv
[5.908s] -- Symlinking: /home/mini/MiniROS/dew_ws/install/mini_robot/share/mini_robot/package.dsv
[5.928s] -- Up-to-date symlink: /home/mini/MiniROS/dew_ws/install/mini_robot/share/ament_index/resource_index/packages/mini_robot
[5.933s] -- Up-to-date symlink: /home/mini/MiniROS/dew_ws/install/mini_robot/share/mini_robot/cmake/mini_robotConfig.cmake
[5.937s] -- Up-to-date symlink: /home/mini/MiniROS/dew_ws/install/mini_robot/share/mini_robot/cmake/mini_robotConfig-version.cmake
[5.940s] -- Up-to-date symlink: /home/mini/MiniROS/dew_ws/install/mini_robot/share/mini_robot/package.xml
[5.944s] Invoked command in '/home/mini/MiniROS/dew_ws/build/mini_robot' returned '0': CMAKE_PREFIX_PATH=${CMAKE_PREFIX_PATH}:/home/mini/MiniROS/dew_ws/install/mini_control:/home/mini/MiniROS/dew_ws/install/ball_tracker:/home/mini/MiniROS/dew_ws/install/aruco_tracker:/home/mini/Downloads/MiniROSof/dew_ws/install/mini_control:/home/mini/Downloads/MiniROSof/dew_ws/install/ball_tracker:/home/mini/Downloads/MiniROSof/dew_ws/install/aruco_tracker:/opt/ros/humble /usr/bin/cmake --install /home/mini/MiniROS/dew_ws/build/mini_robot
